<?xml version="1.0" encoding="UTF-8"?>
<testsuite name="com.kazale.pontointeligente.PontointeligenteApplicationTests" tests="1" skipped="0" failures="0" errors="0" timestamp="2017-10-28T14:46:01" hostname="Marcios-MacBook-Pro.local" time="0.003">
  <properties/>
  <testcase name="contextLoads" classname="com.kazale.pontointeligente.PontointeligenteApplicationTests" time="0.003"/>
  <system-out><![CDATA[2017-10-28 15:45:48.806  INFO 1147 --- [    Test worker] .b.t.c.SpringBootTestContextBootstrapper : Neither @ContextConfiguration nor @ContextHierarchy found for test class [com.kazale.pontointeligente.PontointeligenteApplicationTests], using SpringBootContextLoader
2017-10-28 15:45:48.807  INFO 1147 --- [    Test worker] o.s.t.c.support.AbstractContextLoader    : Could not detect default resource locations for test class [com.kazale.pontointeligente.PontointeligenteApplicationTests]: no resource found for suffixes {-context.xml, Context.groovy}.
2017-10-28 15:45:48.808  INFO 1147 --- [    Test worker] t.c.s.AnnotationConfigContextLoaderUtils : Could not detect default configuration classes for test class [com.kazale.pontointeligente.PontointeligenteApplicationTests]: PontointeligenteApplicationTests does not declare any static, non-private, non-final, nested classes annotated with @Configuration.
2017-10-28 15:45:48.820  INFO 1147 --- [    Test worker] .b.t.c.SpringBootTestContextBootstrapper : Found @SpringBootConfiguration com.kazale.pontointeligente.PontointeligenteApplication for test class com.kazale.pontointeligente.PontointeligenteApplicationTests
2017-10-28 15:45:48.825  INFO 1147 --- [    Test worker] .b.t.c.SpringBootTestContextBootstrapper : Loaded default TestExecutionListener class names from location [META-INF/spring.factories]: [org.springframework.security.test.context.support.WithSecurityContextTestExecutionListener, org.springframework.boot.test.mock.mockito.MockitoTestExecutionListener, org.springframework.boot.test.mock.mockito.ResetMocksTestExecutionListener, org.springframework.boot.test.autoconfigure.restdocs.RestDocsTestExecutionListener, org.springframework.boot.test.autoconfigure.web.client.MockRestServiceServerResetTestExecutionListener, org.springframework.boot.test.autoconfigure.web.servlet.MockMvcPrintOnlyOnFailureTestExecutionListener, org.springframework.boot.test.autoconfigure.web.servlet.WebDriverTestExecutionListener, org.springframework.test.context.web.ServletTestExecutionListener, org.springframework.test.context.support.DirtiesContextBeforeModesTestExecutionListener, org.springframework.test.context.support.DependencyInjectionTestExecutionListener, org.springframework.test.context.support.DirtiesContextTestExecutionListener, org.springframework.test.context.transaction.TransactionalTestExecutionListener, org.springframework.test.context.jdbc.SqlScriptsTestExecutionListener]
2017-10-28 15:45:48.832  INFO 1147 --- [    Test worker] .b.t.c.SpringBootTestContextBootstrapper : Using TestExecutionListeners: [org.springframework.test.context.web.ServletTestExecutionListener@40279855, org.springframework.test.context.support.DirtiesContextBeforeModesTestExecutionListener@52fed7ad, org.springframework.boot.test.autoconfigure.SpringBootDependencyInjectionTestExecutionListener@3ab965c9, org.springframework.test.context.support.DirtiesContextTestExecutionListener@6fc5dc8f, org.springframework.test.context.transaction.TransactionalTestExecutionListener@135c1412, org.springframework.test.context.jdbc.SqlScriptsTestExecutionListener@373bfa6b, org.springframework.security.test.context.support.WithSecurityContextTestExecutionListener@465d5668, org.springframework.boot.test.autoconfigure.restdocs.RestDocsTestExecutionListener@7bddb88, org.springframework.boot.test.autoconfigure.web.client.MockRestServiceServerResetTestExecutionListener@7432b3e9, org.springframework.boot.test.mock.mockito.ResetMocksTestExecutionListener@1cb2e7a6, org.springframework.boot.test.mock.mockito.MockitoTestExecutionListener@30f00c4e, org.springframework.boot.test.autoconfigure.web.servlet.WebDriverTestExecutionListener@59f8f043, org.springframework.boot.test.autoconfigure.web.servlet.MockMvcPrintOnlyOnFailureTestExecutionListener@3834ad6e]

  .   ____          _            __ _ _
 /\\ / ___'_ __ _ _(_)_ __  __ _ \ \ \ \
( ( )\___ | '_ | '_| | '_ \/ _` | \ \ \ \
 \\/  ___)| |_)| | | | | || (_| |  ) ) ) )
  '  |____| .__|_| |_|_| |_\__, | / / / /
 =========|_|==============|___/=/_/_/_/
 :: Spring Boot ::        (v1.5.7.RELEASE)

2017-10-28 15:45:48.919  INFO 1147 --- [    Test worker] c.k.p.PontointeligenteApplicationTests   : Starting PontointeligenteApplicationTests on Marcios-MacBook-Pro.local with PID 1147 (started by marciosouza in /Users/marciosouza/Desktop/curso-kotlin/pontointeligente)
2017-10-28 15:45:48.921  INFO 1147 --- [    Test worker] c.k.p.PontointeligenteApplicationTests   : No active profile set, falling back to default profiles: default
2017-10-28 15:45:48.926  INFO 1147 --- [    Test worker] o.s.w.c.s.GenericWebApplicationContext   : Refreshing org.springframework.web.context.support.GenericWebApplicationContext@186ab05f: startup date [Sat Oct 28 15:45:48 BST 2017]; root of context hierarchy
2017-10-28 15:45:51.451  INFO 1147 --- [      Thread-14] o.s.b.a.mongo.embedded.EmbeddedMongo     : note: noprealloc may hurt performance in many applications
2017-10-28 15:45:51.467  INFO 1147 --- [      Thread-14] o.s.b.a.mongo.embedded.EmbeddedMongo     : 2017-10-28T15:45:51.467+0100 I CONTROL  [initandlisten] MongoDB starting : pid=1151 port=53302 dbpath=/var/folders/r8/v7s8yy5x5t18vs6q6qbp6xp40000gn/T/embedmongo-db-b0be453d-10fe-456e-8484-135e0c66f845 64-bit host=Marcios-MacBook-Pro.local
2017-10-28 15:45:51.468  INFO 1147 --- [      Thread-14] o.s.b.a.mongo.embedded.EmbeddedMongo     : 2017-10-28T15:45:51.467+0100 I CONTROL  [initandlisten] db version v3.2.2
2017-10-28 15:45:51.468  INFO 1147 --- [      Thread-14] o.s.b.a.mongo.embedded.EmbeddedMongo     : 2017-10-28T15:45:51.467+0100 I CONTROL  [initandlisten] git version: 6e71d0d568e134c029203593b00a0103e7cdf30b
2017-10-28 15:45:51.468  INFO 1147 --- [      Thread-14] o.s.b.a.mongo.embedded.EmbeddedMongo     : 2017-10-28T15:45:51.467+0100 I CONTROL  [initandlisten] allocator: system
2017-10-28 15:45:51.468  INFO 1147 --- [      Thread-14] o.s.b.a.mongo.embedded.EmbeddedMongo     : 2017-10-28T15:45:51.467+0100 I CONTROL  [initandlisten] modules: none
2017-10-28 15:45:51.468  INFO 1147 --- [      Thread-14] o.s.b.a.mongo.embedded.EmbeddedMongo     : 2017-10-28T15:45:51.467+0100 I CONTROL  [initandlisten] build environment:
2017-10-28 15:45:51.468  INFO 1147 --- [      Thread-14] o.s.b.a.mongo.embedded.EmbeddedMongo     : 2017-10-28T15:45:51.467+0100 I CONTROL  [initandlisten]     distarch: x86_64
2017-10-28 15:45:51.469  INFO 1147 --- [      Thread-14] o.s.b.a.mongo.embedded.EmbeddedMongo     : 2017-10-28T15:45:51.467+0100 I CONTROL  [initandlisten]     target_arch: x86_64
2017-10-28 15:45:51.469  INFO 1147 --- [      Thread-14] o.s.b.a.mongo.embedded.EmbeddedMongo     : 2017-10-28T15:45:51.467+0100 I CONTROL  [initandlisten] options: { net: { bindIp: "127.0.0.1", http: { enabled: false }, port: 53302 }, security: { authorization: "disabled" }, storage: { dbPath: "/var/folders/r8/v7s8yy5x5t18vs6q6qbp6xp40000gn/T/embedmongo-db-b0be453d-10fe-456e-8484-135e0c66f845", journal: { enabled: false }, mmapv1: { preallocDataFiles: false, smallFiles: true }, syncPeriodSecs: 0.0 } }
2017-10-28 15:45:51.469  INFO 1147 --- [      Thread-14] o.s.b.a.mongo.embedded.EmbeddedMongo     : 2017-10-28T15:45:51.468+0100 I STORAGE  [initandlisten] wiredtiger_open config: create,cache_size=4G,session_max=20000,eviction=(threads_max=4),config_base=false,statistics=(fast),log=(enabled=true,archive=true,path=journal,compressor=snappy),file_manager=(close_idle_time=100000),checkpoint=(wait=0,log_size=2GB),statistics_log=(wait=0),,log=(enabled=false),
2017-10-28 15:45:55.044  INFO 1147 --- [      Thread-14] o.s.b.a.mongo.embedded.EmbeddedMongo     : 2017-10-28T15:45:55.043+0100 W STORAGE  [initandlisten] Detected configuration for non-active storage engine mmapv1 when current storage engine is wiredTiger
2017-10-28 15:45:55.044  INFO 1147 --- [      Thread-14] o.s.b.a.mongo.embedded.EmbeddedMongo     : 2017-10-28T15:45:55.044+0100 I NETWORK  [HostnameCanonicalizationWorker] Starting hostname canonicalization worker
2017-10-28 15:45:55.044  INFO 1147 --- [      Thread-14] o.s.b.a.mongo.embedded.EmbeddedMongo     : 2017-10-28T15:45:55.044+0100 I FTDC     [initandlisten] Initializing full-time diagnostic data capture with directory '/var/folders/r8/v7s8yy5x5t18vs6q6qbp6xp40000gn/T/embedmongo-db-b0be453d-10fe-456e-8484-135e0c66f845/diagnostic.data'
2017-10-28 15:45:56.656  INFO 1147 --- [      Thread-14] o.s.b.a.mongo.embedded.EmbeddedMongo     : 2017-10-28T15:45:56.656+0100 I NETWORK  [initandlisten] waiting for connections on port 53302
2017-10-28 15:45:56.656  INFO 1147 --- [    Test worker] d.f.embed.process.runtime.Executable     : start de.flapdoodle.embed.mongo.config.MongodConfigBuilder$ImmutableMongodConfig@7435c78
2017-10-28 15:45:56.666  INFO 1147 --- [    Test worker] org.mongodb.driver.cluster               : Cluster created with settings {hosts=[localhost:53302], mode=MULTIPLE, requiredClusterType=UNKNOWN, serverSelectionTimeout='30000 ms', maxWaitQueueSize=500}
2017-10-28 15:45:56.666  INFO 1147 --- [    Test worker] org.mongodb.driver.cluster               : Adding discovered server localhost:53302 to client view of cluster
2017-10-28 15:45:56.669  INFO 1147 --- [      Thread-14] o.s.b.a.mongo.embedded.EmbeddedMongo     : 2017-10-28T15:45:56.668+0100 I NETWORK  [initandlisten] connection accepted from 127.0.0.1:53309 #1 (1 connection now open)
2017-10-28 15:45:56.673  INFO 1147 --- [localhost:53302] org.mongodb.driver.connection            : Opened connection [connectionId{localValue:3, serverValue:1}] to localhost:53302
2017-10-28 15:45:56.674  INFO 1147 --- [localhost:53302] org.mongodb.driver.cluster               : Monitor thread successfully connected to server with description ServerDescription{address=localhost:53302, type=STANDALONE, state=CONNECTED, ok=true, version=ServerVersion{versionList=[3, 2, 2]}, minWireVersion=0, maxWireVersion=4, maxDocumentSize=16777216, roundTripTimeNanos=681976}
2017-10-28 15:45:56.675  INFO 1147 --- [localhost:53302] org.mongodb.driver.cluster               : Discovered cluster type of STANDALONE
2017-10-28 15:45:57.223  INFO 1147 --- [    Test worker] o.s.s.web.DefaultSecurityFilterChain     : Creating filter chain: org.springframework.security.web.util.matcher.AnyRequestMatcher@1, [org.springframework.security.web.context.request.async.WebAsyncManagerIntegrationFilter@66a02201, org.springframework.security.web.context.SecurityContextPersistenceFilter@4035d01f, org.springframework.security.web.header.HeaderWriterFilter@5114c587, org.springframework.security.web.authentication.logout.LogoutFilter@6de4d8e7, org.springframework.security.web.authentication.www.BasicAuthenticationFilter@38c68fa3, org.springframework.security.web.savedrequest.RequestCacheAwareFilter@7959cf9c, org.springframework.security.web.servletapi.SecurityContextHolderAwareRequestFilter@e1605cd, org.springframework.security.web.authentication.AnonymousAuthenticationFilter@34d56021, org.springframework.security.web.session.SessionManagementFilter@2438e525, org.springframework.security.web.access.ExceptionTranslationFilter@22837ac7, org.springframework.security.web.access.intercept.FilterSecurityInterceptor@4143d3df]
2017-10-28 15:45:57.620  INFO 1147 --- [    Test worker] s.w.s.m.m.a.RequestMappingHandlerAdapter : Looking for @ControllerAdvice: org.springframework.web.context.support.GenericWebApplicationContext@186ab05f: startup date [Sat Oct 28 15:45:48 BST 2017]; root of context hierarchy
2017-10-28 15:45:57.658  INFO 1147 --- [    Test worker] s.w.s.m.m.a.RequestMappingHandlerMapping : Mapped "{[/api/cadastrar-pf],methods=[POST]}" onto public org.springframework.http.ResponseEntity<com.kazale.pontointeligente.response.Response<com.kazale.pontointeligente.dtos.CadastroPFDto>> com.kazale.pontointeligente.controllers.CadastroPFController.cadastrar(com.kazale.pontointeligente.dtos.CadastroPFDto,org.springframework.validation.BindingResult)
2017-10-28 15:45:57.659  INFO 1147 --- [    Test worker] s.w.s.m.m.a.RequestMappingHandlerMapping : Mapped "{[/api/cadastrar-pj],methods=[POST]}" onto public org.springframework.http.ResponseEntity<com.kazale.pontointeligente.response.Response<com.kazale.pontointeligente.dtos.CadastroPJDto>> com.kazale.pontointeligente.controllers.CadastroPJController.cadastrar(com.kazale.pontointeligente.dtos.CadastroPJDto,org.springframework.validation.BindingResult)
2017-10-28 15:45:57.661  INFO 1147 --- [    Test worker] s.w.s.m.m.a.RequestMappingHandlerMapping : Mapped "{[/api/empresas/cnpj/{cnpj}],methods=[GET]}" onto public org.springframework.http.ResponseEntity<com.kazale.pontointeligente.response.Response<com.kazale.pontointeligente.dtos.EmpresaDto>> com.kazale.pontointeligente.controllers.EmpresaController.buscarPorCnpj(java.lang.String)
2017-10-28 15:45:57.662  INFO 1147 --- [    Test worker] s.w.s.m.m.a.RequestMappingHandlerMapping : Mapped "{[/api/funcionarios/{id}],methods=[PUT]}" onto public org.springframework.http.ResponseEntity<com.kazale.pontointeligente.response.Response<com.kazale.pontointeligente.dtos.FuncionarioDto>> com.kazale.pontointeligente.controllers.FuncionarioController.atualizar(java.lang.String,com.kazale.pontointeligente.dtos.FuncionarioDto,org.springframework.validation.BindingResult)
2017-10-28 15:45:57.665  INFO 1147 --- [    Test worker] s.w.s.m.m.a.RequestMappingHandlerMapping : Mapped "{[/api/lancamentos/{id}],methods=[DELETE]}" onto public org.springframework.http.ResponseEntity<com.kazale.pontointeligente.response.Response<java.lang.String>> com.kazale.pontointeligente.controllers.LancamentoController.remover(java.lang.String)
2017-10-28 15:45:57.666  INFO 1147 --- [    Test worker] s.w.s.m.m.a.RequestMappingHandlerMapping : Mapped "{[/api/lancamentos],methods=[POST]}" onto public org.springframework.http.ResponseEntity<com.kazale.pontointeligente.response.Response<com.kazale.pontointeligente.dtos.LancamentoDto>> com.kazale.pontointeligente.controllers.LancamentoController.adicionar(com.kazale.pontointeligente.dtos.LancamentoDto,org.springframework.validation.BindingResult)
2017-10-28 15:45:57.667  INFO 1147 --- [    Test worker] s.w.s.m.m.a.RequestMappingHandlerMapping : Mapped "{[/api/lancamentos/{id}],methods=[GET]}" onto public org.springframework.http.ResponseEntity<com.kazale.pontointeligente.response.Response<com.kazale.pontointeligente.dtos.LancamentoDto>> com.kazale.pontointeligente.controllers.LancamentoController.listarPorId(java.lang.String)
2017-10-28 15:45:57.667  INFO 1147 --- [    Test worker] s.w.s.m.m.a.RequestMappingHandlerMapping : Mapped "{[/api/lancamentos/funcionario/{funcionarioId}],methods=[GET]}" onto public org.springframework.http.ResponseEntity<com.kazale.pontointeligente.response.Response<org.springframework.data.domain.Page<com.kazale.pontointeligente.dtos.LancamentoDto>>> com.kazale.pontointeligente.controllers.LancamentoController.listarPorFuncionarioId(java.lang.String,int,java.lang.String,java.lang.String)
2017-10-28 15:45:57.668  INFO 1147 --- [    Test worker] s.w.s.m.m.a.RequestMappingHandlerMapping : Mapped "{[/api/lancamentos/{id}],methods=[PUT]}" onto public org.springframework.http.ResponseEntity<com.kazale.pontointeligente.response.Response<com.kazale.pontointeligente.dtos.LancamentoDto>> com.kazale.pontointeligente.controllers.LancamentoController.atualizar(java.lang.String,com.kazale.pontointeligente.dtos.LancamentoDto,org.springframework.validation.BindingResult)
2017-10-28 15:45:57.670  INFO 1147 --- [    Test worker] s.w.s.m.m.a.RequestMappingHandlerMapping : Mapped "{[/error]}" onto public org.springframework.http.ResponseEntity<java.util.Map<java.lang.String, java.lang.Object>> org.springframework.boot.autoconfigure.web.BasicErrorController.error(javax.servlet.http.HttpServletRequest)
2017-10-28 15:45:57.670  INFO 1147 --- [    Test worker] s.w.s.m.m.a.RequestMappingHandlerMapping : Mapped "{[/error],produces=[text/html]}" onto public org.springframework.web.servlet.ModelAndView org.springframework.boot.autoconfigure.web.BasicErrorController.errorHtml(javax.servlet.http.HttpServletRequest,javax.servlet.http.HttpServletResponse)
2017-10-28 15:45:57.756  INFO 1147 --- [    Test worker] o.s.w.s.handler.SimpleUrlHandlerMapping  : Mapped URL path [/webjars/**] onto handler of type [class org.springframework.web.servlet.resource.ResourceHttpRequestHandler]
2017-10-28 15:45:57.756  INFO 1147 --- [    Test worker] o.s.w.s.handler.SimpleUrlHandlerMapping  : Mapped URL path [/**] onto handler of type [class org.springframework.web.servlet.resource.ResourceHttpRequestHandler]
2017-10-28 15:45:57.829  INFO 1147 --- [    Test worker] o.s.w.s.handler.SimpleUrlHandlerMapping  : Mapped URL path [/**/favicon.ico] onto handler of type [class org.springframework.web.servlet.resource.ResourceHttpRequestHandler]
2017-10-28 15:45:58.081  INFO 1147 --- [      Thread-14] o.s.b.a.mongo.embedded.EmbeddedMongo     : 2017-10-28T15:45:58.080+0100 I NETWORK  [initandlisten] connection accepted from 127.0.0.1:53310 #2 (2 connections now open)
2017-10-28 15:45:58.083  INFO 1147 --- [    Test worker] org.mongodb.driver.connection            : Opened connection [connectionId{localValue:4, serverValue:2}] to localhost:53302
2017-10-28 15:45:58.206  INFO 1147 --- [      Thread-14] o.s.b.a.mongo.embedded.EmbeddedMongo     : 2017-10-28T15:45:58.206+0100 I COMMAND  [conn2] command curso-kotlin.$cmd command: delete { delete: "empresa", ordered: false, deletes: [ { q: {}, limit: 0 } ] } keyUpdates:0 writeConflicts:0 numYields:0 reslen:40 locks:{ Global: { acquireCount: { r: 1, w: 1 } }, Database: { acquireCount: { w: 1 } } } protocol:op_query 117ms
2017-10-28 15:45:59.623  INFO 1147 --- [      Thread-14] o.s.b.a.mongo.embedded.EmbeddedMongo     : 2017-10-28T15:45:59.623+0100 I COMMAND  [conn2] command curso-kotlin.empresa command: insert { insert: "empresa", ordered: true, documents: [ { _id: ObjectId('59f49826e3f849047b31f3b6'), _class: "com.kazale.pontointeligente.documents.Empresa", razaoSocial: "Empresa", cnpj: "10443887000146" } ] } ninserted:1 keyUpdates:0 writeConflicts:0 numYields:0 reslen:40 locks:{ Global: { acquireCount: { r: 2, w: 2 } }, Database: { acquireCount: { w: 1, W: 1 } }, Collection: { acquireCount: { W: 1 } } } protocol:op_query 1405ms
2017-10-28 15:46:01.114  INFO 1147 --- [      Thread-14] o.s.b.a.mongo.embedded.EmbeddedMongo     : 2017-10-28T15:46:01.114+0100 I COMMAND  [conn2] command curso-kotlin.funcionario command: insert { insert: "funcionario", ordered: true, documents: [ { _id: ObjectId('59f49827e3f849047b31f3b7'), _class: "com.kazale.pontointeligente.documents.Funcionario", nome: "Admin", email: "admin@empresa.com", senha: "$2a$10$V5ae8fOdmZsecQMtYD2K6esRXpGrLOS0his4FzxgfaBmw001inzSa", cpf: "25708317000", perfil: "ROLE_ADMIN", empresaId: "59f49826e3f849047b31f3b6", valorHora: 0.0, qtdHorasTrabalhoDia: 0.0, qtdHorasAlmoco: 0.0 } ] } ninserted:1 keyUpdates:0 writeConflicts:0 numYields:0 reslen:40 locks:{ Global: { acquireCount: { r: 2, w: 2 } }, Database: { acquireCount: { w: 1, W: 1 } }, Collection: { acquireCount: { w: 1, W: 1 } } } protocol:op_query 1392ms
Empresa ID: 59f49826e3f849047b31f3b6
Admin ID: 59f49827e3f849047b31f3b7
Funcionario ID: 59f49829e3f849047b31f3b8
2017-10-28 15:46:01.205  INFO 1147 --- [    Test worker] c.k.p.PontointeligenteApplicationTests   : Started PontointeligenteApplicationTests in 12.363 seconds (JVM running for 36.591)
]]></system-out>
  <system-err><![CDATA[]]></system-err>
</testsuite>
