<?xml version="1.0" encoding="UTF-8"?>
<testsuite name="com.kazale.pontointeligente.utils.SenhaUtilsTest" tests="1" skipped="0" failures="0" errors="0" timestamp="2017-10-28T14:46:54" hostname="Marcios-MacBook-Pro.local" time="0.17">
  <properties/>
  <testcase name="testGerarHashSenha" classname="com.kazale.pontointeligente.utils.SenhaUtilsTest" time="0.17"/>
  <system-out><![CDATA[]]></system-out>
  <system-err><![CDATA[]]></system-err>
</testsuite>
