<?xml version="1.0" encoding="UTF-8"?>
<testsuite name="com.kazale.pontointeligente.services.EmpresaServiceTest" tests="2" skipped="0" failures="2" errors="0" timestamp="2017-10-28T14:46:14" hostname="Marcios-MacBook-Pro.local" time="10.165">
  <properties/>
  <testcase name="testBuscarEmpresaPorCnpj" classname="com.kazale.pontointeligente.services.EmpresaServiceTest" time="0.003">
    <failure message="java.lang.IllegalStateException: Failed to load ApplicationContext" type="java.lang.IllegalStateException">java.lang.IllegalStateException: Failed to load ApplicationContext
	at org.springframework.test.context.cache.DefaultCacheAwareContextLoaderDelegate.loadContext(DefaultCacheAwareContextLoaderDelegate.java:124)
	at org.springframework.test.context.support.DefaultTestContext.getApplicationContext(DefaultTestContext.java:83)
	at org.springframework.test.context.web.ServletTestExecutionListener.setUpRequestContextIfNecessary(ServletTestExecutionListener.java:189)
	at org.springframework.test.context.web.ServletTestExecutionListener.prepareTestInstance(ServletTestExecutionListener.java:131)
	at org.springframework.test.context.TestContextManager.prepareTestInstance(TestContextManager.java:230)
	at org.springframework.test.context.junit4.SpringJUnit4ClassRunner.createTest(SpringJUnit4ClassRunner.java:228)
	at org.springframework.test.context.junit4.SpringJUnit4ClassRunner$1.runReflectiveCall(SpringJUnit4ClassRunner.java:287)
	at org.junit.internal.runners.model.ReflectiveCallable.run(ReflectiveCallable.java:12)
	at org.springframework.test.context.junit4.SpringJUnit4ClassRunner.methodBlock(SpringJUnit4ClassRunner.java:289)
	at org.springframework.test.context.junit4.SpringJUnit4ClassRunner.runChild(SpringJUnit4ClassRunner.java:247)
	at org.springframework.test.context.junit4.SpringJUnit4ClassRunner.runChild(SpringJUnit4ClassRunner.java:94)
	at org.junit.runners.ParentRunner$3.run(ParentRunner.java:290)
	at org.junit.runners.ParentRunner$1.schedule(ParentRunner.java:71)
	at org.junit.runners.ParentRunner.runChildren(ParentRunner.java:288)
	at org.junit.runners.ParentRunner.access$000(ParentRunner.java:58)
	at org.junit.runners.ParentRunner$2.evaluate(ParentRunner.java:268)
	at org.springframework.test.context.junit4.statements.RunBeforeTestClassCallbacks.evaluate(RunBeforeTestClassCallbacks.java:61)
	at org.springframework.test.context.junit4.statements.RunAfterTestClassCallbacks.evaluate(RunAfterTestClassCallbacks.java:70)
	at org.junit.runners.ParentRunner.run(ParentRunner.java:363)
	at org.springframework.test.context.junit4.SpringJUnit4ClassRunner.run(SpringJUnit4ClassRunner.java:191)
	at org.gradle.api.internal.tasks.testing.junit.JUnitTestClassExecuter.runTestClass(JUnitTestClassExecuter.java:114)
	at org.gradle.api.internal.tasks.testing.junit.JUnitTestClassExecuter.execute(JUnitTestClassExecuter.java:57)
	at org.gradle.api.internal.tasks.testing.junit.JUnitTestClassProcessor.processTestClass(JUnitTestClassProcessor.java:66)
	at org.gradle.api.internal.tasks.testing.SuiteTestClassProcessor.processTestClass(SuiteTestClassProcessor.java:51)
	at sun.reflect.NativeMethodAccessorImpl.invoke0(Native Method)
	at sun.reflect.NativeMethodAccessorImpl.invoke(NativeMethodAccessorImpl.java:62)
	at sun.reflect.DelegatingMethodAccessorImpl.invoke(DelegatingMethodAccessorImpl.java:43)
	at java.lang.reflect.Method.invoke(Method.java:497)
	at org.gradle.internal.dispatch.ReflectionDispatch.dispatch(ReflectionDispatch.java:35)
	at org.gradle.internal.dispatch.ReflectionDispatch.dispatch(ReflectionDispatch.java:24)
	at org.gradle.internal.dispatch.ContextClassLoaderDispatch.dispatch(ContextClassLoaderDispatch.java:32)
	at org.gradle.internal.dispatch.ProxyDispatchAdapter$DispatchingInvocationHandler.invoke(ProxyDispatchAdapter.java:93)
	at com.sun.proxy.$Proxy2.processTestClass(Unknown Source)
	at org.gradle.api.internal.tasks.testing.worker.TestWorker.processTestClass(TestWorker.java:109)
	at sun.reflect.NativeMethodAccessorImpl.invoke0(Native Method)
	at sun.reflect.NativeMethodAccessorImpl.invoke(NativeMethodAccessorImpl.java:62)
	at sun.reflect.DelegatingMethodAccessorImpl.invoke(DelegatingMethodAccessorImpl.java:43)
	at java.lang.reflect.Method.invoke(Method.java:497)
	at org.gradle.internal.dispatch.ReflectionDispatch.dispatch(ReflectionDispatch.java:35)
	at org.gradle.internal.dispatch.ReflectionDispatch.dispatch(ReflectionDispatch.java:24)
	at org.gradle.internal.remote.internal.hub.MessageHubBackedObjectConnection$DispatchWrapper.dispatch(MessageHubBackedObjectConnection.java:147)
	at org.gradle.internal.remote.internal.hub.MessageHubBackedObjectConnection$DispatchWrapper.dispatch(MessageHubBackedObjectConnection.java:129)
	at org.gradle.internal.remote.internal.hub.MessageHub$Handler.run(MessageHub.java:404)
	at org.gradle.internal.concurrent.ExecutorPolicy$CatchAndRecordFailures.onExecute(ExecutorPolicy.java:63)
	at org.gradle.internal.concurrent.StoppableExecutorImpl$1.run(StoppableExecutorImpl.java:46)
	at java.util.concurrent.ThreadPoolExecutor.runWorker(ThreadPoolExecutor.java:1142)
	at java.util.concurrent.ThreadPoolExecutor$Worker.run(ThreadPoolExecutor.java:617)
	at java.lang.Thread.run(Thread.java:745)
Caused by: java.lang.IllegalStateException: Failed to execute CommandLineRunner
	at org.springframework.boot.SpringApplication.callRunner(SpringApplication.java:735)
	at org.springframework.boot.SpringApplication.callRunners(SpringApplication.java:716)
	at org.springframework.boot.SpringApplication.afterRefresh(SpringApplication.java:703)
	at org.springframework.boot.SpringApplication.run(SpringApplication.java:304)
	at org.springframework.boot.test.context.SpringBootContextLoader.loadContext(SpringBootContextLoader.java:120)
	at org.springframework.test.context.cache.DefaultCacheAwareContextLoaderDelegate.loadContextInternal(DefaultCacheAwareContextLoaderDelegate.java:98)
	at org.springframework.test.context.cache.DefaultCacheAwareContextLoaderDelegate.loadContext(DefaultCacheAwareContextLoaderDelegate.java:116)
	... 47 more
Caused by: kotlin.KotlinNullPointerException
	at com.kazale.pontointeligente.PontointeligenteApplication.run(PontointeligenteApplication.kt:29)
	at org.springframework.boot.SpringApplication.callRunner(SpringApplication.java:732)
	... 53 more
</failure>
  </testcase>
  <testcase name="testPersistirEmpresa" classname="com.kazale.pontointeligente.services.EmpresaServiceTest" time="0.0">
    <failure message="java.lang.IllegalStateException: Failed to load ApplicationContext" type="java.lang.IllegalStateException">java.lang.IllegalStateException: Failed to load ApplicationContext
	at org.springframework.test.context.cache.DefaultCacheAwareContextLoaderDelegate.loadContext(DefaultCacheAwareContextLoaderDelegate.java:124)
	at org.springframework.test.context.support.DefaultTestContext.getApplicationContext(DefaultTestContext.java:83)
	at org.springframework.test.context.web.ServletTestExecutionListener.setUpRequestContextIfNecessary(ServletTestExecutionListener.java:189)
	at org.springframework.test.context.web.ServletTestExecutionListener.prepareTestInstance(ServletTestExecutionListener.java:131)
	at org.springframework.test.context.TestContextManager.prepareTestInstance(TestContextManager.java:230)
	at org.springframework.test.context.junit4.SpringJUnit4ClassRunner.createTest(SpringJUnit4ClassRunner.java:228)
	at org.springframework.test.context.junit4.SpringJUnit4ClassRunner$1.runReflectiveCall(SpringJUnit4ClassRunner.java:287)
	at org.junit.internal.runners.model.ReflectiveCallable.run(ReflectiveCallable.java:12)
	at org.springframework.test.context.junit4.SpringJUnit4ClassRunner.methodBlock(SpringJUnit4ClassRunner.java:289)
	at org.springframework.test.context.junit4.SpringJUnit4ClassRunner.runChild(SpringJUnit4ClassRunner.java:247)
	at org.springframework.test.context.junit4.SpringJUnit4ClassRunner.runChild(SpringJUnit4ClassRunner.java:94)
	at org.junit.runners.ParentRunner$3.run(ParentRunner.java:290)
	at org.junit.runners.ParentRunner$1.schedule(ParentRunner.java:71)
	at org.junit.runners.ParentRunner.runChildren(ParentRunner.java:288)
	at org.junit.runners.ParentRunner.access$000(ParentRunner.java:58)
	at org.junit.runners.ParentRunner$2.evaluate(ParentRunner.java:268)
	at org.springframework.test.context.junit4.statements.RunBeforeTestClassCallbacks.evaluate(RunBeforeTestClassCallbacks.java:61)
	at org.springframework.test.context.junit4.statements.RunAfterTestClassCallbacks.evaluate(RunAfterTestClassCallbacks.java:70)
	at org.junit.runners.ParentRunner.run(ParentRunner.java:363)
	at org.springframework.test.context.junit4.SpringJUnit4ClassRunner.run(SpringJUnit4ClassRunner.java:191)
	at org.gradle.api.internal.tasks.testing.junit.JUnitTestClassExecuter.runTestClass(JUnitTestClassExecuter.java:114)
	at org.gradle.api.internal.tasks.testing.junit.JUnitTestClassExecuter.execute(JUnitTestClassExecuter.java:57)
	at org.gradle.api.internal.tasks.testing.junit.JUnitTestClassProcessor.processTestClass(JUnitTestClassProcessor.java:66)
	at org.gradle.api.internal.tasks.testing.SuiteTestClassProcessor.processTestClass(SuiteTestClassProcessor.java:51)
	at sun.reflect.NativeMethodAccessorImpl.invoke0(Native Method)
	at sun.reflect.NativeMethodAccessorImpl.invoke(NativeMethodAccessorImpl.java:62)
	at sun.reflect.DelegatingMethodAccessorImpl.invoke(DelegatingMethodAccessorImpl.java:43)
	at java.lang.reflect.Method.invoke(Method.java:497)
	at org.gradle.internal.dispatch.ReflectionDispatch.dispatch(ReflectionDispatch.java:35)
	at org.gradle.internal.dispatch.ReflectionDispatch.dispatch(ReflectionDispatch.java:24)
	at org.gradle.internal.dispatch.ContextClassLoaderDispatch.dispatch(ContextClassLoaderDispatch.java:32)
	at org.gradle.internal.dispatch.ProxyDispatchAdapter$DispatchingInvocationHandler.invoke(ProxyDispatchAdapter.java:93)
	at com.sun.proxy.$Proxy2.processTestClass(Unknown Source)
	at org.gradle.api.internal.tasks.testing.worker.TestWorker.processTestClass(TestWorker.java:109)
	at sun.reflect.NativeMethodAccessorImpl.invoke0(Native Method)
	at sun.reflect.NativeMethodAccessorImpl.invoke(NativeMethodAccessorImpl.java:62)
	at sun.reflect.DelegatingMethodAccessorImpl.invoke(DelegatingMethodAccessorImpl.java:43)
	at java.lang.reflect.Method.invoke(Method.java:497)
	at org.gradle.internal.dispatch.ReflectionDispatch.dispatch(ReflectionDispatch.java:35)
	at org.gradle.internal.dispatch.ReflectionDispatch.dispatch(ReflectionDispatch.java:24)
	at org.gradle.internal.remote.internal.hub.MessageHubBackedObjectConnection$DispatchWrapper.dispatch(MessageHubBackedObjectConnection.java:147)
	at org.gradle.internal.remote.internal.hub.MessageHubBackedObjectConnection$DispatchWrapper.dispatch(MessageHubBackedObjectConnection.java:129)
	at org.gradle.internal.remote.internal.hub.MessageHub$Handler.run(MessageHub.java:404)
	at org.gradle.internal.concurrent.ExecutorPolicy$CatchAndRecordFailures.onExecute(ExecutorPolicy.java:63)
	at org.gradle.internal.concurrent.StoppableExecutorImpl$1.run(StoppableExecutorImpl.java:46)
	at java.util.concurrent.ThreadPoolExecutor.runWorker(ThreadPoolExecutor.java:1142)
	at java.util.concurrent.ThreadPoolExecutor$Worker.run(ThreadPoolExecutor.java:617)
	at java.lang.Thread.run(Thread.java:745)
Caused by: java.lang.IllegalStateException: Failed to execute CommandLineRunner
	at org.springframework.boot.SpringApplication.callRunner(SpringApplication.java:735)
	at org.springframework.boot.SpringApplication.callRunners(SpringApplication.java:716)
	at org.springframework.boot.SpringApplication.afterRefresh(SpringApplication.java:703)
	at org.springframework.boot.SpringApplication.run(SpringApplication.java:304)
	at org.springframework.boot.test.context.SpringBootContextLoader.loadContext(SpringBootContextLoader.java:120)
	at org.springframework.test.context.cache.DefaultCacheAwareContextLoaderDelegate.loadContextInternal(DefaultCacheAwareContextLoaderDelegate.java:98)
	at org.springframework.test.context.cache.DefaultCacheAwareContextLoaderDelegate.loadContext(DefaultCacheAwareContextLoaderDelegate.java:116)
	... 47 more
Caused by: kotlin.KotlinNullPointerException
	at com.kazale.pontointeligente.PontointeligenteApplication.run(PontointeligenteApplication.kt:29)
	at org.springframework.boot.SpringApplication.callRunner(SpringApplication.java:732)
	... 53 more
</failure>
  </testcase>
  <system-out><![CDATA[2017-10-28 15:46:01.216  INFO 1147 --- [    Test worker] .b.t.c.SpringBootTestContextBootstrapper : Neither @ContextConfiguration nor @ContextHierarchy found for test class [com.kazale.pontointeligente.services.EmpresaServiceTest], using SpringBootContextLoader
2017-10-28 15:46:01.217  INFO 1147 --- [    Test worker] o.s.t.c.support.AbstractContextLoader    : Could not detect default resource locations for test class [com.kazale.pontointeligente.services.EmpresaServiceTest]: no resource found for suffixes {-context.xml, Context.groovy}.
2017-10-28 15:46:01.217  INFO 1147 --- [    Test worker] t.c.s.AnnotationConfigContextLoaderUtils : Could not detect default configuration classes for test class [com.kazale.pontointeligente.services.EmpresaServiceTest]: EmpresaServiceTest does not declare any static, non-private, non-final, nested classes annotated with @Configuration.
2017-10-28 15:46:01.232  INFO 1147 --- [    Test worker] .b.t.c.SpringBootTestContextBootstrapper : Found @SpringBootConfiguration com.kazale.pontointeligente.PontointeligenteApplication for test class com.kazale.pontointeligente.services.EmpresaServiceTest
2017-10-28 15:46:01.236  INFO 1147 --- [    Test worker] .b.t.c.SpringBootTestContextBootstrapper : Loaded default TestExecutionListener class names from location [META-INF/spring.factories]: [org.springframework.security.test.context.support.WithSecurityContextTestExecutionListener, org.springframework.boot.test.mock.mockito.MockitoTestExecutionListener, org.springframework.boot.test.mock.mockito.ResetMocksTestExecutionListener, org.springframework.boot.test.autoconfigure.restdocs.RestDocsTestExecutionListener, org.springframework.boot.test.autoconfigure.web.client.MockRestServiceServerResetTestExecutionListener, org.springframework.boot.test.autoconfigure.web.servlet.MockMvcPrintOnlyOnFailureTestExecutionListener, org.springframework.boot.test.autoconfigure.web.servlet.WebDriverTestExecutionListener, org.springframework.test.context.web.ServletTestExecutionListener, org.springframework.test.context.support.DirtiesContextBeforeModesTestExecutionListener, org.springframework.test.context.support.DependencyInjectionTestExecutionListener, org.springframework.test.context.support.DirtiesContextTestExecutionListener, org.springframework.test.context.transaction.TransactionalTestExecutionListener, org.springframework.test.context.jdbc.SqlScriptsTestExecutionListener]
2017-10-28 15:46:01.238  INFO 1147 --- [    Test worker] .b.t.c.SpringBootTestContextBootstrapper : Using TestExecutionListeners: [org.springframework.test.context.web.ServletTestExecutionListener@6dec0ea5, org.springframework.test.context.support.DirtiesContextBeforeModesTestExecutionListener@7c4f4b38, org.springframework.boot.test.autoconfigure.SpringBootDependencyInjectionTestExecutionListener@57c3019d, org.springframework.test.context.support.DirtiesContextTestExecutionListener@67dcb91f, org.springframework.test.context.transaction.TransactionalTestExecutionListener@6ac81a67, org.springframework.test.context.jdbc.SqlScriptsTestExecutionListener@6cd88a8d, org.springframework.security.test.context.support.WithSecurityContextTestExecutionListener@23d8a162, org.springframework.boot.test.autoconfigure.restdocs.RestDocsTestExecutionListener@21cee047, org.springframework.boot.test.autoconfigure.web.client.MockRestServiceServerResetTestExecutionListener@bffcd3b, org.springframework.boot.test.mock.mockito.ResetMocksTestExecutionListener@23dbb22b, org.springframework.boot.test.mock.mockito.MockitoTestExecutionListener@456ed483, org.springframework.boot.test.autoconfigure.web.servlet.WebDriverTestExecutionListener@1374c8b1, org.springframework.boot.test.autoconfigure.web.servlet.MockMvcPrintOnlyOnFailureTestExecutionListener@669759f1]

  .   ____          _            __ _ _
 /\\ / ___'_ __ _ _(_)_ __  __ _ \ \ \ \
( ( )\___ | '_ | '_| | '_ \/ _` | \ \ \ \
 \\/  ___)| |_)| | | | | || (_| |  ) ) ) )
  '  |____| .__|_| |_|_| |_\__, | / / / /
 =========|_|==============|___/=/_/_/_/
 :: Spring Boot ::        (v1.5.7.RELEASE)

2017-10-28 15:46:01.305  INFO 1147 --- [    Test worker] c.k.p.services.EmpresaServiceTest        : Starting EmpresaServiceTest on Marcios-MacBook-Pro.local with PID 1147 (started by marciosouza in /Users/marciosouza/Desktop/curso-kotlin/pontointeligente)
2017-10-28 15:46:01.305  INFO 1147 --- [    Test worker] c.k.p.services.EmpresaServiceTest        : No active profile set, falling back to default profiles: default
2017-10-28 15:46:01.308  INFO 1147 --- [    Test worker] o.s.w.c.s.GenericWebApplicationContext   : Refreshing org.springframework.web.context.support.GenericWebApplicationContext@4b54f6d: startup date [Sat Oct 28 15:46:01 BST 2017]; root of context hierarchy
2017-10-28 15:46:04.822  INFO 1147 --- [      Thread-20] o.s.b.a.mongo.embedded.EmbeddedMongo     : note: noprealloc may hurt performance in many applications
2017-10-28 15:46:04.846  INFO 1147 --- [      Thread-20] o.s.b.a.mongo.embedded.EmbeddedMongo     : 2017-10-28T15:46:04.845+0100 I CONTROL  [initandlisten] MongoDB starting : pid=1153 port=53314 dbpath=/var/folders/r8/v7s8yy5x5t18vs6q6qbp6xp40000gn/T/embedmongo-db-a9e5f8f7-d520-420a-bd82-6a5a6c6db04c 64-bit host=Marcios-MacBook-Pro.local
2017-10-28 15:46:04.846  INFO 1147 --- [      Thread-20] o.s.b.a.mongo.embedded.EmbeddedMongo     : 2017-10-28T15:46:04.845+0100 I CONTROL  [initandlisten] db version v3.2.2
2017-10-28 15:46:04.846  INFO 1147 --- [      Thread-20] o.s.b.a.mongo.embedded.EmbeddedMongo     : 2017-10-28T15:46:04.846+0100 I CONTROL  [initandlisten] git version: 6e71d0d568e134c029203593b00a0103e7cdf30b
2017-10-28 15:46:04.846  INFO 1147 --- [      Thread-20] o.s.b.a.mongo.embedded.EmbeddedMongo     : 2017-10-28T15:46:04.846+0100 I CONTROL  [initandlisten] allocator: system
2017-10-28 15:46:04.846  INFO 1147 --- [      Thread-20] o.s.b.a.mongo.embedded.EmbeddedMongo     : 2017-10-28T15:46:04.846+0100 I CONTROL  [initandlisten] modules: none
2017-10-28 15:46:04.846  INFO 1147 --- [      Thread-20] o.s.b.a.mongo.embedded.EmbeddedMongo     : 2017-10-28T15:46:04.846+0100 I CONTROL  [initandlisten] build environment:
2017-10-28 15:46:04.846  INFO 1147 --- [      Thread-20] o.s.b.a.mongo.embedded.EmbeddedMongo     : 2017-10-28T15:46:04.846+0100 I CONTROL  [initandlisten]     distarch: x86_64
2017-10-28 15:46:04.847  INFO 1147 --- [      Thread-20] o.s.b.a.mongo.embedded.EmbeddedMongo     : 2017-10-28T15:46:04.846+0100 I CONTROL  [initandlisten]     target_arch: x86_64
2017-10-28 15:46:04.847  INFO 1147 --- [      Thread-20] o.s.b.a.mongo.embedded.EmbeddedMongo     : 2017-10-28T15:46:04.846+0100 I CONTROL  [initandlisten] options: { net: { bindIp: "127.0.0.1", http: { enabled: false }, port: 53314 }, security: { authorization: "disabled" }, storage: { dbPath: "/var/folders/r8/v7s8yy5x5t18vs6q6qbp6xp40000gn/T/embedmongo-db-a9e5f8f7-d520-420a-bd82-6a5a6c6db04c", journal: { enabled: false }, mmapv1: { preallocDataFiles: false, smallFiles: true }, syncPeriodSecs: 0.0 } }
2017-10-28 15:46:04.849  INFO 1147 --- [      Thread-20] o.s.b.a.mongo.embedded.EmbeddedMongo     : 2017-10-28T15:46:04.848+0100 I STORAGE  [initandlisten] wiredtiger_open config: create,cache_size=4G,session_max=20000,eviction=(threads_max=4),config_base=false,statistics=(fast),log=(enabled=true,archive=true,path=journal,compressor=snappy),file_manager=(close_idle_time=100000),checkpoint=(wait=0,log_size=2GB),statistics_log=(wait=0),,log=(enabled=false),
2017-10-28 15:46:09.227  INFO 1147 --- [      Thread-20] o.s.b.a.mongo.embedded.EmbeddedMongo     : 2017-10-28T15:46:09.227+0100 W STORAGE  [initandlisten] Detected configuration for non-active storage engine mmapv1 when current storage engine is wiredTiger
2017-10-28 15:46:09.317  INFO 1147 --- [      Thread-20] o.s.b.a.mongo.embedded.EmbeddedMongo     : 2017-10-28T15:46:09.316+0100 I NETWORK  [HostnameCanonicalizationWorker] Starting hostname canonicalization worker
2017-10-28 15:46:09.317  INFO 1147 --- [      Thread-20] o.s.b.a.mongo.embedded.EmbeddedMongo     : 2017-10-28T15:46:09.317+0100 I FTDC     [initandlisten] Initializing full-time diagnostic data capture with directory '/var/folders/r8/v7s8yy5x5t18vs6q6qbp6xp40000gn/T/embedmongo-db-a9e5f8f7-d520-420a-bd82-6a5a6c6db04c/diagnostic.data'
2017-10-28 15:46:11.075  INFO 1147 --- [      Thread-20] o.s.b.a.mongo.embedded.EmbeddedMongo     : 2017-10-28T15:46:11.075+0100 I NETWORK  [initandlisten] waiting for connections on port 53314
2017-10-28 15:46:11.075  INFO 1147 --- [    Test worker] d.f.embed.process.runtime.Executable     : start de.flapdoodle.embed.mongo.config.MongodConfigBuilder$ImmutableMongodConfig@31f2c22c
2017-10-28 15:46:11.085  INFO 1147 --- [    Test worker] org.mongodb.driver.cluster               : Cluster created with settings {hosts=[localhost:53314], mode=MULTIPLE, requiredClusterType=UNKNOWN, serverSelectionTimeout='30000 ms', maxWaitQueueSize=500}
2017-10-28 15:46:11.085  INFO 1147 --- [    Test worker] org.mongodb.driver.cluster               : Adding discovered server localhost:53314 to client view of cluster
2017-10-28 15:46:11.087  INFO 1147 --- [      Thread-20] o.s.b.a.mongo.embedded.EmbeddedMongo     : 2017-10-28T15:46:11.086+0100 I NETWORK  [initandlisten] connection accepted from 127.0.0.1:53323 #1 (1 connection now open)
2017-10-28 15:46:11.139  INFO 1147 --- [localhost:53314] org.mongodb.driver.connection            : Opened connection [connectionId{localValue:5, serverValue:1}] to localhost:53314
2017-10-28 15:46:11.141  INFO 1147 --- [localhost:53314] org.mongodb.driver.cluster               : Monitor thread successfully connected to server with description ServerDescription{address=localhost:53314, type=STANDALONE, state=CONNECTED, ok=true, version=ServerVersion{versionList=[3, 2, 2]}, minWireVersion=0, maxWireVersion=4, maxDocumentSize=16777216, roundTripTimeNanos=775110}
2017-10-28 15:46:11.142  INFO 1147 --- [localhost:53314] org.mongodb.driver.cluster               : Discovered cluster type of STANDALONE
2017-10-28 15:46:11.602  INFO 1147 --- [    Test worker] o.s.s.web.DefaultSecurityFilterChain     : Creating filter chain: org.springframework.security.web.util.matcher.AnyRequestMatcher@1, [org.springframework.security.web.context.request.async.WebAsyncManagerIntegrationFilter@22915090, org.springframework.security.web.context.SecurityContextPersistenceFilter@3bf6d14b, org.springframework.security.web.header.HeaderWriterFilter@6eff0d3f, org.springframework.security.web.authentication.logout.LogoutFilter@f903551, org.springframework.security.web.authentication.www.BasicAuthenticationFilter@15f090a8, org.springframework.security.web.savedrequest.RequestCacheAwareFilter@488923fc, org.springframework.security.web.servletapi.SecurityContextHolderAwareRequestFilter@5e095927, org.springframework.security.web.authentication.AnonymousAuthenticationFilter@241c3a0d, org.springframework.security.web.session.SessionManagementFilter@72b47f88, org.springframework.security.web.access.ExceptionTranslationFilter@5c45e920, org.springframework.security.web.access.intercept.FilterSecurityInterceptor@1916a022]
2017-10-28 15:46:11.921  INFO 1147 --- [    Test worker] s.w.s.m.m.a.RequestMappingHandlerAdapter : Looking for @ControllerAdvice: org.springframework.web.context.support.GenericWebApplicationContext@4b54f6d: startup date [Sat Oct 28 15:46:01 BST 2017]; root of context hierarchy
2017-10-28 15:46:11.960  INFO 1147 --- [    Test worker] s.w.s.m.m.a.RequestMappingHandlerMapping : Mapped "{[/api/cadastrar-pf],methods=[POST]}" onto public org.springframework.http.ResponseEntity<com.kazale.pontointeligente.response.Response<com.kazale.pontointeligente.dtos.CadastroPFDto>> com.kazale.pontointeligente.controllers.CadastroPFController.cadastrar(com.kazale.pontointeligente.dtos.CadastroPFDto,org.springframework.validation.BindingResult)
2017-10-28 15:46:11.961  INFO 1147 --- [    Test worker] s.w.s.m.m.a.RequestMappingHandlerMapping : Mapped "{[/api/cadastrar-pj],methods=[POST]}" onto public org.springframework.http.ResponseEntity<com.kazale.pontointeligente.response.Response<com.kazale.pontointeligente.dtos.CadastroPJDto>> com.kazale.pontointeligente.controllers.CadastroPJController.cadastrar(com.kazale.pontointeligente.dtos.CadastroPJDto,org.springframework.validation.BindingResult)
2017-10-28 15:46:11.964  INFO 1147 --- [    Test worker] s.w.s.m.m.a.RequestMappingHandlerMapping : Mapped "{[/api/empresas/cnpj/{cnpj}],methods=[GET]}" onto public org.springframework.http.ResponseEntity<com.kazale.pontointeligente.response.Response<com.kazale.pontointeligente.dtos.EmpresaDto>> com.kazale.pontointeligente.controllers.EmpresaController.buscarPorCnpj(java.lang.String)
2017-10-28 15:46:11.968  INFO 1147 --- [    Test worker] s.w.s.m.m.a.RequestMappingHandlerMapping : Mapped "{[/api/funcionarios/{id}],methods=[PUT]}" onto public org.springframework.http.ResponseEntity<com.kazale.pontointeligente.response.Response<com.kazale.pontointeligente.dtos.FuncionarioDto>> com.kazale.pontointeligente.controllers.FuncionarioController.atualizar(java.lang.String,com.kazale.pontointeligente.dtos.FuncionarioDto,org.springframework.validation.BindingResult)
2017-10-28 15:46:11.971  INFO 1147 --- [    Test worker] s.w.s.m.m.a.RequestMappingHandlerMapping : Mapped "{[/api/lancamentos/{id}],methods=[DELETE]}" onto public org.springframework.http.ResponseEntity<com.kazale.pontointeligente.response.Response<java.lang.String>> com.kazale.pontointeligente.controllers.LancamentoController.remover(java.lang.String)
2017-10-28 15:46:11.972  INFO 1147 --- [    Test worker] s.w.s.m.m.a.RequestMappingHandlerMapping : Mapped "{[/api/lancamentos],methods=[POST]}" onto public org.springframework.http.ResponseEntity<com.kazale.pontointeligente.response.Response<com.kazale.pontointeligente.dtos.LancamentoDto>> com.kazale.pontointeligente.controllers.LancamentoController.adicionar(com.kazale.pontointeligente.dtos.LancamentoDto,org.springframework.validation.BindingResult)
2017-10-28 15:46:11.973  INFO 1147 --- [    Test worker] s.w.s.m.m.a.RequestMappingHandlerMapping : Mapped "{[/api/lancamentos/{id}],methods=[GET]}" onto public org.springframework.http.ResponseEntity<com.kazale.pontointeligente.response.Response<com.kazale.pontointeligente.dtos.LancamentoDto>> com.kazale.pontointeligente.controllers.LancamentoController.listarPorId(java.lang.String)
2017-10-28 15:46:11.974  INFO 1147 --- [    Test worker] s.w.s.m.m.a.RequestMappingHandlerMapping : Mapped "{[/api/lancamentos/funcionario/{funcionarioId}],methods=[GET]}" onto public org.springframework.http.ResponseEntity<com.kazale.pontointeligente.response.Response<org.springframework.data.domain.Page<com.kazale.pontointeligente.dtos.LancamentoDto>>> com.kazale.pontointeligente.controllers.LancamentoController.listarPorFuncionarioId(java.lang.String,int,java.lang.String,java.lang.String)
2017-10-28 15:46:11.975  INFO 1147 --- [    Test worker] s.w.s.m.m.a.RequestMappingHandlerMapping : Mapped "{[/api/lancamentos/{id}],methods=[PUT]}" onto public org.springframework.http.ResponseEntity<com.kazale.pontointeligente.response.Response<com.kazale.pontointeligente.dtos.LancamentoDto>> com.kazale.pontointeligente.controllers.LancamentoController.atualizar(java.lang.String,com.kazale.pontointeligente.dtos.LancamentoDto,org.springframework.validation.BindingResult)
2017-10-28 15:46:11.978  INFO 1147 --- [    Test worker] s.w.s.m.m.a.RequestMappingHandlerMapping : Mapped "{[/error]}" onto public org.springframework.http.ResponseEntity<java.util.Map<java.lang.String, java.lang.Object>> org.springframework.boot.autoconfigure.web.BasicErrorController.error(javax.servlet.http.HttpServletRequest)
2017-10-28 15:46:11.979  INFO 1147 --- [    Test worker] s.w.s.m.m.a.RequestMappingHandlerMapping : Mapped "{[/error],produces=[text/html]}" onto public org.springframework.web.servlet.ModelAndView org.springframework.boot.autoconfigure.web.BasicErrorController.errorHtml(javax.servlet.http.HttpServletRequest,javax.servlet.http.HttpServletResponse)
2017-10-28 15:46:12.054  INFO 1147 --- [    Test worker] o.s.w.s.handler.SimpleUrlHandlerMapping  : Mapped URL path [/webjars/**] onto handler of type [class org.springframework.web.servlet.resource.ResourceHttpRequestHandler]
2017-10-28 15:46:12.054  INFO 1147 --- [    Test worker] o.s.w.s.handler.SimpleUrlHandlerMapping  : Mapped URL path [/**] onto handler of type [class org.springframework.web.servlet.resource.ResourceHttpRequestHandler]
2017-10-28 15:46:12.131  INFO 1147 --- [    Test worker] o.s.w.s.handler.SimpleUrlHandlerMapping  : Mapped URL path [/**/favicon.ico] onto handler of type [class org.springframework.web.servlet.resource.ResourceHttpRequestHandler]
2017-10-28 15:46:12.416  INFO 1147 --- [      Thread-20] o.s.b.a.mongo.embedded.EmbeddedMongo     : 2017-10-28T15:46:12.416+0100 I NETWORK  [initandlisten] connection accepted from 127.0.0.1:53324 #2 (2 connections now open)
2017-10-28 15:46:12.418  INFO 1147 --- [    Test worker] org.mongodb.driver.connection            : Opened connection [connectionId{localValue:6, serverValue:2}] to localhost:53314
2017-10-28 15:46:12.582  INFO 1147 --- [    Test worker] utoConfigurationReportLoggingInitializer : 

Error starting ApplicationContext. To display the auto-configuration report re-run your application with 'debug' enabled.
2017-10-28 15:46:12.595 ERROR 1147 --- [    Test worker] o.s.boot.SpringApplication               : Application startup failed

java.lang.IllegalStateException: Failed to execute CommandLineRunner
	at org.springframework.boot.SpringApplication.callRunner(SpringApplication.java:735) ~[spring-boot-1.5.7.RELEASE.jar:1.5.7.RELEASE]
	at org.springframework.boot.SpringApplication.callRunners(SpringApplication.java:716) ~[spring-boot-1.5.7.RELEASE.jar:1.5.7.RELEASE]
	at org.springframework.boot.SpringApplication.afterRefresh(SpringApplication.java:703) ~[spring-boot-1.5.7.RELEASE.jar:1.5.7.RELEASE]
	at org.springframework.boot.SpringApplication.run(SpringApplication.java:304) ~[spring-boot-1.5.7.RELEASE.jar:1.5.7.RELEASE]
	at org.springframework.boot.test.context.SpringBootContextLoader.loadContext(SpringBootContextLoader.java:120) [spring-boot-test-1.5.7.RELEASE.jar:1.5.7.RELEASE]
	at org.springframework.test.context.cache.DefaultCacheAwareContextLoaderDelegate.loadContextInternal(DefaultCacheAwareContextLoaderDelegate.java:98) [spring-test-4.3.11.RELEASE.jar:4.3.11.RELEASE]
	at org.springframework.test.context.cache.DefaultCacheAwareContextLoaderDelegate.loadContext(DefaultCacheAwareContextLoaderDelegate.java:116) [spring-test-4.3.11.RELEASE.jar:4.3.11.RELEASE]
	at org.springframework.test.context.support.DefaultTestContext.getApplicationContext(DefaultTestContext.java:83) [spring-test-4.3.11.RELEASE.jar:4.3.11.RELEASE]
	at org.springframework.test.context.web.ServletTestExecutionListener.setUpRequestContextIfNecessary(ServletTestExecutionListener.java:189) [spring-test-4.3.11.RELEASE.jar:4.3.11.RELEASE]
	at org.springframework.test.context.web.ServletTestExecutionListener.prepareTestInstance(ServletTestExecutionListener.java:131) [spring-test-4.3.11.RELEASE.jar:4.3.11.RELEASE]
	at org.springframework.test.context.TestContextManager.prepareTestInstance(TestContextManager.java:230) [spring-test-4.3.11.RELEASE.jar:4.3.11.RELEASE]
	at org.springframework.test.context.junit4.SpringJUnit4ClassRunner.createTest(SpringJUnit4ClassRunner.java:228) [spring-test-4.3.11.RELEASE.jar:4.3.11.RELEASE]
	at org.springframework.test.context.junit4.SpringJUnit4ClassRunner$1.runReflectiveCall(SpringJUnit4ClassRunner.java:287) [spring-test-4.3.11.RELEASE.jar:4.3.11.RELEASE]
	at org.junit.internal.runners.model.ReflectiveCallable.run(ReflectiveCallable.java:12) [junit-4.12.jar:4.12]
	at org.springframework.test.context.junit4.SpringJUnit4ClassRunner.methodBlock(SpringJUnit4ClassRunner.java:289) [spring-test-4.3.11.RELEASE.jar:4.3.11.RELEASE]
	at org.springframework.test.context.junit4.SpringJUnit4ClassRunner.runChild(SpringJUnit4ClassRunner.java:247) [spring-test-4.3.11.RELEASE.jar:4.3.11.RELEASE]
	at org.springframework.test.context.junit4.SpringJUnit4ClassRunner.runChild(SpringJUnit4ClassRunner.java:94) [spring-test-4.3.11.RELEASE.jar:4.3.11.RELEASE]
	at org.junit.runners.ParentRunner$3.run(ParentRunner.java:290) [junit-4.12.jar:4.12]
	at org.junit.runners.ParentRunner$1.schedule(ParentRunner.java:71) [junit-4.12.jar:4.12]
	at org.junit.runners.ParentRunner.runChildren(ParentRunner.java:288) [junit-4.12.jar:4.12]
	at org.junit.runners.ParentRunner.access$000(ParentRunner.java:58) [junit-4.12.jar:4.12]
	at org.junit.runners.ParentRunner$2.evaluate(ParentRunner.java:268) [junit-4.12.jar:4.12]
	at org.springframework.test.context.junit4.statements.RunBeforeTestClassCallbacks.evaluate(RunBeforeTestClassCallbacks.java:61) [spring-test-4.3.11.RELEASE.jar:4.3.11.RELEASE]
	at org.springframework.test.context.junit4.statements.RunAfterTestClassCallbacks.evaluate(RunAfterTestClassCallbacks.java:70) [spring-test-4.3.11.RELEASE.jar:4.3.11.RELEASE]
	at org.junit.runners.ParentRunner.run(ParentRunner.java:363) [junit-4.12.jar:4.12]
	at org.springframework.test.context.junit4.SpringJUnit4ClassRunner.run(SpringJUnit4ClassRunner.java:191) [spring-test-4.3.11.RELEASE.jar:4.3.11.RELEASE]
	at org.gradle.api.internal.tasks.testing.junit.JUnitTestClassExecuter.runTestClass(JUnitTestClassExecuter.java:114) [gradle-testing-jvm-3.5.1.jar:3.5.1]
	at org.gradle.api.internal.tasks.testing.junit.JUnitTestClassExecuter.execute(JUnitTestClassExecuter.java:57) [gradle-testing-jvm-3.5.1.jar:3.5.1]
	at org.gradle.api.internal.tasks.testing.junit.JUnitTestClassProcessor.processTestClass(JUnitTestClassProcessor.java:66) [gradle-testing-jvm-3.5.1.jar:3.5.1]
	at org.gradle.api.internal.tasks.testing.SuiteTestClassProcessor.processTestClass(SuiteTestClassProcessor.java:51) [gradle-testing-base-3.5.1.jar:3.5.1]
	at sun.reflect.NativeMethodAccessorImpl.invoke0(Native Method) ~[na:1.8.0_45]
	at sun.reflect.NativeMethodAccessorImpl.invoke(NativeMethodAccessorImpl.java:62) ~[na:1.8.0_45]
	at sun.reflect.DelegatingMethodAccessorImpl.invoke(DelegatingMethodAccessorImpl.java:43) ~[na:1.8.0_45]
	at java.lang.reflect.Method.invoke(Method.java:497) ~[na:1.8.0_45]
	at org.gradle.internal.dispatch.ReflectionDispatch.dispatch(ReflectionDispatch.java:35) [gradle-messaging-3.5.1.jar:3.5.1]
	at org.gradle.internal.dispatch.ReflectionDispatch.dispatch(ReflectionDispatch.java:24) [gradle-messaging-3.5.1.jar:3.5.1]
	at org.gradle.internal.dispatch.ContextClassLoaderDispatch.dispatch(ContextClassLoaderDispatch.java:32) [gradle-messaging-3.5.1.jar:3.5.1]
	at org.gradle.internal.dispatch.ProxyDispatchAdapter$DispatchingInvocationHandler.invoke(ProxyDispatchAdapter.java:93) [gradle-messaging-3.5.1.jar:3.5.1]
	at com.sun.proxy.$Proxy2.processTestClass(Unknown Source) [na:na]
	at org.gradle.api.internal.tasks.testing.worker.TestWorker.processTestClass(TestWorker.java:109) [gradle-testing-base-3.5.1.jar:3.5.1]
	at sun.reflect.NativeMethodAccessorImpl.invoke0(Native Method) ~[na:1.8.0_45]
	at sun.reflect.NativeMethodAccessorImpl.invoke(NativeMethodAccessorImpl.java:62) ~[na:1.8.0_45]
	at sun.reflect.DelegatingMethodAccessorImpl.invoke(DelegatingMethodAccessorImpl.java:43) ~[na:1.8.0_45]
	at java.lang.reflect.Method.invoke(Method.java:497) ~[na:1.8.0_45]
	at org.gradle.internal.dispatch.ReflectionDispatch.dispatch(ReflectionDispatch.java:35) [gradle-messaging-3.5.1.jar:3.5.1]
	at org.gradle.internal.dispatch.ReflectionDispatch.dispatch(ReflectionDispatch.java:24) [gradle-messaging-3.5.1.jar:3.5.1]
	at org.gradle.internal.remote.internal.hub.MessageHubBackedObjectConnection$DispatchWrapper.dispatch(MessageHubBackedObjectConnection.java:147) [gradle-messaging-3.5.1.jar:3.5.1]
	at org.gradle.internal.remote.internal.hub.MessageHubBackedObjectConnection$DispatchWrapper.dispatch(MessageHubBackedObjectConnection.java:129) [gradle-messaging-3.5.1.jar:3.5.1]
	at org.gradle.internal.remote.internal.hub.MessageHub$Handler.run(MessageHub.java:404) [gradle-messaging-3.5.1.jar:3.5.1]
	at org.gradle.internal.concurrent.ExecutorPolicy$CatchAndRecordFailures.onExecute(ExecutorPolicy.java:63) [gradle-base-services-3.5.1.jar:3.5.1]
	at org.gradle.internal.concurrent.StoppableExecutorImpl$1.run(StoppableExecutorImpl.java:46) [gradle-base-services-3.5.1.jar:3.5.1]
	at java.util.concurrent.ThreadPoolExecutor.runWorker(ThreadPoolExecutor.java:1142) [na:1.8.0_45]
	at java.util.concurrent.ThreadPoolExecutor$Worker.run(ThreadPoolExecutor.java:617) [na:1.8.0_45]
	at java.lang.Thread.run(Thread.java:745) [na:1.8.0_45]
Caused by: kotlin.KotlinNullPointerException: null
	at com.kazale.pontointeligente.PontointeligenteApplication.run(PontointeligenteApplication.kt:29) ~[main/:na]
	at org.springframework.boot.SpringApplication.callRunner(SpringApplication.java:732) ~[spring-boot-1.5.7.RELEASE.jar:1.5.7.RELEASE]
	... 53 common frames omitted

2017-10-28 15:46:12.611  INFO 1147 --- [    Test worker] o.s.w.c.s.GenericWebApplicationContext   : Closing org.springframework.web.context.support.GenericWebApplicationContext@4b54f6d: startup date [Sat Oct 28 15:46:01 BST 2017]; root of context hierarchy
2017-10-28 15:46:12.616  INFO 1147 --- [    Test worker] org.mongodb.driver.connection            : Closed connection [connectionId{localValue:6, serverValue:2}] to localhost:53314 because the pool has been closed.
2017-10-28 15:46:12.619  INFO 1147 --- [      Thread-20] o.s.b.a.mongo.embedded.EmbeddedMongo     : 2017-10-28T15:46:12.619+0100 I NETWORK  [initandlisten] connection accepted from 127.0.0.1:53325 #3 (3 connections now open)
2017-10-28 15:46:12.652  INFO 1147 --- [      Thread-20] o.s.b.a.mongo.embedded.EmbeddedMongo     : 2017-10-28T15:46:12.652+0100 I COMMAND  [conn3] terminating, shutdown command received
2017-10-28 15:46:12.652  INFO 1147 --- [      Thread-20] o.s.b.a.mongo.embedded.EmbeddedMongo     : 2017-10-28T15:46:12.652+0100 I FTDC     [conn3] Shutting down full-time diagnostic data capture
2017-10-28 15:46:12.727  INFO 1147 --- [      Thread-20] o.s.b.a.mongo.embedded.EmbeddedMongo     : 2017-10-28T15:46:12.727+0100 I CONTROL  [conn3] now exiting
2017-10-28 15:46:12.727  INFO 1147 --- [      Thread-20] o.s.b.a.mongo.embedded.EmbeddedMongo     : 2017-10-28T15:46:12.727+0100 I NETWORK  [conn3] shutdown: going to close listening sockets...
2017-10-28 15:46:12.727  INFO 1147 --- [      Thread-20] o.s.b.a.mongo.embedded.EmbeddedMongo     : 2017-10-28T15:46:12.727+0100 I NETWORK  [conn3] closing listening socket: 5
2017-10-28 15:46:12.727  INFO 1147 --- [      Thread-20] o.s.b.a.mongo.embedded.EmbeddedMongo     : 2017-10-28T15:46:12.727+0100 I NETWORK  [conn3] closing listening socket: 6
2017-10-28 15:46:12.727  INFO 1147 --- [      Thread-20] o.s.b.a.mongo.embedded.EmbeddedMongo     : 2017-10-28T15:46:12.727+0100 I NETWORK  [conn3] removing socket file: /tmp/mongodb-53314.sock
2017-10-28 15:46:12.728  INFO 1147 --- [      Thread-20] o.s.b.a.mongo.embedded.EmbeddedMongo     : 2017-10-28T15:46:12.727+0100 I NETWORK  [conn3] shutdown: going to flush diaglog...
2017-10-28 15:46:12.728  INFO 1147 --- [      Thread-20] o.s.b.a.mongo.embedded.EmbeddedMongo     : 2017-10-28T15:46:12.727+0100 I NETWORK  [conn3] shutdown: going to close sockets...
2017-10-28 15:46:12.729  INFO 1147 --- [      Thread-20] o.s.b.a.mongo.embedded.EmbeddedMongo     : 2017-10-28T15:46:12.729+0100 I STORAGE  [conn3] WiredTigerKVEngine shutting down
2017-10-28 15:46:12.742  INFO 1147 --- [      Thread-20] o.s.b.a.mongo.embedded.EmbeddedMongo     : 2017-10-28T15:46:12.742+0100 I NETWORK  [conn2] end connection 127.0.0.1:53324 (2 connections now open)
2017-10-28 15:46:12.743  INFO 1147 --- [      Thread-20] o.s.b.a.mongo.embedded.EmbeddedMongo     : 2017-10-28T15:46:12.742+0100 I NETWORK  [conn1] end connection 127.0.0.1:53323 (2 connections now open)
2017-10-28 15:46:12.833  INFO 1147 --- [    Test worker] d.f.e.process.runtime.ProcessControl     : stopOrDestroyProcess: process hasn't exited 
2017-10-28 15:46:14.397 ERROR 1147 --- [    Test worker] o.s.test.context.TestContextManager      : Caught exception while allowing TestExecutionListener [org.springframework.test.context.web.ServletTestExecutionListener@6dec0ea5] to prepare test instance [com.kazale.pontointeligente.services.EmpresaServiceTest@3874433b]

java.lang.IllegalStateException: Failed to load ApplicationContext
	at org.springframework.test.context.cache.DefaultCacheAwareContextLoaderDelegate.loadContext(DefaultCacheAwareContextLoaderDelegate.java:124) ~[spring-test-4.3.11.RELEASE.jar:4.3.11.RELEASE]
	at org.springframework.test.context.support.DefaultTestContext.getApplicationContext(DefaultTestContext.java:83) ~[spring-test-4.3.11.RELEASE.jar:4.3.11.RELEASE]
	at org.springframework.test.context.web.ServletTestExecutionListener.setUpRequestContextIfNecessary(ServletTestExecutionListener.java:189) ~[spring-test-4.3.11.RELEASE.jar:4.3.11.RELEASE]
	at org.springframework.test.context.web.ServletTestExecutionListener.prepareTestInstance(ServletTestExecutionListener.java:131) ~[spring-test-4.3.11.RELEASE.jar:4.3.11.RELEASE]
	at org.springframework.test.context.TestContextManager.prepareTestInstance(TestContextManager.java:230) ~[spring-test-4.3.11.RELEASE.jar:4.3.11.RELEASE]
	at org.springframework.test.context.junit4.SpringJUnit4ClassRunner.createTest(SpringJUnit4ClassRunner.java:228) [spring-test-4.3.11.RELEASE.jar:4.3.11.RELEASE]
	at org.springframework.test.context.junit4.SpringJUnit4ClassRunner$1.runReflectiveCall(SpringJUnit4ClassRunner.java:287) [spring-test-4.3.11.RELEASE.jar:4.3.11.RELEASE]
	at org.junit.internal.runners.model.ReflectiveCallable.run(ReflectiveCallable.java:12) [junit-4.12.jar:4.12]
	at org.springframework.test.context.junit4.SpringJUnit4ClassRunner.methodBlock(SpringJUnit4ClassRunner.java:289) [spring-test-4.3.11.RELEASE.jar:4.3.11.RELEASE]
	at org.springframework.test.context.junit4.SpringJUnit4ClassRunner.runChild(SpringJUnit4ClassRunner.java:247) [spring-test-4.3.11.RELEASE.jar:4.3.11.RELEASE]
	at org.springframework.test.context.junit4.SpringJUnit4ClassRunner.runChild(SpringJUnit4ClassRunner.java:94) [spring-test-4.3.11.RELEASE.jar:4.3.11.RELEASE]
	at org.junit.runners.ParentRunner$3.run(ParentRunner.java:290) [junit-4.12.jar:4.12]
	at org.junit.runners.ParentRunner$1.schedule(ParentRunner.java:71) [junit-4.12.jar:4.12]
	at org.junit.runners.ParentRunner.runChildren(ParentRunner.java:288) [junit-4.12.jar:4.12]
	at org.junit.runners.ParentRunner.access$000(ParentRunner.java:58) [junit-4.12.jar:4.12]
	at org.junit.runners.ParentRunner$2.evaluate(ParentRunner.java:268) [junit-4.12.jar:4.12]
	at org.springframework.test.context.junit4.statements.RunBeforeTestClassCallbacks.evaluate(RunBeforeTestClassCallbacks.java:61) [spring-test-4.3.11.RELEASE.jar:4.3.11.RELEASE]
	at org.springframework.test.context.junit4.statements.RunAfterTestClassCallbacks.evaluate(RunAfterTestClassCallbacks.java:70) [spring-test-4.3.11.RELEASE.jar:4.3.11.RELEASE]
	at org.junit.runners.ParentRunner.run(ParentRunner.java:363) [junit-4.12.jar:4.12]
	at org.springframework.test.context.junit4.SpringJUnit4ClassRunner.run(SpringJUnit4ClassRunner.java:191) [spring-test-4.3.11.RELEASE.jar:4.3.11.RELEASE]
	at org.gradle.api.internal.tasks.testing.junit.JUnitTestClassExecuter.runTestClass(JUnitTestClassExecuter.java:114) [gradle-testing-jvm-3.5.1.jar:3.5.1]
	at org.gradle.api.internal.tasks.testing.junit.JUnitTestClassExecuter.execute(JUnitTestClassExecuter.java:57) [gradle-testing-jvm-3.5.1.jar:3.5.1]
	at org.gradle.api.internal.tasks.testing.junit.JUnitTestClassProcessor.processTestClass(JUnitTestClassProcessor.java:66) [gradle-testing-jvm-3.5.1.jar:3.5.1]
	at org.gradle.api.internal.tasks.testing.SuiteTestClassProcessor.processTestClass(SuiteTestClassProcessor.java:51) [gradle-testing-base-3.5.1.jar:3.5.1]
	at sun.reflect.NativeMethodAccessorImpl.invoke0(Native Method) ~[na:1.8.0_45]
	at sun.reflect.NativeMethodAccessorImpl.invoke(NativeMethodAccessorImpl.java:62) ~[na:1.8.0_45]
	at sun.reflect.DelegatingMethodAccessorImpl.invoke(DelegatingMethodAccessorImpl.java:43) ~[na:1.8.0_45]
	at java.lang.reflect.Method.invoke(Method.java:497) ~[na:1.8.0_45]
	at org.gradle.internal.dispatch.ReflectionDispatch.dispatch(ReflectionDispatch.java:35) [gradle-messaging-3.5.1.jar:3.5.1]
	at org.gradle.internal.dispatch.ReflectionDispatch.dispatch(ReflectionDispatch.java:24) [gradle-messaging-3.5.1.jar:3.5.1]
	at org.gradle.internal.dispatch.ContextClassLoaderDispatch.dispatch(ContextClassLoaderDispatch.java:32) [gradle-messaging-3.5.1.jar:3.5.1]
	at org.gradle.internal.dispatch.ProxyDispatchAdapter$DispatchingInvocationHandler.invoke(ProxyDispatchAdapter.java:93) [gradle-messaging-3.5.1.jar:3.5.1]
	at com.sun.proxy.$Proxy2.processTestClass(Unknown Source) [na:na]
	at org.gradle.api.internal.tasks.testing.worker.TestWorker.processTestClass(TestWorker.java:109) [gradle-testing-base-3.5.1.jar:3.5.1]
	at sun.reflect.NativeMethodAccessorImpl.invoke0(Native Method) ~[na:1.8.0_45]
	at sun.reflect.NativeMethodAccessorImpl.invoke(NativeMethodAccessorImpl.java:62) ~[na:1.8.0_45]
	at sun.reflect.DelegatingMethodAccessorImpl.invoke(DelegatingMethodAccessorImpl.java:43) ~[na:1.8.0_45]
	at java.lang.reflect.Method.invoke(Method.java:497) ~[na:1.8.0_45]
	at org.gradle.internal.dispatch.ReflectionDispatch.dispatch(ReflectionDispatch.java:35) [gradle-messaging-3.5.1.jar:3.5.1]
	at org.gradle.internal.dispatch.ReflectionDispatch.dispatch(ReflectionDispatch.java:24) [gradle-messaging-3.5.1.jar:3.5.1]
	at org.gradle.internal.remote.internal.hub.MessageHubBackedObjectConnection$DispatchWrapper.dispatch(MessageHubBackedObjectConnection.java:147) [gradle-messaging-3.5.1.jar:3.5.1]
	at org.gradle.internal.remote.internal.hub.MessageHubBackedObjectConnection$DispatchWrapper.dispatch(MessageHubBackedObjectConnection.java:129) [gradle-messaging-3.5.1.jar:3.5.1]
	at org.gradle.internal.remote.internal.hub.MessageHub$Handler.run(MessageHub.java:404) [gradle-messaging-3.5.1.jar:3.5.1]
	at org.gradle.internal.concurrent.ExecutorPolicy$CatchAndRecordFailures.onExecute(ExecutorPolicy.java:63) [gradle-base-services-3.5.1.jar:3.5.1]
	at org.gradle.internal.concurrent.StoppableExecutorImpl$1.run(StoppableExecutorImpl.java:46) [gradle-base-services-3.5.1.jar:3.5.1]
	at java.util.concurrent.ThreadPoolExecutor.runWorker(ThreadPoolExecutor.java:1142) [na:1.8.0_45]
	at java.util.concurrent.ThreadPoolExecutor$Worker.run(ThreadPoolExecutor.java:617) [na:1.8.0_45]
	at java.lang.Thread.run(Thread.java:745) [na:1.8.0_45]
Caused by: java.lang.IllegalStateException: Failed to execute CommandLineRunner
	at org.springframework.boot.SpringApplication.callRunner(SpringApplication.java:735) ~[spring-boot-1.5.7.RELEASE.jar:1.5.7.RELEASE]
	at org.springframework.boot.SpringApplication.callRunners(SpringApplication.java:716) ~[spring-boot-1.5.7.RELEASE.jar:1.5.7.RELEASE]
	at org.springframework.boot.SpringApplication.afterRefresh(SpringApplication.java:703) ~[spring-boot-1.5.7.RELEASE.jar:1.5.7.RELEASE]
	at org.springframework.boot.SpringApplication.run(SpringApplication.java:304) ~[spring-boot-1.5.7.RELEASE.jar:1.5.7.RELEASE]
	at org.springframework.boot.test.context.SpringBootContextLoader.loadContext(SpringBootContextLoader.java:120) ~[spring-boot-test-1.5.7.RELEASE.jar:1.5.7.RELEASE]
	at org.springframework.test.context.cache.DefaultCacheAwareContextLoaderDelegate.loadContextInternal(DefaultCacheAwareContextLoaderDelegate.java:98) ~[spring-test-4.3.11.RELEASE.jar:4.3.11.RELEASE]
	at org.springframework.test.context.cache.DefaultCacheAwareContextLoaderDelegate.loadContext(DefaultCacheAwareContextLoaderDelegate.java:116) ~[spring-test-4.3.11.RELEASE.jar:4.3.11.RELEASE]
	... 47 common frames omitted
Caused by: kotlin.KotlinNullPointerException: null
	at com.kazale.pontointeligente.PontointeligenteApplication.run(PontointeligenteApplication.kt:29) ~[main/:na]
	at org.springframework.boot.SpringApplication.callRunner(SpringApplication.java:732) ~[spring-boot-1.5.7.RELEASE.jar:1.5.7.RELEASE]
	... 53 common frames omitted


  .   ____          _            __ _ _
 /\\ / ___'_ __ _ _(_)_ __  __ _ \ \ \ \
( ( )\___ | '_ | '_| | '_ \/ _` | \ \ \ \
 \\/  ___)| |_)| | | | | || (_| |  ) ) ) )
  '  |____| .__|_| |_|_| |_\__, | / / / /
 =========|_|==============|___/=/_/_/_/
 :: Spring Boot ::        (v1.5.7.RELEASE)

2017-10-28 15:46:14.637  INFO 1147 --- [    Test worker] c.k.p.services.EmpresaServiceTest        : Starting EmpresaServiceTest on Marcios-MacBook-Pro.local with PID 1147 (started by marciosouza in /Users/marciosouza/Desktop/curso-kotlin/pontointeligente)
2017-10-28 15:46:14.637  INFO 1147 --- [    Test worker] c.k.p.services.EmpresaServiceTest        : No active profile set, falling back to default profiles: default
2017-10-28 15:46:14.641  INFO 1147 --- [    Test worker] o.s.w.c.s.GenericWebApplicationContext   : Refreshing org.springframework.web.context.support.GenericWebApplicationContext@3a1f3bc0: startup date [Sat Oct 28 15:46:14 BST 2017]; root of context hierarchy
2017-10-28 15:46:16.501  INFO 1147 --- [      Thread-27] o.s.b.a.mongo.embedded.EmbeddedMongo     : note: noprealloc may hurt performance in many applications
2017-10-28 15:46:16.518  INFO 1147 --- [      Thread-27] o.s.b.a.mongo.embedded.EmbeddedMongo     : 2017-10-28T15:46:16.517+0100 I CONTROL  [initandlisten] MongoDB starting : pid=1154 port=53327 dbpath=/var/folders/r8/v7s8yy5x5t18vs6q6qbp6xp40000gn/T/embedmongo-db-dde851f3-2c5e-4eaa-9c1f-bdfdf689e66c 64-bit host=Marcios-MacBook-Pro.local
2017-10-28 15:46:16.518  INFO 1147 --- [      Thread-27] o.s.b.a.mongo.embedded.EmbeddedMongo     : 2017-10-28T15:46:16.518+0100 I CONTROL  [initandlisten] db version v3.2.2
2017-10-28 15:46:16.519  INFO 1147 --- [      Thread-27] o.s.b.a.mongo.embedded.EmbeddedMongo     : 2017-10-28T15:46:16.518+0100 I CONTROL  [initandlisten] git version: 6e71d0d568e134c029203593b00a0103e7cdf30b
2017-10-28 15:46:16.519  INFO 1147 --- [      Thread-27] o.s.b.a.mongo.embedded.EmbeddedMongo     : 2017-10-28T15:46:16.518+0100 I CONTROL  [initandlisten] allocator: system
2017-10-28 15:46:16.519  INFO 1147 --- [      Thread-27] o.s.b.a.mongo.embedded.EmbeddedMongo     : 2017-10-28T15:46:16.518+0100 I CONTROL  [initandlisten] modules: none
2017-10-28 15:46:16.519  INFO 1147 --- [      Thread-27] o.s.b.a.mongo.embedded.EmbeddedMongo     : 2017-10-28T15:46:16.518+0100 I CONTROL  [initandlisten] build environment:
2017-10-28 15:46:16.519  INFO 1147 --- [      Thread-27] o.s.b.a.mongo.embedded.EmbeddedMongo     : 2017-10-28T15:46:16.518+0100 I CONTROL  [initandlisten]     distarch: x86_64
2017-10-28 15:46:16.519  INFO 1147 --- [      Thread-27] o.s.b.a.mongo.embedded.EmbeddedMongo     : 2017-10-28T15:46:16.518+0100 I CONTROL  [initandlisten]     target_arch: x86_64
2017-10-28 15:46:16.519  INFO 1147 --- [      Thread-27] o.s.b.a.mongo.embedded.EmbeddedMongo     : 2017-10-28T15:46:16.518+0100 I CONTROL  [initandlisten] options: { net: { bindIp: "127.0.0.1", http: { enabled: false }, port: 53327 }, security: { authorization: "disabled" }, storage: { dbPath: "/var/folders/r8/v7s8yy5x5t18vs6q6qbp6xp40000gn/T/embedmongo-db-dde851f3-2c5e-4eaa-9c1f-bdfdf689e66c", journal: { enabled: false }, mmapv1: { preallocDataFiles: false, smallFiles: true }, syncPeriodSecs: 0.0 } }
2017-10-28 15:46:16.519  INFO 1147 --- [      Thread-27] o.s.b.a.mongo.embedded.EmbeddedMongo     : 2017-10-28T15:46:16.519+0100 I STORAGE  [initandlisten] wiredtiger_open config: create,cache_size=4G,session_max=20000,eviction=(threads_max=4),config_base=false,statistics=(fast),log=(enabled=true,archive=true,path=journal,compressor=snappy),file_manager=(close_idle_time=100000),checkpoint=(wait=0,log_size=2GB),statistics_log=(wait=0),,log=(enabled=false),
2017-10-28 15:46:20.008  INFO 1147 --- [      Thread-27] o.s.b.a.mongo.embedded.EmbeddedMongo     : 2017-10-28T15:46:20.008+0100 W STORAGE  [initandlisten] Detected configuration for non-active storage engine mmapv1 when current storage engine is wiredTiger
2017-10-28 15:46:20.009  INFO 1147 --- [      Thread-27] o.s.b.a.mongo.embedded.EmbeddedMongo     : 2017-10-28T15:46:20.009+0100 I NETWORK  [HostnameCanonicalizationWorker] Starting hostname canonicalization worker
2017-10-28 15:46:20.009  INFO 1147 --- [      Thread-27] o.s.b.a.mongo.embedded.EmbeddedMongo     : 2017-10-28T15:46:20.009+0100 I FTDC     [initandlisten] Initializing full-time diagnostic data capture with directory '/var/folders/r8/v7s8yy5x5t18vs6q6qbp6xp40000gn/T/embedmongo-db-dde851f3-2c5e-4eaa-9c1f-bdfdf689e66c/diagnostic.data'
2017-10-28 15:46:21.646  INFO 1147 --- [      Thread-27] o.s.b.a.mongo.embedded.EmbeddedMongo     : 2017-10-28T15:46:21.645+0100 I NETWORK  [initandlisten] waiting for connections on port 53327
2017-10-28 15:46:21.646  INFO 1147 --- [    Test worker] d.f.embed.process.runtime.Executable     : start de.flapdoodle.embed.mongo.config.MongodConfigBuilder$ImmutableMongodConfig@75214e1d
2017-10-28 15:46:21.654  INFO 1147 --- [    Test worker] org.mongodb.driver.cluster               : Cluster created with settings {hosts=[localhost:53327], mode=MULTIPLE, requiredClusterType=UNKNOWN, serverSelectionTimeout='30000 ms', maxWaitQueueSize=500}
2017-10-28 15:46:21.654  INFO 1147 --- [    Test worker] org.mongodb.driver.cluster               : Adding discovered server localhost:53327 to client view of cluster
2017-10-28 15:46:21.658  INFO 1147 --- [      Thread-27] o.s.b.a.mongo.embedded.EmbeddedMongo     : 2017-10-28T15:46:21.656+0100 I NETWORK  [initandlisten] connection accepted from 127.0.0.1:53328 #1 (1 connection now open)
2017-10-28 15:46:21.661  INFO 1147 --- [localhost:53327] org.mongodb.driver.connection            : Opened connection [connectionId{localValue:7, serverValue:1}] to localhost:53327
2017-10-28 15:46:21.662  INFO 1147 --- [localhost:53327] org.mongodb.driver.cluster               : Monitor thread successfully connected to server with description ServerDescription{address=localhost:53327, type=STANDALONE, state=CONNECTED, ok=true, version=ServerVersion{versionList=[3, 2, 2]}, minWireVersion=0, maxWireVersion=4, maxDocumentSize=16777216, roundTripTimeNanos=493816}
2017-10-28 15:46:21.663  INFO 1147 --- [localhost:53327] org.mongodb.driver.cluster               : Discovered cluster type of STANDALONE
2017-10-28 15:46:22.258  INFO 1147 --- [    Test worker] o.s.s.web.DefaultSecurityFilterChain     : Creating filter chain: org.springframework.security.web.util.matcher.AnyRequestMatcher@1, [org.springframework.security.web.context.request.async.WebAsyncManagerIntegrationFilter@6467e5ae, org.springframework.security.web.context.SecurityContextPersistenceFilter@62eb6636, org.springframework.security.web.header.HeaderWriterFilter@1cbb814, org.springframework.security.web.authentication.logout.LogoutFilter@1a537ed9, org.springframework.security.web.authentication.www.BasicAuthenticationFilter@664c1519, org.springframework.security.web.savedrequest.RequestCacheAwareFilter@6879a583, org.springframework.security.web.servletapi.SecurityContextHolderAwareRequestFilter@342ebb80, org.springframework.security.web.authentication.AnonymousAuthenticationFilter@3debb86e, org.springframework.security.web.session.SessionManagementFilter@21d1f04c, org.springframework.security.web.access.ExceptionTranslationFilter@27e5afbf, org.springframework.security.web.access.intercept.FilterSecurityInterceptor@46d7cf59]
2017-10-28 15:46:22.713  INFO 1147 --- [    Test worker] s.w.s.m.m.a.RequestMappingHandlerAdapter : Looking for @ControllerAdvice: org.springframework.web.context.support.GenericWebApplicationContext@3a1f3bc0: startup date [Sat Oct 28 15:46:14 BST 2017]; root of context hierarchy
2017-10-28 15:46:22.760  INFO 1147 --- [    Test worker] s.w.s.m.m.a.RequestMappingHandlerMapping : Mapped "{[/api/cadastrar-pf],methods=[POST]}" onto public org.springframework.http.ResponseEntity<com.kazale.pontointeligente.response.Response<com.kazale.pontointeligente.dtos.CadastroPFDto>> com.kazale.pontointeligente.controllers.CadastroPFController.cadastrar(com.kazale.pontointeligente.dtos.CadastroPFDto,org.springframework.validation.BindingResult)
2017-10-28 15:46:22.761  INFO 1147 --- [    Test worker] s.w.s.m.m.a.RequestMappingHandlerMapping : Mapped "{[/api/cadastrar-pj],methods=[POST]}" onto public org.springframework.http.ResponseEntity<com.kazale.pontointeligente.response.Response<com.kazale.pontointeligente.dtos.CadastroPJDto>> com.kazale.pontointeligente.controllers.CadastroPJController.cadastrar(com.kazale.pontointeligente.dtos.CadastroPJDto,org.springframework.validation.BindingResult)
2017-10-28 15:46:22.763  INFO 1147 --- [    Test worker] s.w.s.m.m.a.RequestMappingHandlerMapping : Mapped "{[/api/empresas/cnpj/{cnpj}],methods=[GET]}" onto public org.springframework.http.ResponseEntity<com.kazale.pontointeligente.response.Response<com.kazale.pontointeligente.dtos.EmpresaDto>> com.kazale.pontointeligente.controllers.EmpresaController.buscarPorCnpj(java.lang.String)
2017-10-28 15:46:22.764  INFO 1147 --- [    Test worker] s.w.s.m.m.a.RequestMappingHandlerMapping : Mapped "{[/api/funcionarios/{id}],methods=[PUT]}" onto public org.springframework.http.ResponseEntity<com.kazale.pontointeligente.response.Response<com.kazale.pontointeligente.dtos.FuncionarioDto>> com.kazale.pontointeligente.controllers.FuncionarioController.atualizar(java.lang.String,com.kazale.pontointeligente.dtos.FuncionarioDto,org.springframework.validation.BindingResult)
2017-10-28 15:46:22.767  INFO 1147 --- [    Test worker] s.w.s.m.m.a.RequestMappingHandlerMapping : Mapped "{[/api/lancamentos/{id}],methods=[DELETE]}" onto public org.springframework.http.ResponseEntity<com.kazale.pontointeligente.response.Response<java.lang.String>> com.kazale.pontointeligente.controllers.LancamentoController.remover(java.lang.String)
2017-10-28 15:46:22.768  INFO 1147 --- [    Test worker] s.w.s.m.m.a.RequestMappingHandlerMapping : Mapped "{[/api/lancamentos],methods=[POST]}" onto public org.springframework.http.ResponseEntity<com.kazale.pontointeligente.response.Response<com.kazale.pontointeligente.dtos.LancamentoDto>> com.kazale.pontointeligente.controllers.LancamentoController.adicionar(com.kazale.pontointeligente.dtos.LancamentoDto,org.springframework.validation.BindingResult)
2017-10-28 15:46:22.769  INFO 1147 --- [    Test worker] s.w.s.m.m.a.RequestMappingHandlerMapping : Mapped "{[/api/lancamentos/{id}],methods=[GET]}" onto public org.springframework.http.ResponseEntity<com.kazale.pontointeligente.response.Response<com.kazale.pontointeligente.dtos.LancamentoDto>> com.kazale.pontointeligente.controllers.LancamentoController.listarPorId(java.lang.String)
2017-10-28 15:46:22.769  INFO 1147 --- [    Test worker] s.w.s.m.m.a.RequestMappingHandlerMapping : Mapped "{[/api/lancamentos/funcionario/{funcionarioId}],methods=[GET]}" onto public org.springframework.http.ResponseEntity<com.kazale.pontointeligente.response.Response<org.springframework.data.domain.Page<com.kazale.pontointeligente.dtos.LancamentoDto>>> com.kazale.pontointeligente.controllers.LancamentoController.listarPorFuncionarioId(java.lang.String,int,java.lang.String,java.lang.String)
2017-10-28 15:46:22.770  INFO 1147 --- [    Test worker] s.w.s.m.m.a.RequestMappingHandlerMapping : Mapped "{[/api/lancamentos/{id}],methods=[PUT]}" onto public org.springframework.http.ResponseEntity<com.kazale.pontointeligente.response.Response<com.kazale.pontointeligente.dtos.LancamentoDto>> com.kazale.pontointeligente.controllers.LancamentoController.atualizar(java.lang.String,com.kazale.pontointeligente.dtos.LancamentoDto,org.springframework.validation.BindingResult)
2017-10-28 15:46:22.772  INFO 1147 --- [    Test worker] s.w.s.m.m.a.RequestMappingHandlerMapping : Mapped "{[/error]}" onto public org.springframework.http.ResponseEntity<java.util.Map<java.lang.String, java.lang.Object>> org.springframework.boot.autoconfigure.web.BasicErrorController.error(javax.servlet.http.HttpServletRequest)
2017-10-28 15:46:22.772  INFO 1147 --- [    Test worker] s.w.s.m.m.a.RequestMappingHandlerMapping : Mapped "{[/error],produces=[text/html]}" onto public org.springframework.web.servlet.ModelAndView org.springframework.boot.autoconfigure.web.BasicErrorController.errorHtml(javax.servlet.http.HttpServletRequest,javax.servlet.http.HttpServletResponse)
2017-10-28 15:46:22.851  INFO 1147 --- [    Test worker] o.s.w.s.handler.SimpleUrlHandlerMapping  : Mapped URL path [/webjars/**] onto handler of type [class org.springframework.web.servlet.resource.ResourceHttpRequestHandler]
2017-10-28 15:46:22.851  INFO 1147 --- [    Test worker] o.s.w.s.handler.SimpleUrlHandlerMapping  : Mapped URL path [/**] onto handler of type [class org.springframework.web.servlet.resource.ResourceHttpRequestHandler]
2017-10-28 15:46:22.901  INFO 1147 --- [    Test worker] o.s.w.s.handler.SimpleUrlHandlerMapping  : Mapped URL path [/**/favicon.ico] onto handler of type [class org.springframework.web.servlet.resource.ResourceHttpRequestHandler]
2017-10-28 15:46:23.137  INFO 1147 --- [      Thread-27] o.s.b.a.mongo.embedded.EmbeddedMongo     : 2017-10-28T15:46:23.136+0100 I NETWORK  [initandlisten] connection accepted from 127.0.0.1:53334 #2 (2 connections now open)
2017-10-28 15:46:23.139  INFO 1147 --- [    Test worker] org.mongodb.driver.connection            : Opened connection [connectionId{localValue:8, serverValue:2}] to localhost:53327
2017-10-28 15:46:23.268  INFO 1147 --- [      Thread-27] o.s.b.a.mongo.embedded.EmbeddedMongo     : 2017-10-28T15:46:23.268+0100 I COMMAND  [conn2] command curso-kotlin.$cmd command: delete { delete: "funcionario", ordered: false, deletes: [ { q: {}, limit: 0 } ] } keyUpdates:0 writeConflicts:0 numYields:0 reslen:40 locks:{ Global: { acquireCount: { r: 1, w: 1 } }, Database: { acquireCount: { w: 1 } } } protocol:op_query 119ms
2017-10-28 15:46:23.356  INFO 1147 --- [    Test worker] utoConfigurationReportLoggingInitializer : 

Error starting ApplicationContext. To display the auto-configuration report re-run your application with 'debug' enabled.
2017-10-28 15:46:23.362 ERROR 1147 --- [    Test worker] o.s.boot.SpringApplication               : Application startup failed

java.lang.IllegalStateException: Failed to execute CommandLineRunner
	at org.springframework.boot.SpringApplication.callRunner(SpringApplication.java:735) ~[spring-boot-1.5.7.RELEASE.jar:1.5.7.RELEASE]
	at org.springframework.boot.SpringApplication.callRunners(SpringApplication.java:716) ~[spring-boot-1.5.7.RELEASE.jar:1.5.7.RELEASE]
	at org.springframework.boot.SpringApplication.afterRefresh(SpringApplication.java:703) ~[spring-boot-1.5.7.RELEASE.jar:1.5.7.RELEASE]
	at org.springframework.boot.SpringApplication.run(SpringApplication.java:304) ~[spring-boot-1.5.7.RELEASE.jar:1.5.7.RELEASE]
	at org.springframework.boot.test.context.SpringBootContextLoader.loadContext(SpringBootContextLoader.java:120) [spring-boot-test-1.5.7.RELEASE.jar:1.5.7.RELEASE]
	at org.springframework.test.context.cache.DefaultCacheAwareContextLoaderDelegate.loadContextInternal(DefaultCacheAwareContextLoaderDelegate.java:98) [spring-test-4.3.11.RELEASE.jar:4.3.11.RELEASE]
	at org.springframework.test.context.cache.DefaultCacheAwareContextLoaderDelegate.loadContext(DefaultCacheAwareContextLoaderDelegate.java:116) [spring-test-4.3.11.RELEASE.jar:4.3.11.RELEASE]
	at org.springframework.test.context.support.DefaultTestContext.getApplicationContext(DefaultTestContext.java:83) [spring-test-4.3.11.RELEASE.jar:4.3.11.RELEASE]
	at org.springframework.test.context.web.ServletTestExecutionListener.setUpRequestContextIfNecessary(ServletTestExecutionListener.java:189) [spring-test-4.3.11.RELEASE.jar:4.3.11.RELEASE]
	at org.springframework.test.context.web.ServletTestExecutionListener.prepareTestInstance(ServletTestExecutionListener.java:131) [spring-test-4.3.11.RELEASE.jar:4.3.11.RELEASE]
	at org.springframework.test.context.TestContextManager.prepareTestInstance(TestContextManager.java:230) [spring-test-4.3.11.RELEASE.jar:4.3.11.RELEASE]
	at org.springframework.test.context.junit4.SpringJUnit4ClassRunner.createTest(SpringJUnit4ClassRunner.java:228) [spring-test-4.3.11.RELEASE.jar:4.3.11.RELEASE]
	at org.springframework.test.context.junit4.SpringJUnit4ClassRunner$1.runReflectiveCall(SpringJUnit4ClassRunner.java:287) [spring-test-4.3.11.RELEASE.jar:4.3.11.RELEASE]
	at org.junit.internal.runners.model.ReflectiveCallable.run(ReflectiveCallable.java:12) [junit-4.12.jar:4.12]
	at org.springframework.test.context.junit4.SpringJUnit4ClassRunner.methodBlock(SpringJUnit4ClassRunner.java:289) [spring-test-4.3.11.RELEASE.jar:4.3.11.RELEASE]
	at org.springframework.test.context.junit4.SpringJUnit4ClassRunner.runChild(SpringJUnit4ClassRunner.java:247) [spring-test-4.3.11.RELEASE.jar:4.3.11.RELEASE]
	at org.springframework.test.context.junit4.SpringJUnit4ClassRunner.runChild(SpringJUnit4ClassRunner.java:94) [spring-test-4.3.11.RELEASE.jar:4.3.11.RELEASE]
	at org.junit.runners.ParentRunner$3.run(ParentRunner.java:290) [junit-4.12.jar:4.12]
	at org.junit.runners.ParentRunner$1.schedule(ParentRunner.java:71) [junit-4.12.jar:4.12]
	at org.junit.runners.ParentRunner.runChildren(ParentRunner.java:288) [junit-4.12.jar:4.12]
	at org.junit.runners.ParentRunner.access$000(ParentRunner.java:58) [junit-4.12.jar:4.12]
	at org.junit.runners.ParentRunner$2.evaluate(ParentRunner.java:268) [junit-4.12.jar:4.12]
	at org.springframework.test.context.junit4.statements.RunBeforeTestClassCallbacks.evaluate(RunBeforeTestClassCallbacks.java:61) [spring-test-4.3.11.RELEASE.jar:4.3.11.RELEASE]
	at org.springframework.test.context.junit4.statements.RunAfterTestClassCallbacks.evaluate(RunAfterTestClassCallbacks.java:70) [spring-test-4.3.11.RELEASE.jar:4.3.11.RELEASE]
	at org.junit.runners.ParentRunner.run(ParentRunner.java:363) [junit-4.12.jar:4.12]
	at org.springframework.test.context.junit4.SpringJUnit4ClassRunner.run(SpringJUnit4ClassRunner.java:191) [spring-test-4.3.11.RELEASE.jar:4.3.11.RELEASE]
	at org.gradle.api.internal.tasks.testing.junit.JUnitTestClassExecuter.runTestClass(JUnitTestClassExecuter.java:114) [gradle-testing-jvm-3.5.1.jar:3.5.1]
	at org.gradle.api.internal.tasks.testing.junit.JUnitTestClassExecuter.execute(JUnitTestClassExecuter.java:57) [gradle-testing-jvm-3.5.1.jar:3.5.1]
	at org.gradle.api.internal.tasks.testing.junit.JUnitTestClassProcessor.processTestClass(JUnitTestClassProcessor.java:66) [gradle-testing-jvm-3.5.1.jar:3.5.1]
	at org.gradle.api.internal.tasks.testing.SuiteTestClassProcessor.processTestClass(SuiteTestClassProcessor.java:51) [gradle-testing-base-3.5.1.jar:3.5.1]
	at sun.reflect.NativeMethodAccessorImpl.invoke0(Native Method) ~[na:1.8.0_45]
	at sun.reflect.NativeMethodAccessorImpl.invoke(NativeMethodAccessorImpl.java:62) ~[na:1.8.0_45]
	at sun.reflect.DelegatingMethodAccessorImpl.invoke(DelegatingMethodAccessorImpl.java:43) ~[na:1.8.0_45]
	at java.lang.reflect.Method.invoke(Method.java:497) ~[na:1.8.0_45]
	at org.gradle.internal.dispatch.ReflectionDispatch.dispatch(ReflectionDispatch.java:35) [gradle-messaging-3.5.1.jar:3.5.1]
	at org.gradle.internal.dispatch.ReflectionDispatch.dispatch(ReflectionDispatch.java:24) [gradle-messaging-3.5.1.jar:3.5.1]
	at org.gradle.internal.dispatch.ContextClassLoaderDispatch.dispatch(ContextClassLoaderDispatch.java:32) [gradle-messaging-3.5.1.jar:3.5.1]
	at org.gradle.internal.dispatch.ProxyDispatchAdapter$DispatchingInvocationHandler.invoke(ProxyDispatchAdapter.java:93) [gradle-messaging-3.5.1.jar:3.5.1]
	at com.sun.proxy.$Proxy2.processTestClass(Unknown Source) [na:na]
	at org.gradle.api.internal.tasks.testing.worker.TestWorker.processTestClass(TestWorker.java:109) [gradle-testing-base-3.5.1.jar:3.5.1]
	at sun.reflect.NativeMethodAccessorImpl.invoke0(Native Method) ~[na:1.8.0_45]
	at sun.reflect.NativeMethodAccessorImpl.invoke(NativeMethodAccessorImpl.java:62) ~[na:1.8.0_45]
	at sun.reflect.DelegatingMethodAccessorImpl.invoke(DelegatingMethodAccessorImpl.java:43) ~[na:1.8.0_45]
	at java.lang.reflect.Method.invoke(Method.java:497) ~[na:1.8.0_45]
	at org.gradle.internal.dispatch.ReflectionDispatch.dispatch(ReflectionDispatch.java:35) [gradle-messaging-3.5.1.jar:3.5.1]
	at org.gradle.internal.dispatch.ReflectionDispatch.dispatch(ReflectionDispatch.java:24) [gradle-messaging-3.5.1.jar:3.5.1]
	at org.gradle.internal.remote.internal.hub.MessageHubBackedObjectConnection$DispatchWrapper.dispatch(MessageHubBackedObjectConnection.java:147) [gradle-messaging-3.5.1.jar:3.5.1]
	at org.gradle.internal.remote.internal.hub.MessageHubBackedObjectConnection$DispatchWrapper.dispatch(MessageHubBackedObjectConnection.java:129) [gradle-messaging-3.5.1.jar:3.5.1]
	at org.gradle.internal.remote.internal.hub.MessageHub$Handler.run(MessageHub.java:404) [gradle-messaging-3.5.1.jar:3.5.1]
	at org.gradle.internal.concurrent.ExecutorPolicy$CatchAndRecordFailures.onExecute(ExecutorPolicy.java:63) [gradle-base-services-3.5.1.jar:3.5.1]
	at org.gradle.internal.concurrent.StoppableExecutorImpl$1.run(StoppableExecutorImpl.java:46) [gradle-base-services-3.5.1.jar:3.5.1]
	at java.util.concurrent.ThreadPoolExecutor.runWorker(ThreadPoolExecutor.java:1142) [na:1.8.0_45]
	at java.util.concurrent.ThreadPoolExecutor$Worker.run(ThreadPoolExecutor.java:617) [na:1.8.0_45]
	at java.lang.Thread.run(Thread.java:745) [na:1.8.0_45]
Caused by: kotlin.KotlinNullPointerException: null
	at com.kazale.pontointeligente.PontointeligenteApplication.run(PontointeligenteApplication.kt:29) ~[main/:na]
	at org.springframework.boot.SpringApplication.callRunner(SpringApplication.java:732) ~[spring-boot-1.5.7.RELEASE.jar:1.5.7.RELEASE]
	... 53 common frames omitted

2017-10-28 15:46:23.364  INFO 1147 --- [    Test worker] o.s.w.c.s.GenericWebApplicationContext   : Closing org.springframework.web.context.support.GenericWebApplicationContext@3a1f3bc0: startup date [Sat Oct 28 15:46:14 BST 2017]; root of context hierarchy
2017-10-28 15:46:23.367  INFO 1147 --- [    Test worker] org.mongodb.driver.connection            : Closed connection [connectionId{localValue:8, serverValue:2}] to localhost:53327 because the pool has been closed.
2017-10-28 15:46:23.369  INFO 1147 --- [      Thread-27] o.s.b.a.mongo.embedded.EmbeddedMongo     : 2017-10-28T15:46:23.369+0100 I NETWORK  [initandlisten] connection accepted from 127.0.0.1:53335 #3 (3 connections now open)
2017-10-28 15:46:23.390  INFO 1147 --- [      Thread-27] o.s.b.a.mongo.embedded.EmbeddedMongo     : 2017-10-28T15:46:23.390+0100 I COMMAND  [conn3] terminating, shutdown command received
2017-10-28 15:46:23.391  INFO 1147 --- [      Thread-27] o.s.b.a.mongo.embedded.EmbeddedMongo     : 2017-10-28T15:46:23.390+0100 I FTDC     [conn3] Shutting down full-time diagnostic data capture
2017-10-28 15:46:23.412  INFO 1147 --- [      Thread-27] o.s.b.a.mongo.embedded.EmbeddedMongo     : 2017-10-28T15:46:23.411+0100 I NETWORK  [conn1] end connection 127.0.0.1:53328 (2 connections now open)
2017-10-28 15:46:23.412  INFO 1147 --- [      Thread-27] o.s.b.a.mongo.embedded.EmbeddedMongo     : 2017-10-28T15:46:23.411+0100 I NETWORK  [conn2] end connection 127.0.0.1:53334 (2 connections now open)
2017-10-28 15:46:23.439  INFO 1147 --- [      Thread-27] o.s.b.a.mongo.embedded.EmbeddedMongo     : 2017-10-28T15:46:23.438+0100 I CONTROL  [conn3] now exiting
2017-10-28 15:46:23.439  INFO 1147 --- [      Thread-27] o.s.b.a.mongo.embedded.EmbeddedMongo     : 2017-10-28T15:46:23.438+0100 I NETWORK  [conn3] shutdown: going to close listening sockets...
2017-10-28 15:46:23.439  INFO 1147 --- [      Thread-27] o.s.b.a.mongo.embedded.EmbeddedMongo     : 2017-10-28T15:46:23.439+0100 I NETWORK  [conn3] closing listening socket: 5
2017-10-28 15:46:23.439  INFO 1147 --- [      Thread-27] o.s.b.a.mongo.embedded.EmbeddedMongo     : 2017-10-28T15:46:23.439+0100 I NETWORK  [conn3] closing listening socket: 6
2017-10-28 15:46:23.439  INFO 1147 --- [      Thread-27] o.s.b.a.mongo.embedded.EmbeddedMongo     : 2017-10-28T15:46:23.439+0100 I NETWORK  [conn3] removing socket file: /tmp/mongodb-53327.sock
2017-10-28 15:46:23.439  INFO 1147 --- [      Thread-27] o.s.b.a.mongo.embedded.EmbeddedMongo     : 2017-10-28T15:46:23.439+0100 I NETWORK  [conn3] shutdown: going to flush diaglog...
2017-10-28 15:46:23.439  INFO 1147 --- [      Thread-27] o.s.b.a.mongo.embedded.EmbeddedMongo     : 2017-10-28T15:46:23.439+0100 I NETWORK  [conn3] shutdown: going to close sockets...
2017-10-28 15:46:23.440  INFO 1147 --- [      Thread-27] o.s.b.a.mongo.embedded.EmbeddedMongo     : 2017-10-28T15:46:23.440+0100 I STORAGE  [conn3] WiredTigerKVEngine shutting down
2017-10-28 15:46:23.543  INFO 1147 --- [    Test worker] d.f.e.process.runtime.ProcessControl     : stopOrDestroyProcess: process hasn't exited 
2017-10-28 15:46:24.563 ERROR 1147 --- [    Test worker] o.s.test.context.TestContextManager      : Caught exception while allowing TestExecutionListener [org.springframework.test.context.web.ServletTestExecutionListener@6dec0ea5] to prepare test instance [com.kazale.pontointeligente.services.EmpresaServiceTest@6a4b3cc8]

java.lang.IllegalStateException: Failed to load ApplicationContext
	at org.springframework.test.context.cache.DefaultCacheAwareContextLoaderDelegate.loadContext(DefaultCacheAwareContextLoaderDelegate.java:124) ~[spring-test-4.3.11.RELEASE.jar:4.3.11.RELEASE]
	at org.springframework.test.context.support.DefaultTestContext.getApplicationContext(DefaultTestContext.java:83) ~[spring-test-4.3.11.RELEASE.jar:4.3.11.RELEASE]
	at org.springframework.test.context.web.ServletTestExecutionListener.setUpRequestContextIfNecessary(ServletTestExecutionListener.java:189) ~[spring-test-4.3.11.RELEASE.jar:4.3.11.RELEASE]
	at org.springframework.test.context.web.ServletTestExecutionListener.prepareTestInstance(ServletTestExecutionListener.java:131) ~[spring-test-4.3.11.RELEASE.jar:4.3.11.RELEASE]
	at org.springframework.test.context.TestContextManager.prepareTestInstance(TestContextManager.java:230) ~[spring-test-4.3.11.RELEASE.jar:4.3.11.RELEASE]
	at org.springframework.test.context.junit4.SpringJUnit4ClassRunner.createTest(SpringJUnit4ClassRunner.java:228) [spring-test-4.3.11.RELEASE.jar:4.3.11.RELEASE]
	at org.springframework.test.context.junit4.SpringJUnit4ClassRunner$1.runReflectiveCall(SpringJUnit4ClassRunner.java:287) [spring-test-4.3.11.RELEASE.jar:4.3.11.RELEASE]
	at org.junit.internal.runners.model.ReflectiveCallable.run(ReflectiveCallable.java:12) [junit-4.12.jar:4.12]
	at org.springframework.test.context.junit4.SpringJUnit4ClassRunner.methodBlock(SpringJUnit4ClassRunner.java:289) [spring-test-4.3.11.RELEASE.jar:4.3.11.RELEASE]
	at org.springframework.test.context.junit4.SpringJUnit4ClassRunner.runChild(SpringJUnit4ClassRunner.java:247) [spring-test-4.3.11.RELEASE.jar:4.3.11.RELEASE]
	at org.springframework.test.context.junit4.SpringJUnit4ClassRunner.runChild(SpringJUnit4ClassRunner.java:94) [spring-test-4.3.11.RELEASE.jar:4.3.11.RELEASE]
	at org.junit.runners.ParentRunner$3.run(ParentRunner.java:290) [junit-4.12.jar:4.12]
	at org.junit.runners.ParentRunner$1.schedule(ParentRunner.java:71) [junit-4.12.jar:4.12]
	at org.junit.runners.ParentRunner.runChildren(ParentRunner.java:288) [junit-4.12.jar:4.12]
	at org.junit.runners.ParentRunner.access$000(ParentRunner.java:58) [junit-4.12.jar:4.12]
	at org.junit.runners.ParentRunner$2.evaluate(ParentRunner.java:268) [junit-4.12.jar:4.12]
	at org.springframework.test.context.junit4.statements.RunBeforeTestClassCallbacks.evaluate(RunBeforeTestClassCallbacks.java:61) [spring-test-4.3.11.RELEASE.jar:4.3.11.RELEASE]
	at org.springframework.test.context.junit4.statements.RunAfterTestClassCallbacks.evaluate(RunAfterTestClassCallbacks.java:70) [spring-test-4.3.11.RELEASE.jar:4.3.11.RELEASE]
	at org.junit.runners.ParentRunner.run(ParentRunner.java:363) [junit-4.12.jar:4.12]
	at org.springframework.test.context.junit4.SpringJUnit4ClassRunner.run(SpringJUnit4ClassRunner.java:191) [spring-test-4.3.11.RELEASE.jar:4.3.11.RELEASE]
	at org.gradle.api.internal.tasks.testing.junit.JUnitTestClassExecuter.runTestClass(JUnitTestClassExecuter.java:114) [gradle-testing-jvm-3.5.1.jar:3.5.1]
	at org.gradle.api.internal.tasks.testing.junit.JUnitTestClassExecuter.execute(JUnitTestClassExecuter.java:57) [gradle-testing-jvm-3.5.1.jar:3.5.1]
	at org.gradle.api.internal.tasks.testing.junit.JUnitTestClassProcessor.processTestClass(JUnitTestClassProcessor.java:66) [gradle-testing-jvm-3.5.1.jar:3.5.1]
	at org.gradle.api.internal.tasks.testing.SuiteTestClassProcessor.processTestClass(SuiteTestClassProcessor.java:51) [gradle-testing-base-3.5.1.jar:3.5.1]
	at sun.reflect.NativeMethodAccessorImpl.invoke0(Native Method) ~[na:1.8.0_45]
	at sun.reflect.NativeMethodAccessorImpl.invoke(NativeMethodAccessorImpl.java:62) ~[na:1.8.0_45]
	at sun.reflect.DelegatingMethodAccessorImpl.invoke(DelegatingMethodAccessorImpl.java:43) ~[na:1.8.0_45]
	at java.lang.reflect.Method.invoke(Method.java:497) ~[na:1.8.0_45]
	at org.gradle.internal.dispatch.ReflectionDispatch.dispatch(ReflectionDispatch.java:35) [gradle-messaging-3.5.1.jar:3.5.1]
	at org.gradle.internal.dispatch.ReflectionDispatch.dispatch(ReflectionDispatch.java:24) [gradle-messaging-3.5.1.jar:3.5.1]
	at org.gradle.internal.dispatch.ContextClassLoaderDispatch.dispatch(ContextClassLoaderDispatch.java:32) [gradle-messaging-3.5.1.jar:3.5.1]
	at org.gradle.internal.dispatch.ProxyDispatchAdapter$DispatchingInvocationHandler.invoke(ProxyDispatchAdapter.java:93) [gradle-messaging-3.5.1.jar:3.5.1]
	at com.sun.proxy.$Proxy2.processTestClass(Unknown Source) [na:na]
	at org.gradle.api.internal.tasks.testing.worker.TestWorker.processTestClass(TestWorker.java:109) [gradle-testing-base-3.5.1.jar:3.5.1]
	at sun.reflect.NativeMethodAccessorImpl.invoke0(Native Method) ~[na:1.8.0_45]
	at sun.reflect.NativeMethodAccessorImpl.invoke(NativeMethodAccessorImpl.java:62) ~[na:1.8.0_45]
	at sun.reflect.DelegatingMethodAccessorImpl.invoke(DelegatingMethodAccessorImpl.java:43) ~[na:1.8.0_45]
	at java.lang.reflect.Method.invoke(Method.java:497) ~[na:1.8.0_45]
	at org.gradle.internal.dispatch.ReflectionDispatch.dispatch(ReflectionDispatch.java:35) [gradle-messaging-3.5.1.jar:3.5.1]
	at org.gradle.internal.dispatch.ReflectionDispatch.dispatch(ReflectionDispatch.java:24) [gradle-messaging-3.5.1.jar:3.5.1]
	at org.gradle.internal.remote.internal.hub.MessageHubBackedObjectConnection$DispatchWrapper.dispatch(MessageHubBackedObjectConnection.java:147) [gradle-messaging-3.5.1.jar:3.5.1]
	at org.gradle.internal.remote.internal.hub.MessageHubBackedObjectConnection$DispatchWrapper.dispatch(MessageHubBackedObjectConnection.java:129) [gradle-messaging-3.5.1.jar:3.5.1]
	at org.gradle.internal.remote.internal.hub.MessageHub$Handler.run(MessageHub.java:404) [gradle-messaging-3.5.1.jar:3.5.1]
	at org.gradle.internal.concurrent.ExecutorPolicy$CatchAndRecordFailures.onExecute(ExecutorPolicy.java:63) [gradle-base-services-3.5.1.jar:3.5.1]
	at org.gradle.internal.concurrent.StoppableExecutorImpl$1.run(StoppableExecutorImpl.java:46) [gradle-base-services-3.5.1.jar:3.5.1]
	at java.util.concurrent.ThreadPoolExecutor.runWorker(ThreadPoolExecutor.java:1142) [na:1.8.0_45]
	at java.util.concurrent.ThreadPoolExecutor$Worker.run(ThreadPoolExecutor.java:617) [na:1.8.0_45]
	at java.lang.Thread.run(Thread.java:745) [na:1.8.0_45]
Caused by: java.lang.IllegalStateException: Failed to execute CommandLineRunner
	at org.springframework.boot.SpringApplication.callRunner(SpringApplication.java:735) ~[spring-boot-1.5.7.RELEASE.jar:1.5.7.RELEASE]
	at org.springframework.boot.SpringApplication.callRunners(SpringApplication.java:716) ~[spring-boot-1.5.7.RELEASE.jar:1.5.7.RELEASE]
	at org.springframework.boot.SpringApplication.afterRefresh(SpringApplication.java:703) ~[spring-boot-1.5.7.RELEASE.jar:1.5.7.RELEASE]
	at org.springframework.boot.SpringApplication.run(SpringApplication.java:304) ~[spring-boot-1.5.7.RELEASE.jar:1.5.7.RELEASE]
	at org.springframework.boot.test.context.SpringBootContextLoader.loadContext(SpringBootContextLoader.java:120) ~[spring-boot-test-1.5.7.RELEASE.jar:1.5.7.RELEASE]
	at org.springframework.test.context.cache.DefaultCacheAwareContextLoaderDelegate.loadContextInternal(DefaultCacheAwareContextLoaderDelegate.java:98) ~[spring-test-4.3.11.RELEASE.jar:4.3.11.RELEASE]
	at org.springframework.test.context.cache.DefaultCacheAwareContextLoaderDelegate.loadContext(DefaultCacheAwareContextLoaderDelegate.java:116) ~[spring-test-4.3.11.RELEASE.jar:4.3.11.RELEASE]
	... 47 common frames omitted
Caused by: kotlin.KotlinNullPointerException: null
	at com.kazale.pontointeligente.PontointeligenteApplication.run(PontointeligenteApplication.kt:29) ~[main/:na]
	at org.springframework.boot.SpringApplication.callRunner(SpringApplication.java:732) ~[spring-boot-1.5.7.RELEASE.jar:1.5.7.RELEASE]
	... 53 common frames omitted

]]></system-out>
  <system-err><![CDATA[]]></system-err>
</testsuite>
