<?xml version="1.0" encoding="UTF-8"?>
<testsuite name="com.kazale.pontointeligente.controllers.LancamentoControllerTest" tests="3" skipped="0" failures="0" errors="0" timestamp="2017-10-28T14:45:48" hostname="Marcios-MacBook-Pro.local" time="0.594">
  <properties/>
  <testcase name="testCadastrarLancamento" classname="com.kazale.pontointeligente.controllers.LancamentoControllerTest" time="0.554"/>
  <testcase name="testCadastrarLancamentoFuncionarioIdInvalido" classname="com.kazale.pontointeligente.controllers.LancamentoControllerTest" time="0.018"/>
  <testcase name="testRemoverLancamento" classname="com.kazale.pontointeligente.controllers.LancamentoControllerTest" time="0.015"/>
  <system-out><![CDATA[15:45:25.774 [Test worker] DEBUG org.springframework.test.context.junit4.SpringJUnit4ClassRunner - SpringJUnit4ClassRunner constructor called with [class com.kazale.pontointeligente.controllers.LancamentoControllerTest]
15:45:25.780 [Test worker] DEBUG org.springframework.test.context.BootstrapUtils - Instantiating CacheAwareContextLoaderDelegate from class [org.springframework.test.context.cache.DefaultCacheAwareContextLoaderDelegate]
15:45:25.788 [Test worker] DEBUG org.springframework.test.context.BootstrapUtils - Instantiating BootstrapContext using constructor [public org.springframework.test.context.support.DefaultBootstrapContext(java.lang.Class,org.springframework.test.context.CacheAwareContextLoaderDelegate)]
15:45:25.811 [Test worker] DEBUG org.springframework.test.context.BootstrapUtils - Instantiating TestContextBootstrapper for test class [com.kazale.pontointeligente.controllers.LancamentoControllerTest] from class [org.springframework.boot.test.context.SpringBootTestContextBootstrapper]
15:45:25.825 [Test worker] INFO org.springframework.boot.test.context.SpringBootTestContextBootstrapper - Neither @ContextConfiguration nor @ContextHierarchy found for test class [com.kazale.pontointeligente.controllers.LancamentoControllerTest], using SpringBootContextLoader
15:45:25.828 [Test worker] DEBUG org.springframework.test.context.support.AbstractContextLoader - Did not detect default resource location for test class [com.kazale.pontointeligente.controllers.LancamentoControllerTest]: class path resource [com/kazale/pontointeligente/controllers/LancamentoControllerTest-context.xml] does not exist
15:45:25.829 [Test worker] DEBUG org.springframework.test.context.support.AbstractContextLoader - Did not detect default resource location for test class [com.kazale.pontointeligente.controllers.LancamentoControllerTest]: class path resource [com/kazale/pontointeligente/controllers/LancamentoControllerTestContext.groovy] does not exist
15:45:25.829 [Test worker] INFO org.springframework.test.context.support.AbstractContextLoader - Could not detect default resource locations for test class [com.kazale.pontointeligente.controllers.LancamentoControllerTest]: no resource found for suffixes {-context.xml, Context.groovy}.
15:45:25.830 [Test worker] INFO org.springframework.test.context.support.AnnotationConfigContextLoaderUtils - Could not detect default configuration classes for test class [com.kazale.pontointeligente.controllers.LancamentoControllerTest]: LancamentoControllerTest does not declare any static, non-private, non-final, nested classes annotated with @Configuration.
15:45:25.920 [Test worker] DEBUG org.springframework.test.context.support.ActiveProfilesUtils - Could not find an 'annotation declaring class' for annotation type [org.springframework.test.context.ActiveProfiles] and class [com.kazale.pontointeligente.controllers.LancamentoControllerTest]
15:45:25.927 [Test worker] DEBUG org.springframework.core.env.StandardEnvironment - Adding PropertySource 'systemProperties' with lowest search precedence
15:45:25.927 [Test worker] DEBUG org.springframework.core.env.StandardEnvironment - Adding PropertySource 'systemEnvironment' with lowest search precedence
15:45:25.928 [Test worker] DEBUG org.springframework.core.env.StandardEnvironment - Initialized StandardEnvironment with PropertySources [MapPropertySource@1609151083 {name='systemProperties', properties={java.runtime.name=Java(TM) SE Runtime Environment, sun.boot.library.path=/Library/Java/JavaVirtualMachines/jdk1.8.0_45.jdk/Contents/Home/jre/lib, java.vm.version=25.45-b02, gopherProxySet=false, java.vm.vendor=Oracle Corporation, java.vendor.url=http://java.oracle.com/, path.separator=:, java.vm.name=Java HotSpot(TM) 64-Bit Server VM, file.encoding.pkg=sun.io, sun.java.launcher=SUN_STANDARD, user.country=US, sun.os.patch.level=unknown, java.vm.specification.name=Java Virtual Machine Specification, user.dir=/Users/marciosouza/Desktop/curso-kotlin/pontointeligente, java.runtime.version=1.8.0_45-b14, java.awt.graphicsenv=sun.awt.CGraphicsEnvironment, java.endorsed.dirs=/Library/Java/JavaVirtualMachines/jdk1.8.0_45.jdk/Contents/Home/jre/lib/endorsed, os.arch=x86_64, java.io.tmpdir=/var/folders/r8/v7s8yy5x5t18vs6q6qbp6xp40000gn/T/, line.separator=
, java.vm.specification.vendor=Oracle Corporation, user.variant=, os.name=Mac OS X, sun.jnu.encoding=UTF-8, java.library.path=/Users/marciosouza/Library/Java/Extensions:/Library/Java/Extensions:/Network/Library/Java/Extensions:/System/Library/Java/Extensions:/usr/lib/java:., java.specification.name=Java Platform API Specification, java.class.version=52.0, sun.management.compiler=HotSpot 64-Bit Tiered Compilers, os.version=10.10.5, http.nonProxyHosts=local|*.local|169.254/16|*.169.254/16, user.home=/Users/marciosouza, user.timezone=Europe/London, java.awt.printerjob=sun.lwawt.macosx.CPrinterJob, file.encoding=UTF-8, java.specification.version=1.8, java.class.path=/Users/marciosouza/Desktop/curso-kotlin/pontointeligente/build/classes/test:/Users/marciosouza/Desktop/curso-kotlin/pontointeligente/build/resources/test:/Users/marciosouza/Desktop/curso-kotlin/pontointeligente/build/classes/main:/Users/marciosouza/Desktop/curso-kotlin/pontointeligente/build/resources/main:/Users/marciosouza/.gradle/caches/modules-2/files-2.1/org.springframework.boot/spring-boot-starter-data-mongodb/1.5.7.RELEASE/6f49f19bd4f646e4352e78cd66ecce9ed94f069e/spring-boot-starter-data-mongodb-1.5.7.RELEASE.jar:/Users/marciosouza/.gradle/caches/modules-2/files-2.1/org.springframework.boot/spring-boot-starter-security/1.5.7.RELEASE/e680aa1a8990a6e98e7a843c88f0a8bc378bb4d/spring-boot-starter-security-1.5.7.RELEASE.jar:/Users/marciosouza/.gradle/caches/modules-2/files-2.1/org.springframework.boot/spring-boot-starter-web/1.5.7.RELEASE/a862305be8b7512a41f6768d825ed37251ccbbe0/spring-boot-starter-web-1.5.7.RELEASE.jar:/Users/marciosouza/.gradle/caches/modules-2/files-2.1/org.jetbrains.kotlin/kotlin-stdlib-jre8/1.1.51/cc8e639ff087472268912159cd66c01f2765c657/kotlin-stdlib-jre8-1.1.51.jar:/Users/marciosouza/.gradle/caches/modules-2/files-2.1/org.jetbrains.kotlin/kotlin-reflect/1.1.51/222365b4b684bfe35a7676c5ff69b4b414e398fa/kotlin-reflect-1.1.51.jar:/Users/marciosouza/.gradle/caches/modules-2/files-2.1/org.springframework.boot/spring-boot-starter-test/1.5.7.RELEASE/d23f37a72c2d4e46aba66bc69a649213f9cadeee/spring-boot-starter-test-1.5.7.RELEASE.jar:/Users/marciosouza/.gradle/caches/modules-2/files-2.1/de.flapdoodle.embed/de.flapdoodle.embed.mongo/1.50.5/2393e167c3c6ed6b896470fdb813244769ac0d3f/de.flapdoodle.embed.mongo-1.50.5.jar:/Users/marciosouza/.gradle/caches/modules-2/files-2.1/org.springframework.security/spring-security-test/4.2.3.RELEASE/f93339f597290d85a596f25a7841b9109b79ced6/spring-security-test-4.2.3.RELEASE.jar:/Users/marciosouza/.gradle/caches/modules-2/files-2.1/org.springframework.boot/spring-boot-starter/1.5.7.RELEASE/b42fe6962dd8b3be4ac8c1d7134d0ca2d0a35c7e/spring-boot-starter-1.5.7.RELEASE.jar:/Users/marciosouza/.gradle/caches/modules-2/files-2.1/org.mongodb/mongodb-driver/3.4.3/a1c708919fdca8da4a527cb4ea9df30f8db9993b/mongodb-driver-3.4.3.jar:/Users/marciosouza/.gradle/caches/modules-2/files-2.1/org.springframework.data/spring-data-mongodb/1.10.7.RELEASE/ef036c121f13b2b219d635a7e7d9505cabd8c636/spring-data-mongodb-1.10.7.RELEASE.jar:/Users/marciosouza/.gradle/caches/modules-2/files-2.1/org.springframework/spring-aop/4.3.11.RELEASE/461d0bb58f1de30203d9331adf4b51de9554de5a/spring-aop-4.3.11.RELEASE.jar:/Users/marciosouza/.gradle/caches/modules-2/files-2.1/org.springframework.security/spring-security-config/4.2.3.RELEASE/9f3771903616e33521836fd999d63efbfebf90d/spring-security-config-4.2.3.RELEASE.jar:/Users/marciosouza/.gradle/caches/modules-2/files-2.1/org.springframework.security/spring-security-web/4.2.3.RELEASE/7a03e737484ca232d7146852f06d067ac21427ac/spring-security-web-4.2.3.RELEASE.jar:/Users/marciosouza/.gradle/caches/modules-2/files-2.1/org.springframework.boot/spring-boot-starter-tomcat/1.5.7.RELEASE/eae533e2a0111a51d812912acb3d3e2368736d1b/spring-boot-starter-tomcat-1.5.7.RELEASE.jar:/Users/marciosouza/.gradle/caches/modules-2/files-2.1/org.hibernate/hibernate-validator/5.3.5.Final/622a9bcef2eed6d41b5b8e0662c36212009e375/hibernate-validator-5.3.5.Final.jar:/Users/marciosouza/.gradle/caches/modules-2/files-2.1/com.fasterxml.jackson.core/jackson-databind/2.8.10/f7b83cb2bc4b88d53961e749e1ad32f49ef017b7/jackson-databind-2.8.10.jar:/Users/marciosouza/.gradle/caches/modules-2/files-2.1/org.springframework/spring-web/4.3.11.RELEASE/50a3dfce550bdf9459dfb2c6282aa104b040258e/spring-web-4.3.11.RELEASE.jar:/Users/marciosouza/.gradle/caches/modules-2/files-2.1/org.springframework/spring-webmvc/4.3.11.RELEASE/814f91ec4dc324e724bbe7cbc5045b234604c539/spring-webmvc-4.3.11.RELEASE.jar:/Users/marciosouza/.gradle/caches/modules-2/files-2.1/org.jetbrains.kotlin/kotlin-stdlib/1.1.51/e34fe80c9714240525f665113dd3749415515655/kotlin-stdlib-1.1.51.jar:/Users/marciosouza/.gradle/caches/modules-2/files-2.1/org.jetbrains.kotlin/kotlin-stdlib-jre7/1.1.51/8b5933578dc55f32cfc1a25f1db6371e4161fb8f/kotlin-stdlib-jre7-1.1.51.jar:/Users/marciosouza/.gradle/caches/modules-2/files-2.1/org.springframework.boot/spring-boot-test/1.5.7.RELEASE/b8d77445d48f4320f404d8f13f4e5cb95bc36b30/spring-boot-test-1.5.7.RELEASE.jar:/Users/marciosouza/.gradle/caches/modules-2/files-2.1/org.springframework.boot/spring-boot-test-autoconfigure/1.5.7.RELEASE/8bead16b97c9f1b5fe7c47f3e030dd9351a6974d/spring-boot-test-autoconfigure-1.5.7.RELEASE.jar:/Users/marciosouza/.gradle/caches/modules-2/files-2.1/com.jayway.jsonpath/json-path/2.2.0/22290d17944bd239fabf5ac69005a60a7ecbbbcb/json-path-2.2.0.jar:/Users/marciosouza/.gradle/caches/modules-2/files-2.1/junit/junit/4.12/2973d150c0dc1fefe998f834810d68f278ea58ec/junit-4.12.jar:/Users/marciosouza/.gradle/caches/modules-2/files-2.1/org.assertj/assertj-core/2.6.0/b532c3fc4f66bcfee4989a3514f1cd56203a33ad/assertj-core-2.6.0.jar:/Users/marciosouza/.gradle/caches/modules-2/files-2.1/org.mockito/mockito-core/1.10.19/e8546f5bef4e061d8dd73895b4e8f40e3fe6effe/mockito-core-1.10.19.jar:/Users/marciosouza/.gradle/caches/modules-2/files-2.1/org.hamcrest/hamcrest-core/1.3/42a25dc3219429f0e5d060061f71acb49bf010a0/hamcrest-core-1.3.jar:/Users/marciosouza/.gradle/caches/modules-2/files-2.1/org.hamcrest/hamcrest-library/1.3/4785a3c21320980282f9f33d0d1264a69040538f/hamcrest-library-1.3.jar:/Users/marciosouza/.gradle/caches/modules-2/files-2.1/org.skyscreamer/jsonassert/1.4.0/9cdbb373a06f6513e51e8c545ee6a5e981463edb/jsonassert-1.4.0.jar:/Users/marciosouza/.gradle/caches/modules-2/files-2.1/org.springframework/spring-core/4.3.11.RELEASE/eb30ed093f628279d3aead068fd478fa343f1dad/spring-core-4.3.11.RELEASE.jar:/Users/marciosouza/.gradle/caches/modules-2/files-2.1/org.springframework/spring-test/4.3.11.RELEASE/cf765b5d6d6bdc38c67522ecae3fe9549da43e1/spring-test-4.3.11.RELEASE.jar:/Users/marciosouza/.gradle/caches/modules-2/files-2.1/de.flapdoodle.embed/de.flapdoodle.embed.process/1.50.2/7f00ce5e05a6f7d58b2fffd04fbdbb15956bfa8/de.flapdoodle.embed.process-1.50.2.jar:/Users/marciosouza/.gradle/caches/modules-2/files-2.1/org.springframework.security/spring-security-core/4.2.3.RELEASE/5c0e47a47036c94d6fdd02696bf52be6d1adbd4d/spring-security-core-4.2.3.RELEASE.jar:/Users/marciosouza/.gradle/caches/modules-2/files-2.1/org.springframework.boot/spring-boot/1.5.7.RELEASE/1006870df7b3dc203df7ce84463c5dd7049fdaa4/spring-boot-1.5.7.RELEASE.jar:/Users/marciosouza/.gradle/caches/modules-2/files-2.1/org.springframework.boot/spring-boot-autoconfigure/1.5.7.RELEASE/e83f1407ff991e9e7eb156f49fa19d868bb73289/spring-boot-autoconfigure-1.5.7.RELEASE.jar:/Users/marciosouza/.gradle/caches/modules-2/files-2.1/org.springframework.boot/spring-boot-starter-logging/1.5.7.RELEASE/c84c4ea09d7f789a0d5e936a961471e5dbd9295e/spring-boot-starter-logging-1.5.7.RELEASE.jar:/Users/marciosouza/.gradle/caches/modules-2/files-2.1/org.yaml/snakeyaml/1.17/7a27ea250c5130b2922b86dea63cbb1cc10a660c/snakeyaml-1.17.jar:/Users/marciosouza/.gradle/caches/modules-2/files-2.1/org.mongodb/mongodb-driver-core/3.4.3/c588da4e7b4ac9330e58d4d5b414508ccb14367b/mongodb-driver-core-3.4.3.jar:/Users/marciosouza/.gradle/caches/modules-2/files-2.1/org.mongodb/bson/3.4.3/83a9328ce8ffbdf29f4b46b531012427983ad3ec/bson-3.4.3.jar:/Users/marciosouza/.gradle/caches/modules-2/files-2.1/org.springframework/spring-tx/4.3.11.RELEASE/c931ee363d2269f03edfeb83d7d7fe23924ab8a1/spring-tx-4.3.11.RELEASE.jar:/Users/marciosouza/.gradle/caches/modules-2/files-2.1/org.springframework/spring-context/4.3.11.RELEASE/3efec2d7c7469d49108a2b21c3f15831f7297569/spring-context-4.3.11.RELEASE.jar:/Users/marciosouza/.gradle/caches/modules-2/files-2.1/org.springframework/spring-beans/4.3.11.RELEASE/591cc35fd39292adae13f01aa13e978d0bb11936/spring-beans-4.3.11.RELEASE.jar:/Users/marciosouza/.gradle/caches/modules-2/files-2.1/org.springframework/spring-expression/4.3.11.RELEASE/fca662a2fccdad90ec22b2aaecb021047dcbe249/spring-expression-4.3.11.RELEASE.jar:/Users/marciosouza/.gradle/caches/modules-2/files-2.1/org.springframework.data/spring-data-commons/1.13.7.RELEASE/cf4538abda1f0a9cf2323d6e4204df0130aeec73/spring-data-commons-1.13.7.RELEASE.jar:/Users/marciosouza/.gradle/caches/modules-2/files-2.1/org.slf4j/slf4j-api/1.7.25/da76ca59f6a57ee3102f8f9bd9cee742973efa8a/slf4j-api-1.7.25.jar:/Users/marciosouza/.gradle/caches/modules-2/files-2.1/org.slf4j/jcl-over-slf4j/1.7.25/f8c32b13ff142a513eeb5b6330b1588dcb2c0461/jcl-over-slf4j-1.7.25.jar:/Users/marciosouza/.gradle/caches/modules-2/files-2.1/aopalliance/aopalliance/1.0/235ba8b489512805ac13a8f9ea77a1ca5ebe3e8/aopalliance-1.0.jar:/Users/marciosouza/.gradle/caches/modules-2/files-2.1/org.apache.tomcat.embed/tomcat-embed-core/8.5.20/b9026ee20f1f6a2b0fc3e51dd806d800901448b0/tomcat-embed-core-8.5.20.jar:/Users/marciosouza/.gradle/caches/modules-2/files-2.1/org.apache.tomcat.embed/tomcat-embed-el/8.5.20/42960f481a8a80f4ffd3b865c2232820e3565bf1/tomcat-embed-el-8.5.20.jar:/Users/marciosouza/.gradle/caches/modules-2/files-2.1/org.apache.tomcat.embed/tomcat-embed-websocket/8.5.20/4df9055507926a2651f691cc9964c50493a0ab29/tomcat-embed-websocket-8.5.20.jar:/Users/marciosouza/.gradle/caches/modules-2/files-2.1/javax.validation/validation-api/1.1.0.Final/8613ae82954779d518631e05daa73a6a954817d5/validation-api-1.1.0.Final.jar:/Users/marciosouza/.gradle/caches/modules-2/files-2.1/org.jboss.logging/jboss-logging/3.3.1.Final/c46217ab74b532568c0ed31dc599db3048bd1b67/jboss-logging-3.3.1.Final.jar:/Users/marciosouza/.gradle/caches/modules-2/files-2.1/com.fasterxml/classmate/1.3.4/3d5f48f10bbe4eb7bd862f10c0583be2e0053c6/classmate-1.3.4.jar:/Users/marciosouza/.gradle/caches/modules-2/files-2.1/com.fasterxml.jackson.core/jackson-annotations/2.8.0/45b426f7796b741035581a176744d91090e2e6fb/jackson-annotations-2.8.0.jar:/Users/marciosouza/.gradle/caches/modules-2/files-2.1/com.fasterxml.jackson.core/jackson-core/2.8.10/eb21a035c66ad307e66ec8fce37f5d50fd62d039/jackson-core-2.8.10.jar:/Users/marciosouza/.gradle/caches/modules-2/files-2.1/org.jetbrains/annotations/13.0/919f0dfe192fb4e063e7dacadee7f8bb9a2672a9/annotations-13.0.jar:/Users/marciosouza/.gradle/caches/modules-2/files-2.1/net.minidev/json-smart/2.2.1/5b9e5df7a62d1279b70dc882b041d249c4f0b002/json-smart-2.2.1.jar:/Users/marciosouza/.gradle/caches/modules-2/files-2.1/org.objenesis/objenesis/2.1/87c0ea803b69252868d09308b4618f766f135a96/objenesis-2.1.jar:/Users/marciosouza/.gradle/caches/modules-2/files-2.1/com.vaadin.external.google/android-json/0.0.20131108.vaadin1/fa26d351fe62a6a17f5cda1287c1c6110dec413f/android-json-0.0.20131108.vaadin1.jar:/Users/marciosouza/.gradle/caches/modules-2/files-2.1/commons-io/commons-io/2.4/b1b6ea3b7e4aa4f492509a4952029cd8e48019ad/commons-io-2.4.jar:/Users/marciosouza/.gradle/caches/modules-2/files-2.1/org.apache.commons/commons-lang3/3.1/905075e6c80f206bbe6cf1e809d2caa69f420c76/commons-lang3-3.1.jar:/Users/marciosouza/.gradle/caches/modules-2/files-2.1/net.java.dev.jna/jna/4.2.2/5012450aee579c3118ff09461d5ce210e0cdc2a9/jna-4.2.2.jar:/Users/marciosouza/.gradle/caches/modules-2/files-2.1/net.java.dev.jna/jna-platform/4.0.0/deb6bf66918989b50209b8c9aaf3b2561af7f011/jna-platform-4.0.0.jar:/Users/marciosouza/.gradle/caches/modules-2/files-2.1/org.apache.commons/commons-compress/1.10/5eeb27c57eece1faf2d837868aeccc94d84dcc9a/commons-compress-1.10.jar:/Users/marciosouza/.gradle/caches/modules-2/files-2.1/ch.qos.logback/logback-classic/1.1.11/ccedfbacef4a6515d2983e3f89ed753d5d4fb665/logback-classic-1.1.11.jar:/Users/marciosouza/.gradle/caches/modules-2/files-2.1/org.slf4j/jul-to-slf4j/1.7.25/af5364cd6679bfffb114f0dec8a157aaa283b76/jul-to-slf4j-1.7.25.jar:/Users/marciosouza/.gradle/caches/modules-2/files-2.1/org.slf4j/log4j-over-slf4j/1.7.25/a87bb47468f47ee7aabbd54f93e133d4215769c3/log4j-over-slf4j-1.7.25.jar:/Users/marciosouza/.gradle/caches/modules-2/files-2.1/net.minidev/accessors-smart/1.1/a527213f2fea112a04c9bdf0ec0264e34104cd08/accessors-smart-1.1.jar:/Users/marciosouza/.gradle/caches/modules-2/files-2.1/ch.qos.logback/logback-core/1.1.11/88b8df40340eed549fb07e2613879bf6b006704d/logback-core-1.1.11.jar:/Users/marciosouza/.gradle/caches/modules-2/files-2.1/org.ow2.asm/asm/5.0.3/dcc2193db20e19e1feca8b1240dbbc4e190824fa/asm-5.0.3.jar, user.name=marciosouza, java.vm.specification.version=1.8, sun.java.command=worker.org.gradle.process.internal.worker.GradleWorkerMain 'Gradle Test Executor 1', java.home=/Library/Java/JavaVirtualMachines/jdk1.8.0_45.jdk/Contents/Home/jre, sun.arch.data.model=64, user.language=en, java.specification.vendor=Oracle Corporation, awt.toolkit=sun.lwawt.macosx.LWCToolkit, java.vm.info=mixed mode, java.version=1.8.0_45, java.ext.dirs=/Users/marciosouza/Library/Java/Extensions:/Library/Java/JavaVirtualMachines/jdk1.8.0_45.jdk/Contents/Home/jre/lib/ext:/Library/Java/Extensions:/Network/Library/Java/Extensions:/System/Library/Java/Extensions:/usr/lib/java, sun.boot.class.path=/Library/Java/JavaVirtualMachines/jdk1.8.0_45.jdk/Contents/Home/jre/lib/resources.jar:/Library/Java/JavaVirtualMachines/jdk1.8.0_45.jdk/Contents/Home/jre/lib/rt.jar:/Library/Java/JavaVirtualMachines/jdk1.8.0_45.jdk/Contents/Home/jre/lib/sunrsasign.jar:/Library/Java/JavaVirtualMachines/jdk1.8.0_45.jdk/Contents/Home/jre/lib/jsse.jar:/Library/Java/JavaVirtualMachines/jdk1.8.0_45.jdk/Contents/Home/jre/lib/jce.jar:/Library/Java/JavaVirtualMachines/jdk1.8.0_45.jdk/Contents/Home/jre/lib/charsets.jar:/Library/Java/JavaVirtualMachines/jdk1.8.0_45.jdk/Contents/Home/jre/lib/jfr.jar:/Library/Java/JavaVirtualMachines/jdk1.8.0_45.jdk/Contents/Home/jre/classes, java.vendor=Oracle Corporation, org.gradle.test.worker=1, file.separator=/, java.vendor.url.bug=http://bugreport.sun.com/bugreport/, sun.io.unicode.encoding=UnicodeBig, sun.cpu.endian=little, socksNonProxyHosts=local|*.local|169.254/16|*.169.254/16, ftp.nonProxyHosts=local|*.local|169.254/16|*.169.254/16, sun.cpu.isalist=}}, SystemEnvironmentPropertySource@740938574 {name='systemEnvironment', properties={PATH=/Users/marciosouza/anaconda3/bin:/usr/local/bin:/usr/bin:/bin:/usr/sbin:/sbin:/opt/X11/bin:/usr/local/git/bin:/Users/marciosouza/Library/Android/sdk/tools:/Users/marciosouza/Documents/desenvolvimento/edx/hadoop-2.7.3/bin:/Users/marciosouza/Documents/desenvolvimento/edx/hadoop-2.7.3/sbin:/Users/marciosouza/Documents/desenvolvimento/kafka_2.10-0.10.2.0/bin:/Users/marciosouza/Documents/desenvolvimento/mongodb/bin:/Users/marciosouza/Documents/desenvolvimento/edx/spark-2.1.0-bin-hadoop2.7/bin:/Users/marciosouza/Documents/desenvolvimento/edx/apache-hive-2.1.1-bin/bin:/Users/marciosouza/Documents/desenvolvimento/apache-maven-3.3.9/bin, JAVA_HOME=/Library/Java/JavaVirtualMachines/jdk1.8.0_45.jdk/Contents/Home, KAFKA_HOME=/Users/marciosouza/Documents/desenvolvimento/kafka_2.10-0.10.2.0, TERM=xterm-256color, ANDROID_HOME=/Users/marciosouza/Library/Android/sdk, DISPLAY=/private/tmp/com.apple.launchd.SGpQ0o0UxR/org.macosforge.xquartz:0, MONGODB_HOME=/Users/marciosouza/Documents/desenvolvimento/mongodb, MAVEN_HOME=/Users/marciosouza/Documents/desenvolvimento/apache-maven-3.3.9, SPARK_HOME=/Users/marciosouza/Documents/desenvolvimento/edx/spark-2.1.0-bin-hadoop2.7, JAVA_MAIN_CLASS_1147=worker.org.gradle.process.internal.worker.GradleWorkerMain, LOGNAME=marciosouza, PWD=/Users/marciosouza/Desktop/curso-kotlin/pontointeligente, XPC_SERVICE_NAME=0, APP_NAME_1131=Gradle, SHELL=/bin/bash, JAVA_MAIN_CLASS_1131=org.gradle.wrapper.GradleWrapperMain, HIVE_HOME=/Users/marciosouza/Documents/desenvolvimento/edx/apache-hive-2.1.1-bin, OLDPWD=/Users/marciosouza/Desktop/curso-kotlin/pontointeligente, USER=marciosouza, APP_ICON_1131=/Users/marciosouza/Desktop/curso-kotlin/pontointeligente/media/gradle.icns, TMPDIR=/var/folders/r8/v7s8yy5x5t18vs6q6qbp6xp40000gn/T/, SSH_AUTH_SOCK=/private/tmp/com.apple.launchd.v8T0NZTVAi/Listeners, XPC_FLAGS=0x0, HADOOP_HOME=/Users/marciosouza/Documents/desenvolvimento/edx/hadoop-2.7.3, __CF_USER_TEXT_ENCODING=0x1F5:0x0:0x0, Apple_PubSub_Socket_Render=/private/tmp/com.apple.launchd.zgPvDYE9P3/Render, LC_CTYPE=en_US.UTF-8, SHLVL=1, HOME=/Users/marciosouza}}]
15:45:25.942 [Test worker] DEBUG org.springframework.core.io.support.PathMatchingResourcePatternResolver - Resolved classpath location [com/kazale/pontointeligente/controllers/] to resources [URL [file:/Users/marciosouza/Desktop/curso-kotlin/pontointeligente/build/classes/test/com/kazale/pontointeligente/controllers/], URL [file:/Users/marciosouza/Desktop/curso-kotlin/pontointeligente/build/classes/main/com/kazale/pontointeligente/controllers/]]
15:45:25.942 [Test worker] DEBUG org.springframework.core.io.support.PathMatchingResourcePatternResolver - Looking for matching resources in directory tree [/Users/marciosouza/Desktop/curso-kotlin/pontointeligente/build/classes/test/com/kazale/pontointeligente/controllers]
15:45:25.942 [Test worker] DEBUG org.springframework.core.io.support.PathMatchingResourcePatternResolver - Searching directory [/Users/marciosouza/Desktop/curso-kotlin/pontointeligente/build/classes/test/com/kazale/pontointeligente/controllers] for files matching pattern [/Users/marciosouza/Desktop/curso-kotlin/pontointeligente/build/classes/test/com/kazale/pontointeligente/controllers/*.class]
15:45:25.946 [Test worker] DEBUG org.springframework.core.io.support.PathMatchingResourcePatternResolver - Looking for matching resources in directory tree [/Users/marciosouza/Desktop/curso-kotlin/pontointeligente/build/classes/main/com/kazale/pontointeligente/controllers]
15:45:25.947 [Test worker] DEBUG org.springframework.core.io.support.PathMatchingResourcePatternResolver - Searching directory [/Users/marciosouza/Desktop/curso-kotlin/pontointeligente/build/classes/main/com/kazale/pontointeligente/controllers] for files matching pattern [/Users/marciosouza/Desktop/curso-kotlin/pontointeligente/build/classes/main/com/kazale/pontointeligente/controllers/*.class]
15:45:25.948 [Test worker] DEBUG org.springframework.core.io.support.PathMatchingResourcePatternResolver - Resolved location pattern [classpath*:com/kazale/pontointeligente/controllers/*.class] to resources [file [/Users/marciosouza/Desktop/curso-kotlin/pontointeligente/build/classes/test/com/kazale/pontointeligente/controllers/LancamentoControllerTest.class], file [/Users/marciosouza/Desktop/curso-kotlin/pontointeligente/build/classes/main/com/kazale/pontointeligente/controllers/CadastroPFController.class], file [/Users/marciosouza/Desktop/curso-kotlin/pontointeligente/build/classes/main/com/kazale/pontointeligente/controllers/CadastroPJController.class], file [/Users/marciosouza/Desktop/curso-kotlin/pontointeligente/build/classes/main/com/kazale/pontointeligente/controllers/EmpresaController.class], file [/Users/marciosouza/Desktop/curso-kotlin/pontointeligente/build/classes/main/com/kazale/pontointeligente/controllers/FuncionarioController.class], file [/Users/marciosouza/Desktop/curso-kotlin/pontointeligente/build/classes/main/com/kazale/pontointeligente/controllers/LancamentoController$listarPorFuncionarioId$lancamentosDto$1.class], file [/Users/marciosouza/Desktop/curso-kotlin/pontointeligente/build/classes/main/com/kazale/pontointeligente/controllers/LancamentoController.class]]
15:45:25.999 [Test worker] DEBUG org.springframework.core.io.support.PathMatchingResourcePatternResolver - Resolved classpath location [com/kazale/pontointeligente/] to resources [URL [file:/Users/marciosouza/Desktop/curso-kotlin/pontointeligente/build/classes/test/com/kazale/pontointeligente/], URL [file:/Users/marciosouza/Desktop/curso-kotlin/pontointeligente/build/classes/main/com/kazale/pontointeligente/]]
15:45:25.999 [Test worker] DEBUG org.springframework.core.io.support.PathMatchingResourcePatternResolver - Looking for matching resources in directory tree [/Users/marciosouza/Desktop/curso-kotlin/pontointeligente/build/classes/test/com/kazale/pontointeligente]
15:45:25.999 [Test worker] DEBUG org.springframework.core.io.support.PathMatchingResourcePatternResolver - Searching directory [/Users/marciosouza/Desktop/curso-kotlin/pontointeligente/build/classes/test/com/kazale/pontointeligente] for files matching pattern [/Users/marciosouza/Desktop/curso-kotlin/pontointeligente/build/classes/test/com/kazale/pontointeligente/*.class]
15:45:26.001 [Test worker] DEBUG org.springframework.core.io.support.PathMatchingResourcePatternResolver - Looking for matching resources in directory tree [/Users/marciosouza/Desktop/curso-kotlin/pontointeligente/build/classes/main/com/kazale/pontointeligente]
15:45:26.001 [Test worker] DEBUG org.springframework.core.io.support.PathMatchingResourcePatternResolver - Searching directory [/Users/marciosouza/Desktop/curso-kotlin/pontointeligente/build/classes/main/com/kazale/pontointeligente] for files matching pattern [/Users/marciosouza/Desktop/curso-kotlin/pontointeligente/build/classes/main/com/kazale/pontointeligente/*.class]
15:45:26.004 [Test worker] DEBUG org.springframework.core.io.support.PathMatchingResourcePatternResolver - Resolved location pattern [classpath*:com/kazale/pontointeligente/*.class] to resources [file [/Users/marciosouza/Desktop/curso-kotlin/pontointeligente/build/classes/test/com/kazale/pontointeligente/PontointeligenteApplicationTests.class], file [/Users/marciosouza/Desktop/curso-kotlin/pontointeligente/build/classes/main/com/kazale/pontointeligente/PontointeligenteApplication.class], file [/Users/marciosouza/Desktop/curso-kotlin/pontointeligente/build/classes/main/com/kazale/pontointeligente/PontointeligenteApplicationKt.class]]
15:45:26.033 [Test worker] DEBUG org.springframework.context.annotation.ClassPathScanningCandidateComponentProvider - Identified candidate component class: file [/Users/marciosouza/Desktop/curso-kotlin/pontointeligente/build/classes/main/com/kazale/pontointeligente/PontointeligenteApplication.class]
15:45:26.035 [Test worker] INFO org.springframework.boot.test.context.SpringBootTestContextBootstrapper - Found @SpringBootConfiguration com.kazale.pontointeligente.PontointeligenteApplication for test class com.kazale.pontointeligente.controllers.LancamentoControllerTest
15:45:26.040 [Test worker] DEBUG org.springframework.boot.test.context.SpringBootTestContextBootstrapper - @TestExecutionListeners is not present for class [com.kazale.pontointeligente.controllers.LancamentoControllerTest]: using defaults.
15:45:26.045 [Test worker] INFO org.springframework.boot.test.context.SpringBootTestContextBootstrapper - Loaded default TestExecutionListener class names from location [META-INF/spring.factories]: [org.springframework.security.test.context.support.WithSecurityContextTestExecutionListener, org.springframework.boot.test.mock.mockito.MockitoTestExecutionListener, org.springframework.boot.test.mock.mockito.ResetMocksTestExecutionListener, org.springframework.boot.test.autoconfigure.restdocs.RestDocsTestExecutionListener, org.springframework.boot.test.autoconfigure.web.client.MockRestServiceServerResetTestExecutionListener, org.springframework.boot.test.autoconfigure.web.servlet.MockMvcPrintOnlyOnFailureTestExecutionListener, org.springframework.boot.test.autoconfigure.web.servlet.WebDriverTestExecutionListener, org.springframework.test.context.web.ServletTestExecutionListener, org.springframework.test.context.support.DirtiesContextBeforeModesTestExecutionListener, org.springframework.test.context.support.DependencyInjectionTestExecutionListener, org.springframework.test.context.support.DirtiesContextTestExecutionListener, org.springframework.test.context.transaction.TransactionalTestExecutionListener, org.springframework.test.context.jdbc.SqlScriptsTestExecutionListener]
15:45:26.068 [Test worker] INFO org.springframework.boot.test.context.SpringBootTestContextBootstrapper - Using TestExecutionListeners: [org.springframework.test.context.web.ServletTestExecutionListener@51fde6e3, org.springframework.test.context.support.DirtiesContextBeforeModesTestExecutionListener@172a1f61, org.springframework.boot.test.autoconfigure.SpringBootDependencyInjectionTestExecutionListener@e85242e, org.springframework.test.context.support.DirtiesContextTestExecutionListener@41ce949d, org.springframework.test.context.transaction.TransactionalTestExecutionListener@7fbaa8b9, org.springframework.test.context.jdbc.SqlScriptsTestExecutionListener@382c7138, org.springframework.security.test.context.support.WithSecurityContextTestExecutionListener@1faf9647, org.springframework.boot.test.autoconfigure.restdocs.RestDocsTestExecutionListener@2af09353, org.springframework.boot.test.autoconfigure.web.client.MockRestServiceServerResetTestExecutionListener@2519d4, org.springframework.boot.test.mock.mockito.ResetMocksTestExecutionListener@5b5b1d59, org.springframework.boot.test.mock.mockito.MockitoTestExecutionListener@38a5a5db, org.springframework.boot.test.autoconfigure.web.servlet.WebDriverTestExecutionListener@16e1d397, org.springframework.boot.test.autoconfigure.web.servlet.MockMvcPrintOnlyOnFailureTestExecutionListener@3ea29326]
15:45:26.071 [Test worker] DEBUG org.springframework.test.annotation.ProfileValueUtils - Retrieved @ProfileValueSourceConfiguration [null] for test class [com.kazale.pontointeligente.controllers.LancamentoControllerTest]
15:45:26.072 [Test worker] DEBUG org.springframework.test.annotation.ProfileValueUtils - Retrieved ProfileValueSource type [class org.springframework.test.annotation.SystemProfileValueSource] for class [com.kazale.pontointeligente.controllers.LancamentoControllerTest]
15:45:26.073 [Test worker] DEBUG org.springframework.test.annotation.ProfileValueUtils - Retrieved @ProfileValueSourceConfiguration [null] for test class [com.kazale.pontointeligente.controllers.LancamentoControllerTest]
15:45:26.073 [Test worker] DEBUG org.springframework.test.annotation.ProfileValueUtils - Retrieved ProfileValueSource type [class org.springframework.test.annotation.SystemProfileValueSource] for class [com.kazale.pontointeligente.controllers.LancamentoControllerTest]
15:45:26.081 [Test worker] DEBUG org.springframework.test.context.support.AbstractDirtiesContextTestExecutionListener - Before test class: context [DefaultTestContext@46eaad63 testClass = LancamentoControllerTest, testInstance = [null], testMethod = [null], testException = [null], mergedContextConfiguration = [WebMergedContextConfiguration@46e2c875 testClass = LancamentoControllerTest, locations = '{}', classes = '{class com.kazale.pontointeligente.PontointeligenteApplication}', contextInitializerClasses = '[]', activeProfiles = '{}', propertySourceLocations = '{}', propertySourceProperties = '{org.springframework.boot.test.context.SpringBootTestContextBootstrapper=true}', contextCustomizers = set[[ImportsContextCustomizer@3be81225 key = [org.springframework.boot.test.autoconfigure.web.servlet.MockMvcAutoConfiguration, org.springframework.boot.test.autoconfigure.web.servlet.MockMvcSecurityAutoConfiguration, org.springframework.boot.test.autoconfigure.web.servlet.MockMvcWebClientAutoConfiguration, org.springframework.boot.test.autoconfigure.web.servlet.MockMvcWebDriverAutoConfiguration]], org.springframework.boot.test.context.SpringBootTestContextCustomizer@70e8fc68, org.springframework.boot.test.context.filter.ExcludeFilterContextCustomizer@358a76d7, org.springframework.boot.test.json.DuplicateJsonObjectContextCustomizerFactory$DuplicateJsonObjectContextCustomizer@165e6a12, org.springframework.boot.test.mock.mockito.MockitoContextCustomizer@cebea018, org.springframework.boot.test.autoconfigure.properties.PropertyMappingContextCustomizer@e7e8512, org.springframework.boot.test.autoconfigure.web.servlet.WebDriverContextCustomizerFactory$Customizer@4445f1b5], resourceBasePath = 'src/main/webapp', contextLoader = 'org.springframework.boot.test.context.SpringBootContextLoader', parent = [null]]], class annotated with @DirtiesContext [false] with mode [null].
15:45:26.082 [Test worker] DEBUG org.springframework.test.annotation.ProfileValueUtils - Retrieved @ProfileValueSourceConfiguration [null] for test class [com.kazale.pontointeligente.controllers.LancamentoControllerTest]
15:45:26.082 [Test worker] DEBUG org.springframework.test.annotation.ProfileValueUtils - Retrieved ProfileValueSource type [class org.springframework.test.annotation.SystemProfileValueSource] for class [com.kazale.pontointeligente.controllers.LancamentoControllerTest]
15:45:26.153 [Test worker] DEBUG org.springframework.core.env.StandardEnvironment - Adding PropertySource 'systemProperties' with lowest search precedence
15:45:26.154 [Test worker] DEBUG org.springframework.core.env.StandardEnvironment - Adding PropertySource 'systemEnvironment' with lowest search precedence
15:45:26.154 [Test worker] DEBUG org.springframework.core.env.StandardEnvironment - Initialized StandardEnvironment with PropertySources [MapPropertySource@1667965259 {name='systemProperties', properties={java.runtime.name=Java(TM) SE Runtime Environment, sun.boot.library.path=/Library/Java/JavaVirtualMachines/jdk1.8.0_45.jdk/Contents/Home/jre/lib, java.vm.version=25.45-b02, gopherProxySet=false, java.vm.vendor=Oracle Corporation, java.vendor.url=http://java.oracle.com/, path.separator=:, java.vm.name=Java HotSpot(TM) 64-Bit Server VM, file.encoding.pkg=sun.io, sun.java.launcher=SUN_STANDARD, user.country=US, sun.os.patch.level=unknown, java.vm.specification.name=Java Virtual Machine Specification, user.dir=/Users/marciosouza/Desktop/curso-kotlin/pontointeligente, java.runtime.version=1.8.0_45-b14, java.awt.graphicsenv=sun.awt.CGraphicsEnvironment, java.endorsed.dirs=/Library/Java/JavaVirtualMachines/jdk1.8.0_45.jdk/Contents/Home/jre/lib/endorsed, os.arch=x86_64, java.io.tmpdir=/var/folders/r8/v7s8yy5x5t18vs6q6qbp6xp40000gn/T/, line.separator=
, java.vm.specification.vendor=Oracle Corporation, user.variant=, os.name=Mac OS X, sun.jnu.encoding=UTF-8, java.library.path=/Users/marciosouza/Library/Java/Extensions:/Library/Java/Extensions:/Network/Library/Java/Extensions:/System/Library/Java/Extensions:/usr/lib/java:., java.specification.name=Java Platform API Specification, java.class.version=52.0, sun.management.compiler=HotSpot 64-Bit Tiered Compilers, os.version=10.10.5, http.nonProxyHosts=local|*.local|169.254/16|*.169.254/16, user.home=/Users/marciosouza, user.timezone=Europe/London, java.awt.printerjob=sun.lwawt.macosx.CPrinterJob, file.encoding=UTF-8, java.specification.version=1.8, java.class.path=/Users/marciosouza/Desktop/curso-kotlin/pontointeligente/build/classes/test:/Users/marciosouza/Desktop/curso-kotlin/pontointeligente/build/resources/test:/Users/marciosouza/Desktop/curso-kotlin/pontointeligente/build/classes/main:/Users/marciosouza/Desktop/curso-kotlin/pontointeligente/build/resources/main:/Users/marciosouza/.gradle/caches/modules-2/files-2.1/org.springframework.boot/spring-boot-starter-data-mongodb/1.5.7.RELEASE/6f49f19bd4f646e4352e78cd66ecce9ed94f069e/spring-boot-starter-data-mongodb-1.5.7.RELEASE.jar:/Users/marciosouza/.gradle/caches/modules-2/files-2.1/org.springframework.boot/spring-boot-starter-security/1.5.7.RELEASE/e680aa1a8990a6e98e7a843c88f0a8bc378bb4d/spring-boot-starter-security-1.5.7.RELEASE.jar:/Users/marciosouza/.gradle/caches/modules-2/files-2.1/org.springframework.boot/spring-boot-starter-web/1.5.7.RELEASE/a862305be8b7512a41f6768d825ed37251ccbbe0/spring-boot-starter-web-1.5.7.RELEASE.jar:/Users/marciosouza/.gradle/caches/modules-2/files-2.1/org.jetbrains.kotlin/kotlin-stdlib-jre8/1.1.51/cc8e639ff087472268912159cd66c01f2765c657/kotlin-stdlib-jre8-1.1.51.jar:/Users/marciosouza/.gradle/caches/modules-2/files-2.1/org.jetbrains.kotlin/kotlin-reflect/1.1.51/222365b4b684bfe35a7676c5ff69b4b414e398fa/kotlin-reflect-1.1.51.jar:/Users/marciosouza/.gradle/caches/modules-2/files-2.1/org.springframework.boot/spring-boot-starter-test/1.5.7.RELEASE/d23f37a72c2d4e46aba66bc69a649213f9cadeee/spring-boot-starter-test-1.5.7.RELEASE.jar:/Users/marciosouza/.gradle/caches/modules-2/files-2.1/de.flapdoodle.embed/de.flapdoodle.embed.mongo/1.50.5/2393e167c3c6ed6b896470fdb813244769ac0d3f/de.flapdoodle.embed.mongo-1.50.5.jar:/Users/marciosouza/.gradle/caches/modules-2/files-2.1/org.springframework.security/spring-security-test/4.2.3.RELEASE/f93339f597290d85a596f25a7841b9109b79ced6/spring-security-test-4.2.3.RELEASE.jar:/Users/marciosouza/.gradle/caches/modules-2/files-2.1/org.springframework.boot/spring-boot-starter/1.5.7.RELEASE/b42fe6962dd8b3be4ac8c1d7134d0ca2d0a35c7e/spring-boot-starter-1.5.7.RELEASE.jar:/Users/marciosouza/.gradle/caches/modules-2/files-2.1/org.mongodb/mongodb-driver/3.4.3/a1c708919fdca8da4a527cb4ea9df30f8db9993b/mongodb-driver-3.4.3.jar:/Users/marciosouza/.gradle/caches/modules-2/files-2.1/org.springframework.data/spring-data-mongodb/1.10.7.RELEASE/ef036c121f13b2b219d635a7e7d9505cabd8c636/spring-data-mongodb-1.10.7.RELEASE.jar:/Users/marciosouza/.gradle/caches/modules-2/files-2.1/org.springframework/spring-aop/4.3.11.RELEASE/461d0bb58f1de30203d9331adf4b51de9554de5a/spring-aop-4.3.11.RELEASE.jar:/Users/marciosouza/.gradle/caches/modules-2/files-2.1/org.springframework.security/spring-security-config/4.2.3.RELEASE/9f3771903616e33521836fd999d63efbfebf90d/spring-security-config-4.2.3.RELEASE.jar:/Users/marciosouza/.gradle/caches/modules-2/files-2.1/org.springframework.security/spring-security-web/4.2.3.RELEASE/7a03e737484ca232d7146852f06d067ac21427ac/spring-security-web-4.2.3.RELEASE.jar:/Users/marciosouza/.gradle/caches/modules-2/files-2.1/org.springframework.boot/spring-boot-starter-tomcat/1.5.7.RELEASE/eae533e2a0111a51d812912acb3d3e2368736d1b/spring-boot-starter-tomcat-1.5.7.RELEASE.jar:/Users/marciosouza/.gradle/caches/modules-2/files-2.1/org.hibernate/hibernate-validator/5.3.5.Final/622a9bcef2eed6d41b5b8e0662c36212009e375/hibernate-validator-5.3.5.Final.jar:/Users/marciosouza/.gradle/caches/modules-2/files-2.1/com.fasterxml.jackson.core/jackson-databind/2.8.10/f7b83cb2bc4b88d53961e749e1ad32f49ef017b7/jackson-databind-2.8.10.jar:/Users/marciosouza/.gradle/caches/modules-2/files-2.1/org.springframework/spring-web/4.3.11.RELEASE/50a3dfce550bdf9459dfb2c6282aa104b040258e/spring-web-4.3.11.RELEASE.jar:/Users/marciosouza/.gradle/caches/modules-2/files-2.1/org.springframework/spring-webmvc/4.3.11.RELEASE/814f91ec4dc324e724bbe7cbc5045b234604c539/spring-webmvc-4.3.11.RELEASE.jar:/Users/marciosouza/.gradle/caches/modules-2/files-2.1/org.jetbrains.kotlin/kotlin-stdlib/1.1.51/e34fe80c9714240525f665113dd3749415515655/kotlin-stdlib-1.1.51.jar:/Users/marciosouza/.gradle/caches/modules-2/files-2.1/org.jetbrains.kotlin/kotlin-stdlib-jre7/1.1.51/8b5933578dc55f32cfc1a25f1db6371e4161fb8f/kotlin-stdlib-jre7-1.1.51.jar:/Users/marciosouza/.gradle/caches/modules-2/files-2.1/org.springframework.boot/spring-boot-test/1.5.7.RELEASE/b8d77445d48f4320f404d8f13f4e5cb95bc36b30/spring-boot-test-1.5.7.RELEASE.jar:/Users/marciosouza/.gradle/caches/modules-2/files-2.1/org.springframework.boot/spring-boot-test-autoconfigure/1.5.7.RELEASE/8bead16b97c9f1b5fe7c47f3e030dd9351a6974d/spring-boot-test-autoconfigure-1.5.7.RELEASE.jar:/Users/marciosouza/.gradle/caches/modules-2/files-2.1/com.jayway.jsonpath/json-path/2.2.0/22290d17944bd239fabf5ac69005a60a7ecbbbcb/json-path-2.2.0.jar:/Users/marciosouza/.gradle/caches/modules-2/files-2.1/junit/junit/4.12/2973d150c0dc1fefe998f834810d68f278ea58ec/junit-4.12.jar:/Users/marciosouza/.gradle/caches/modules-2/files-2.1/org.assertj/assertj-core/2.6.0/b532c3fc4f66bcfee4989a3514f1cd56203a33ad/assertj-core-2.6.0.jar:/Users/marciosouza/.gradle/caches/modules-2/files-2.1/org.mockito/mockito-core/1.10.19/e8546f5bef4e061d8dd73895b4e8f40e3fe6effe/mockito-core-1.10.19.jar:/Users/marciosouza/.gradle/caches/modules-2/files-2.1/org.hamcrest/hamcrest-core/1.3/42a25dc3219429f0e5d060061f71acb49bf010a0/hamcrest-core-1.3.jar:/Users/marciosouza/.gradle/caches/modules-2/files-2.1/org.hamcrest/hamcrest-library/1.3/4785a3c21320980282f9f33d0d1264a69040538f/hamcrest-library-1.3.jar:/Users/marciosouza/.gradle/caches/modules-2/files-2.1/org.skyscreamer/jsonassert/1.4.0/9cdbb373a06f6513e51e8c545ee6a5e981463edb/jsonassert-1.4.0.jar:/Users/marciosouza/.gradle/caches/modules-2/files-2.1/org.springframework/spring-core/4.3.11.RELEASE/eb30ed093f628279d3aead068fd478fa343f1dad/spring-core-4.3.11.RELEASE.jar:/Users/marciosouza/.gradle/caches/modules-2/files-2.1/org.springframework/spring-test/4.3.11.RELEASE/cf765b5d6d6bdc38c67522ecae3fe9549da43e1/spring-test-4.3.11.RELEASE.jar:/Users/marciosouza/.gradle/caches/modules-2/files-2.1/de.flapdoodle.embed/de.flapdoodle.embed.process/1.50.2/7f00ce5e05a6f7d58b2fffd04fbdbb15956bfa8/de.flapdoodle.embed.process-1.50.2.jar:/Users/marciosouza/.gradle/caches/modules-2/files-2.1/org.springframework.security/spring-security-core/4.2.3.RELEASE/5c0e47a47036c94d6fdd02696bf52be6d1adbd4d/spring-security-core-4.2.3.RELEASE.jar:/Users/marciosouza/.gradle/caches/modules-2/files-2.1/org.springframework.boot/spring-boot/1.5.7.RELEASE/1006870df7b3dc203df7ce84463c5dd7049fdaa4/spring-boot-1.5.7.RELEASE.jar:/Users/marciosouza/.gradle/caches/modules-2/files-2.1/org.springframework.boot/spring-boot-autoconfigure/1.5.7.RELEASE/e83f1407ff991e9e7eb156f49fa19d868bb73289/spring-boot-autoconfigure-1.5.7.RELEASE.jar:/Users/marciosouza/.gradle/caches/modules-2/files-2.1/org.springframework.boot/spring-boot-starter-logging/1.5.7.RELEASE/c84c4ea09d7f789a0d5e936a961471e5dbd9295e/spring-boot-starter-logging-1.5.7.RELEASE.jar:/Users/marciosouza/.gradle/caches/modules-2/files-2.1/org.yaml/snakeyaml/1.17/7a27ea250c5130b2922b86dea63cbb1cc10a660c/snakeyaml-1.17.jar:/Users/marciosouza/.gradle/caches/modules-2/files-2.1/org.mongodb/mongodb-driver-core/3.4.3/c588da4e7b4ac9330e58d4d5b414508ccb14367b/mongodb-driver-core-3.4.3.jar:/Users/marciosouza/.gradle/caches/modules-2/files-2.1/org.mongodb/bson/3.4.3/83a9328ce8ffbdf29f4b46b531012427983ad3ec/bson-3.4.3.jar:/Users/marciosouza/.gradle/caches/modules-2/files-2.1/org.springframework/spring-tx/4.3.11.RELEASE/c931ee363d2269f03edfeb83d7d7fe23924ab8a1/spring-tx-4.3.11.RELEASE.jar:/Users/marciosouza/.gradle/caches/modules-2/files-2.1/org.springframework/spring-context/4.3.11.RELEASE/3efec2d7c7469d49108a2b21c3f15831f7297569/spring-context-4.3.11.RELEASE.jar:/Users/marciosouza/.gradle/caches/modules-2/files-2.1/org.springframework/spring-beans/4.3.11.RELEASE/591cc35fd39292adae13f01aa13e978d0bb11936/spring-beans-4.3.11.RELEASE.jar:/Users/marciosouza/.gradle/caches/modules-2/files-2.1/org.springframework/spring-expression/4.3.11.RELEASE/fca662a2fccdad90ec22b2aaecb021047dcbe249/spring-expression-4.3.11.RELEASE.jar:/Users/marciosouza/.gradle/caches/modules-2/files-2.1/org.springframework.data/spring-data-commons/1.13.7.RELEASE/cf4538abda1f0a9cf2323d6e4204df0130aeec73/spring-data-commons-1.13.7.RELEASE.jar:/Users/marciosouza/.gradle/caches/modules-2/files-2.1/org.slf4j/slf4j-api/1.7.25/da76ca59f6a57ee3102f8f9bd9cee742973efa8a/slf4j-api-1.7.25.jar:/Users/marciosouza/.gradle/caches/modules-2/files-2.1/org.slf4j/jcl-over-slf4j/1.7.25/f8c32b13ff142a513eeb5b6330b1588dcb2c0461/jcl-over-slf4j-1.7.25.jar:/Users/marciosouza/.gradle/caches/modules-2/files-2.1/aopalliance/aopalliance/1.0/235ba8b489512805ac13a8f9ea77a1ca5ebe3e8/aopalliance-1.0.jar:/Users/marciosouza/.gradle/caches/modules-2/files-2.1/org.apache.tomcat.embed/tomcat-embed-core/8.5.20/b9026ee20f1f6a2b0fc3e51dd806d800901448b0/tomcat-embed-core-8.5.20.jar:/Users/marciosouza/.gradle/caches/modules-2/files-2.1/org.apache.tomcat.embed/tomcat-embed-el/8.5.20/42960f481a8a80f4ffd3b865c2232820e3565bf1/tomcat-embed-el-8.5.20.jar:/Users/marciosouza/.gradle/caches/modules-2/files-2.1/org.apache.tomcat.embed/tomcat-embed-websocket/8.5.20/4df9055507926a2651f691cc9964c50493a0ab29/tomcat-embed-websocket-8.5.20.jar:/Users/marciosouza/.gradle/caches/modules-2/files-2.1/javax.validation/validation-api/1.1.0.Final/8613ae82954779d518631e05daa73a6a954817d5/validation-api-1.1.0.Final.jar:/Users/marciosouza/.gradle/caches/modules-2/files-2.1/org.jboss.logging/jboss-logging/3.3.1.Final/c46217ab74b532568c0ed31dc599db3048bd1b67/jboss-logging-3.3.1.Final.jar:/Users/marciosouza/.gradle/caches/modules-2/files-2.1/com.fasterxml/classmate/1.3.4/3d5f48f10bbe4eb7bd862f10c0583be2e0053c6/classmate-1.3.4.jar:/Users/marciosouza/.gradle/caches/modules-2/files-2.1/com.fasterxml.jackson.core/jackson-annotations/2.8.0/45b426f7796b741035581a176744d91090e2e6fb/jackson-annotations-2.8.0.jar:/Users/marciosouza/.gradle/caches/modules-2/files-2.1/com.fasterxml.jackson.core/jackson-core/2.8.10/eb21a035c66ad307e66ec8fce37f5d50fd62d039/jackson-core-2.8.10.jar:/Users/marciosouza/.gradle/caches/modules-2/files-2.1/org.jetbrains/annotations/13.0/919f0dfe192fb4e063e7dacadee7f8bb9a2672a9/annotations-13.0.jar:/Users/marciosouza/.gradle/caches/modules-2/files-2.1/net.minidev/json-smart/2.2.1/5b9e5df7a62d1279b70dc882b041d249c4f0b002/json-smart-2.2.1.jar:/Users/marciosouza/.gradle/caches/modules-2/files-2.1/org.objenesis/objenesis/2.1/87c0ea803b69252868d09308b4618f766f135a96/objenesis-2.1.jar:/Users/marciosouza/.gradle/caches/modules-2/files-2.1/com.vaadin.external.google/android-json/0.0.20131108.vaadin1/fa26d351fe62a6a17f5cda1287c1c6110dec413f/android-json-0.0.20131108.vaadin1.jar:/Users/marciosouza/.gradle/caches/modules-2/files-2.1/commons-io/commons-io/2.4/b1b6ea3b7e4aa4f492509a4952029cd8e48019ad/commons-io-2.4.jar:/Users/marciosouza/.gradle/caches/modules-2/files-2.1/org.apache.commons/commons-lang3/3.1/905075e6c80f206bbe6cf1e809d2caa69f420c76/commons-lang3-3.1.jar:/Users/marciosouza/.gradle/caches/modules-2/files-2.1/net.java.dev.jna/jna/4.2.2/5012450aee579c3118ff09461d5ce210e0cdc2a9/jna-4.2.2.jar:/Users/marciosouza/.gradle/caches/modules-2/files-2.1/net.java.dev.jna/jna-platform/4.0.0/deb6bf66918989b50209b8c9aaf3b2561af7f011/jna-platform-4.0.0.jar:/Users/marciosouza/.gradle/caches/modules-2/files-2.1/org.apache.commons/commons-compress/1.10/5eeb27c57eece1faf2d837868aeccc94d84dcc9a/commons-compress-1.10.jar:/Users/marciosouza/.gradle/caches/modules-2/files-2.1/ch.qos.logback/logback-classic/1.1.11/ccedfbacef4a6515d2983e3f89ed753d5d4fb665/logback-classic-1.1.11.jar:/Users/marciosouza/.gradle/caches/modules-2/files-2.1/org.slf4j/jul-to-slf4j/1.7.25/af5364cd6679bfffb114f0dec8a157aaa283b76/jul-to-slf4j-1.7.25.jar:/Users/marciosouza/.gradle/caches/modules-2/files-2.1/org.slf4j/log4j-over-slf4j/1.7.25/a87bb47468f47ee7aabbd54f93e133d4215769c3/log4j-over-slf4j-1.7.25.jar:/Users/marciosouza/.gradle/caches/modules-2/files-2.1/net.minidev/accessors-smart/1.1/a527213f2fea112a04c9bdf0ec0264e34104cd08/accessors-smart-1.1.jar:/Users/marciosouza/.gradle/caches/modules-2/files-2.1/ch.qos.logback/logback-core/1.1.11/88b8df40340eed549fb07e2613879bf6b006704d/logback-core-1.1.11.jar:/Users/marciosouza/.gradle/caches/modules-2/files-2.1/org.ow2.asm/asm/5.0.3/dcc2193db20e19e1feca8b1240dbbc4e190824fa/asm-5.0.3.jar, user.name=marciosouza, java.vm.specification.version=1.8, sun.java.command=worker.org.gradle.process.internal.worker.GradleWorkerMain 'Gradle Test Executor 1', java.home=/Library/Java/JavaVirtualMachines/jdk1.8.0_45.jdk/Contents/Home/jre, sun.arch.data.model=64, user.language=en, java.specification.vendor=Oracle Corporation, awt.toolkit=sun.lwawt.macosx.LWCToolkit, java.vm.info=mixed mode, java.version=1.8.0_45, java.ext.dirs=/Users/marciosouza/Library/Java/Extensions:/Library/Java/JavaVirtualMachines/jdk1.8.0_45.jdk/Contents/Home/jre/lib/ext:/Library/Java/Extensions:/Network/Library/Java/Extensions:/System/Library/Java/Extensions:/usr/lib/java, sun.boot.class.path=/Library/Java/JavaVirtualMachines/jdk1.8.0_45.jdk/Contents/Home/jre/lib/resources.jar:/Library/Java/JavaVirtualMachines/jdk1.8.0_45.jdk/Contents/Home/jre/lib/rt.jar:/Library/Java/JavaVirtualMachines/jdk1.8.0_45.jdk/Contents/Home/jre/lib/sunrsasign.jar:/Library/Java/JavaVirtualMachines/jdk1.8.0_45.jdk/Contents/Home/jre/lib/jsse.jar:/Library/Java/JavaVirtualMachines/jdk1.8.0_45.jdk/Contents/Home/jre/lib/jce.jar:/Library/Java/JavaVirtualMachines/jdk1.8.0_45.jdk/Contents/Home/jre/lib/charsets.jar:/Library/Java/JavaVirtualMachines/jdk1.8.0_45.jdk/Contents/Home/jre/lib/jfr.jar:/Library/Java/JavaVirtualMachines/jdk1.8.0_45.jdk/Contents/Home/jre/classes, java.vendor=Oracle Corporation, org.gradle.test.worker=1, file.separator=/, java.vendor.url.bug=http://bugreport.sun.com/bugreport/, sun.io.unicode.encoding=UnicodeBig, sun.cpu.endian=little, socksNonProxyHosts=local|*.local|169.254/16|*.169.254/16, ftp.nonProxyHosts=local|*.local|169.254/16|*.169.254/16, sun.cpu.isalist=}}, SystemEnvironmentPropertySource@1994003212 {name='systemEnvironment', properties={PATH=/Users/marciosouza/anaconda3/bin:/usr/local/bin:/usr/bin:/bin:/usr/sbin:/sbin:/opt/X11/bin:/usr/local/git/bin:/Users/marciosouza/Library/Android/sdk/tools:/Users/marciosouza/Documents/desenvolvimento/edx/hadoop-2.7.3/bin:/Users/marciosouza/Documents/desenvolvimento/edx/hadoop-2.7.3/sbin:/Users/marciosouza/Documents/desenvolvimento/kafka_2.10-0.10.2.0/bin:/Users/marciosouza/Documents/desenvolvimento/mongodb/bin:/Users/marciosouza/Documents/desenvolvimento/edx/spark-2.1.0-bin-hadoop2.7/bin:/Users/marciosouza/Documents/desenvolvimento/edx/apache-hive-2.1.1-bin/bin:/Users/marciosouza/Documents/desenvolvimento/apache-maven-3.3.9/bin, JAVA_HOME=/Library/Java/JavaVirtualMachines/jdk1.8.0_45.jdk/Contents/Home, KAFKA_HOME=/Users/marciosouza/Documents/desenvolvimento/kafka_2.10-0.10.2.0, TERM=xterm-256color, ANDROID_HOME=/Users/marciosouza/Library/Android/sdk, DISPLAY=/private/tmp/com.apple.launchd.SGpQ0o0UxR/org.macosforge.xquartz:0, MONGODB_HOME=/Users/marciosouza/Documents/desenvolvimento/mongodb, MAVEN_HOME=/Users/marciosouza/Documents/desenvolvimento/apache-maven-3.3.9, SPARK_HOME=/Users/marciosouza/Documents/desenvolvimento/edx/spark-2.1.0-bin-hadoop2.7, JAVA_MAIN_CLASS_1147=worker.org.gradle.process.internal.worker.GradleWorkerMain, LOGNAME=marciosouza, PWD=/Users/marciosouza/Desktop/curso-kotlin/pontointeligente, XPC_SERVICE_NAME=0, APP_NAME_1131=Gradle, SHELL=/bin/bash, JAVA_MAIN_CLASS_1131=org.gradle.wrapper.GradleWrapperMain, HIVE_HOME=/Users/marciosouza/Documents/desenvolvimento/edx/apache-hive-2.1.1-bin, OLDPWD=/Users/marciosouza/Desktop/curso-kotlin/pontointeligente, USER=marciosouza, APP_ICON_1131=/Users/marciosouza/Desktop/curso-kotlin/pontointeligente/media/gradle.icns, TMPDIR=/var/folders/r8/v7s8yy5x5t18vs6q6qbp6xp40000gn/T/, SSH_AUTH_SOCK=/private/tmp/com.apple.launchd.v8T0NZTVAi/Listeners, XPC_FLAGS=0x0, HADOOP_HOME=/Users/marciosouza/Documents/desenvolvimento/edx/hadoop-2.7.3, __CF_USER_TEXT_ENCODING=0x1F5:0x0:0x0, Apple_PubSub_Socket_Render=/private/tmp/com.apple.launchd.zgPvDYE9P3/Render, LC_CTYPE=en_US.UTF-8, SHLVL=1, HOME=/Users/marciosouza}}]
15:45:26.159 [Test worker] DEBUG org.springframework.core.env.MutablePropertySources - Adding PropertySource 'inline' with highest search precedence
15:45:26.166 [Test worker] DEBUG org.springframework.test.context.support.TestPropertySourceUtils - Adding inlined properties to environment: {spring.jmx.enabled=false, org.springframework.boot.test.context.SpringBootTestContextBootstrapper=true, server.port=-1}
15:45:26.166 [Test worker] DEBUG org.springframework.core.env.StandardEnvironment - Adding PropertySource 'Inlined Test Properties' with highest search precedence

  .   ____          _            __ _ _
 /\\ / ___'_ __ _ _(_)_ __  __ _ \ \ \ \
( ( )\___ | '_ | '_| | '_ \/ _` | \ \ \ \
 \\/  ___)| |_)| | | | | || (_| |  ) ) ) )
  '  |____| .__|_| |_|_| |_\__, | / / / /
 =========|_|==============|___/=/_/_/_/
 :: Spring Boot ::        (v1.5.7.RELEASE)

2017-10-28 15:45:26.558  INFO 1147 --- [    Test worker] c.k.p.c.LancamentoControllerTest         : Starting LancamentoControllerTest on Marcios-MacBook-Pro.local with PID 1147 (started by marciosouza in /Users/marciosouza/Desktop/curso-kotlin/pontointeligente)
2017-10-28 15:45:26.559  INFO 1147 --- [    Test worker] c.k.p.c.LancamentoControllerTest         : No active profile set, falling back to default profiles: default
2017-10-28 15:45:26.590  INFO 1147 --- [    Test worker] o.s.w.c.s.GenericWebApplicationContext   : Refreshing org.springframework.web.context.support.GenericWebApplicationContext@5013574f: startup date [Sat Oct 28 15:45:26 BST 2017]; root of context hierarchy
2017-10-28 15:45:32.185  INFO 1147 --- [       Thread-8] o.s.b.a.mongo.embedded.EmbeddedMongo     : note: noprealloc may hurt performance in many applications
2017-10-28 15:45:32.202  INFO 1147 --- [       Thread-8] o.s.b.a.mongo.embedded.EmbeddedMongo     : 2017-10-28T15:45:32.201+0100 I CONTROL  [initandlisten] MongoDB starting : pid=1148 port=53270 dbpath=/var/folders/r8/v7s8yy5x5t18vs6q6qbp6xp40000gn/T/embedmongo-db-174dfbf8-2b44-4142-a639-426175c6085e 64-bit host=Marcios-MacBook-Pro.local
2017-10-28 15:45:32.202  INFO 1147 --- [       Thread-8] o.s.b.a.mongo.embedded.EmbeddedMongo     : 2017-10-28T15:45:32.202+0100 I CONTROL  [initandlisten] db version v3.2.2
2017-10-28 15:45:32.203  INFO 1147 --- [       Thread-8] o.s.b.a.mongo.embedded.EmbeddedMongo     : 2017-10-28T15:45:32.202+0100 I CONTROL  [initandlisten] git version: 6e71d0d568e134c029203593b00a0103e7cdf30b
2017-10-28 15:45:32.203  INFO 1147 --- [       Thread-8] o.s.b.a.mongo.embedded.EmbeddedMongo     : 2017-10-28T15:45:32.202+0100 I CONTROL  [initandlisten] allocator: system
2017-10-28 15:45:32.203  INFO 1147 --- [       Thread-8] o.s.b.a.mongo.embedded.EmbeddedMongo     : 2017-10-28T15:45:32.202+0100 I CONTROL  [initandlisten] modules: none
2017-10-28 15:45:32.203  INFO 1147 --- [       Thread-8] o.s.b.a.mongo.embedded.EmbeddedMongo     : 2017-10-28T15:45:32.202+0100 I CONTROL  [initandlisten] build environment:
2017-10-28 15:45:32.203  INFO 1147 --- [       Thread-8] o.s.b.a.mongo.embedded.EmbeddedMongo     : 2017-10-28T15:45:32.202+0100 I CONTROL  [initandlisten]     distarch: x86_64
2017-10-28 15:45:32.203  INFO 1147 --- [       Thread-8] o.s.b.a.mongo.embedded.EmbeddedMongo     : 2017-10-28T15:45:32.202+0100 I CONTROL  [initandlisten]     target_arch: x86_64
2017-10-28 15:45:32.204  INFO 1147 --- [       Thread-8] o.s.b.a.mongo.embedded.EmbeddedMongo     : 2017-10-28T15:45:32.202+0100 I CONTROL  [initandlisten] options: { net: { bindIp: "127.0.0.1", http: { enabled: false }, port: 53270 }, security: { authorization: "disabled" }, storage: { dbPath: "/var/folders/r8/v7s8yy5x5t18vs6q6qbp6xp40000gn/T/embedmongo-db-174dfbf8-2b44-4142-a639-426175c6085e", journal: { enabled: false }, mmapv1: { preallocDataFiles: false, smallFiles: true }, syncPeriodSecs: 0.0 } }
2017-10-28 15:45:32.240  INFO 1147 --- [       Thread-8] o.s.b.a.mongo.embedded.EmbeddedMongo     : 2017-10-28T15:45:32.240+0100 I STORAGE  [initandlisten] wiredtiger_open config: create,cache_size=4G,session_max=20000,eviction=(threads_max=4),config_base=false,statistics=(fast),log=(enabled=true,archive=true,path=journal,compressor=snappy),file_manager=(close_idle_time=100000),checkpoint=(wait=0,log_size=2GB),statistics_log=(wait=0),,log=(enabled=false),
2017-10-28 15:45:36.650  INFO 1147 --- [       Thread-8] o.s.b.a.mongo.embedded.EmbeddedMongo     : 2017-10-28T15:45:36.650+0100 W STORAGE  [initandlisten] Detected configuration for non-active storage engine mmapv1 when current storage engine is wiredTiger
2017-10-28 15:45:36.651  INFO 1147 --- [       Thread-8] o.s.b.a.mongo.embedded.EmbeddedMongo     : 2017-10-28T15:45:36.650+0100 I FTDC     [initandlisten] Initializing full-time diagnostic data capture with directory '/var/folders/r8/v7s8yy5x5t18vs6q6qbp6xp40000gn/T/embedmongo-db-174dfbf8-2b44-4142-a639-426175c6085e/diagnostic.data'
2017-10-28 15:45:36.651  INFO 1147 --- [       Thread-8] o.s.b.a.mongo.embedded.EmbeddedMongo     : 2017-10-28T15:45:36.651+0100 I NETWORK  [HostnameCanonicalizationWorker] Starting hostname canonicalization worker
2017-10-28 15:45:38.441  INFO 1147 --- [       Thread-8] o.s.b.a.mongo.embedded.EmbeddedMongo     : 2017-10-28T15:45:38.441+0100 I NETWORK  [initandlisten] waiting for connections on port 53270
2017-10-28 15:45:38.442  INFO 1147 --- [    Test worker] d.f.embed.process.runtime.Executable     : start de.flapdoodle.embed.mongo.config.MongodConfigBuilder$ImmutableMongodConfig@7b835db
2017-10-28 15:45:38.798  INFO 1147 --- [    Test worker] org.mongodb.driver.cluster               : Cluster created with settings {hosts=[localhost:53270], mode=MULTIPLE, requiredClusterType=UNKNOWN, serverSelectionTimeout='30000 ms', maxWaitQueueSize=500}
2017-10-28 15:45:38.798  INFO 1147 --- [    Test worker] org.mongodb.driver.cluster               : Adding discovered server localhost:53270 to client view of cluster
2017-10-28 15:45:38.884  INFO 1147 --- [       Thread-8] o.s.b.a.mongo.embedded.EmbeddedMongo     : 2017-10-28T15:45:38.879+0100 I NETWORK  [initandlisten] connection accepted from 127.0.0.1:53273 #1 (1 connection now open)
2017-10-28 15:45:38.921  INFO 1147 --- [localhost:53270] org.mongodb.driver.connection            : Opened connection [connectionId{localValue:1, serverValue:1}] to localhost:53270
2017-10-28 15:45:38.926  INFO 1147 --- [localhost:53270] org.mongodb.driver.cluster               : Monitor thread successfully connected to server with description ServerDescription{address=localhost:53270, type=STANDALONE, state=CONNECTED, ok=true, version=ServerVersion{versionList=[3, 2, 2]}, minWireVersion=0, maxWireVersion=4, maxDocumentSize=16777216, roundTripTimeNanos=1849018}
2017-10-28 15:45:38.928  INFO 1147 --- [localhost:53270] org.mongodb.driver.cluster               : Discovered cluster type of STANDALONE
2017-10-28 15:45:40.560  INFO 1147 --- [    Test worker] o.s.s.web.DefaultSecurityFilterChain     : Creating filter chain: org.springframework.security.web.util.matcher.AnyRequestMatcher@1, [org.springframework.security.web.context.request.async.WebAsyncManagerIntegrationFilter@622405ff, org.springframework.security.web.context.SecurityContextPersistenceFilter@38ad54dc, org.springframework.security.web.header.HeaderWriterFilter@1d27c61a, org.springframework.security.web.authentication.logout.LogoutFilter@4034232a, org.springframework.security.web.authentication.www.BasicAuthenticationFilter@4533e676, org.springframework.security.web.savedrequest.RequestCacheAwareFilter@3d18ab3a, org.springframework.security.web.servletapi.SecurityContextHolderAwareRequestFilter@d70db57, org.springframework.security.web.authentication.AnonymousAuthenticationFilter@25627ad4, org.springframework.security.web.session.SessionManagementFilter@ac5907, org.springframework.security.web.access.ExceptionTranslationFilter@30cd5b8f, org.springframework.security.web.access.intercept.FilterSecurityInterceptor@264ead44]
2017-10-28 15:45:40.944  INFO 1147 --- [    Test worker] o.s.b.t.m.w.SpringBootMockServletContext : Initializing Spring FrameworkServlet ''
2017-10-28 15:45:40.944  INFO 1147 --- [    Test worker] o.s.t.web.servlet.TestDispatcherServlet  : FrameworkServlet '': initialization started
2017-10-28 15:45:41.056  INFO 1147 --- [    Test worker] s.w.s.m.m.a.RequestMappingHandlerMapping : Mapped "{[/api/cadastrar-pf],methods=[POST]}" onto public org.springframework.http.ResponseEntity<com.kazale.pontointeligente.response.Response<com.kazale.pontointeligente.dtos.CadastroPFDto>> com.kazale.pontointeligente.controllers.CadastroPFController.cadastrar(com.kazale.pontointeligente.dtos.CadastroPFDto,org.springframework.validation.BindingResult)
2017-10-28 15:45:41.059  INFO 1147 --- [    Test worker] s.w.s.m.m.a.RequestMappingHandlerMapping : Mapped "{[/api/cadastrar-pj],methods=[POST]}" onto public org.springframework.http.ResponseEntity<com.kazale.pontointeligente.response.Response<com.kazale.pontointeligente.dtos.CadastroPJDto>> com.kazale.pontointeligente.controllers.CadastroPJController.cadastrar(com.kazale.pontointeligente.dtos.CadastroPJDto,org.springframework.validation.BindingResult)
2017-10-28 15:45:41.063  INFO 1147 --- [    Test worker] s.w.s.m.m.a.RequestMappingHandlerMapping : Mapped "{[/api/empresas/cnpj/{cnpj}],methods=[GET]}" onto public org.springframework.http.ResponseEntity<com.kazale.pontointeligente.response.Response<com.kazale.pontointeligente.dtos.EmpresaDto>> com.kazale.pontointeligente.controllers.EmpresaController.buscarPorCnpj(java.lang.String)
2017-10-28 15:45:41.066  INFO 1147 --- [    Test worker] s.w.s.m.m.a.RequestMappingHandlerMapping : Mapped "{[/api/funcionarios/{id}],methods=[PUT]}" onto public org.springframework.http.ResponseEntity<com.kazale.pontointeligente.response.Response<com.kazale.pontointeligente.dtos.FuncionarioDto>> com.kazale.pontointeligente.controllers.FuncionarioController.atualizar(java.lang.String,com.kazale.pontointeligente.dtos.FuncionarioDto,org.springframework.validation.BindingResult)
2017-10-28 15:45:41.072  INFO 1147 --- [    Test worker] s.w.s.m.m.a.RequestMappingHandlerMapping : Mapped "{[/api/lancamentos/{id}],methods=[DELETE]}" onto public org.springframework.http.ResponseEntity<com.kazale.pontointeligente.response.Response<java.lang.String>> com.kazale.pontointeligente.controllers.LancamentoController.remover(java.lang.String)
2017-10-28 15:45:41.073  INFO 1147 --- [    Test worker] s.w.s.m.m.a.RequestMappingHandlerMapping : Mapped "{[/api/lancamentos],methods=[POST]}" onto public org.springframework.http.ResponseEntity<com.kazale.pontointeligente.response.Response<com.kazale.pontointeligente.dtos.LancamentoDto>> com.kazale.pontointeligente.controllers.LancamentoController.adicionar(com.kazale.pontointeligente.dtos.LancamentoDto,org.springframework.validation.BindingResult)
2017-10-28 15:45:41.075  INFO 1147 --- [    Test worker] s.w.s.m.m.a.RequestMappingHandlerMapping : Mapped "{[/api/lancamentos/{id}],methods=[GET]}" onto public org.springframework.http.ResponseEntity<com.kazale.pontointeligente.response.Response<com.kazale.pontointeligente.dtos.LancamentoDto>> com.kazale.pontointeligente.controllers.LancamentoController.listarPorId(java.lang.String)
2017-10-28 15:45:41.077  INFO 1147 --- [    Test worker] s.w.s.m.m.a.RequestMappingHandlerMapping : Mapped "{[/api/lancamentos/funcionario/{funcionarioId}],methods=[GET]}" onto public org.springframework.http.ResponseEntity<com.kazale.pontointeligente.response.Response<org.springframework.data.domain.Page<com.kazale.pontointeligente.dtos.LancamentoDto>>> com.kazale.pontointeligente.controllers.LancamentoController.listarPorFuncionarioId(java.lang.String,int,java.lang.String,java.lang.String)
2017-10-28 15:45:41.078  INFO 1147 --- [    Test worker] s.w.s.m.m.a.RequestMappingHandlerMapping : Mapped "{[/api/lancamentos/{id}],methods=[PUT]}" onto public org.springframework.http.ResponseEntity<com.kazale.pontointeligente.response.Response<com.kazale.pontointeligente.dtos.LancamentoDto>> com.kazale.pontointeligente.controllers.LancamentoController.atualizar(java.lang.String,com.kazale.pontointeligente.dtos.LancamentoDto,org.springframework.validation.BindingResult)
2017-10-28 15:45:41.082  INFO 1147 --- [    Test worker] s.w.s.m.m.a.RequestMappingHandlerMapping : Mapped "{[/error]}" onto public org.springframework.http.ResponseEntity<java.util.Map<java.lang.String, java.lang.Object>> org.springframework.boot.autoconfigure.web.BasicErrorController.error(javax.servlet.http.HttpServletRequest)
2017-10-28 15:45:41.084  INFO 1147 --- [    Test worker] s.w.s.m.m.a.RequestMappingHandlerMapping : Mapped "{[/error],produces=[text/html]}" onto public org.springframework.web.servlet.ModelAndView org.springframework.boot.autoconfigure.web.BasicErrorController.errorHtml(javax.servlet.http.HttpServletRequest,javax.servlet.http.HttpServletResponse)
2017-10-28 15:45:41.232  INFO 1147 --- [    Test worker] o.s.w.s.handler.SimpleUrlHandlerMapping  : Mapped URL path [/webjars/**] onto handler of type [class org.springframework.web.servlet.resource.ResourceHttpRequestHandler]
2017-10-28 15:45:41.232  INFO 1147 --- [    Test worker] o.s.w.s.handler.SimpleUrlHandlerMapping  : Mapped URL path [/**] onto handler of type [class org.springframework.web.servlet.resource.ResourceHttpRequestHandler]
2017-10-28 15:45:41.304  INFO 1147 --- [    Test worker] o.s.w.s.handler.SimpleUrlHandlerMapping  : Mapped URL path [/**/favicon.ico] onto handler of type [class org.springframework.web.servlet.resource.ResourceHttpRequestHandler]
2017-10-28 15:45:41.806  INFO 1147 --- [    Test worker] s.w.s.m.m.a.RequestMappingHandlerAdapter : Looking for @ControllerAdvice: org.springframework.web.context.support.GenericWebApplicationContext@5013574f: startup date [Sat Oct 28 15:45:26 BST 2017]; root of context hierarchy
2017-10-28 15:45:42.026  INFO 1147 --- [    Test worker] o.s.t.web.servlet.TestDispatcherServlet  : FrameworkServlet '': initialization completed in 1082 ms
2017-10-28 15:45:42.459  INFO 1147 --- [       Thread-8] o.s.b.a.mongo.embedded.EmbeddedMongo     : 2017-10-28T15:45:42.458+0100 I NETWORK  [initandlisten] connection accepted from 127.0.0.1:53274 #2 (2 connections now open)
2017-10-28 15:45:42.462  INFO 1147 --- [    Test worker] org.mongodb.driver.connection            : Opened connection [connectionId{localValue:2, serverValue:2}] to localhost:53270
2017-10-28 15:45:42.670  INFO 1147 --- [       Thread-8] o.s.b.a.mongo.embedded.EmbeddedMongo     : 2017-10-28T15:45:42.670+0100 I COMMAND  [conn2] command curso-kotlin.$cmd command: delete { delete: "empresa", ordered: false, deletes: [ { q: {}, limit: 0 } ] } keyUpdates:0 writeConflicts:0 numYields:0 reslen:40 locks:{ Global: { acquireCount: { r: 1, w: 1 } }, Database: { acquireCount: { w: 1 } } } protocol:op_query 185ms
2017-10-28 15:45:44.578  INFO 1147 --- [       Thread-8] o.s.b.a.mongo.embedded.EmbeddedMongo     : 2017-10-28T15:45:44.578+0100 I COMMAND  [conn2] command curso-kotlin.empresa command: insert { insert: "empresa", ordered: true, documents: [ { _id: ObjectId('59f49816e3f849047b31f3b2'), _class: "com.kazale.pontointeligente.documents.Empresa", razaoSocial: "Empresa", cnpj: "10443887000146" } ] } ninserted:1 keyUpdates:0 writeConflicts:0 numYields:0 reslen:40 locks:{ Global: { acquireCount: { r: 2, w: 2 } }, Database: { acquireCount: { w: 1, W: 1 } }, Collection: { acquireCount: { W: 1 } } } protocol:op_query 1865ms
2017-10-28 15:45:48.091  INFO 1147 --- [       Thread-8] o.s.b.a.mongo.embedded.EmbeddedMongo     : 2017-10-28T15:45:48.091+0100 I COMMAND  [conn2] command curso-kotlin.funcionario command: insert { insert: "funcionario", ordered: true, documents: [ { _id: ObjectId('59f49818e3f849047b31f3b3'), _class: "com.kazale.pontointeligente.documents.Funcionario", nome: "Admin", email: "admin@empresa.com", senha: "$2a$10$7UvvzTdJwn38aNRDetRA0.iyRP3.NBK6aowxr0neBlnSFBXa4TZ42", cpf: "25708317000", perfil: "ROLE_ADMIN", empresaId: "59f49816e3f849047b31f3b2", valorHora: 0.0, qtdHorasTrabalhoDia: 0.0, qtdHorasAlmoco: 0.0 } ] } ninserted:1 keyUpdates:0 writeConflicts:0 numYields:0 reslen:40 locks:{ Global: { acquireCount: { r: 2, w: 2 } }, Database: { acquireCount: { w: 1, W: 1 } }, Collection: { acquireCount: { w: 1, W: 1 } } } protocol:op_query 3400ms
Empresa ID: 59f49816e3f849047b31f3b2
Admin ID: 59f49818e3f849047b31f3b3
Funcionario ID: 59f4981ce3f849047b31f3b4
2017-10-28 15:45:48.186  INFO 1147 --- [    Test worker] c.k.p.c.LancamentoControllerTest         : Started LancamentoControllerTest in 21.996 seconds (JVM running for 23.572)
]]></system-out>
  <system-err><![CDATA[]]></system-err>
</testsuite>
